DEB [20161229-15:22:45.848] thr=1   paramiko.transport: starting thread (client mode): 0x282bcd0L
INF [20161229-15:22:45.849] thr=1   paramiko.transport: Connected (version 2.0, client OpenSSH_4.3)
DEB [20161229-15:22:45.851] thr=2   paramiko.transport: starting thread (client mode): 0x282bf50L
INF [20161229-15:22:45.852] thr=2   paramiko.transport: Connected (version 2.0, client OpenSSH_4.3)
DEB [20161229-15:22:45.853] thr=3   paramiko.transport: starting thread (client mode): 0x2830fd0L
INF [20161229-15:22:45.853] thr=3   paramiko.transport: Connected (version 2.0, client OpenSSH_4.3)
DEB [20161229-15:22:45.855] thr=4   paramiko.transport: starting thread (client mode): 0x2830b90L
INF [20161229-15:22:45.855] thr=4   paramiko.transport: Connected (version 2.0, client OpenSSH_4.3)
DEB [20161229-15:22:45.858] thr=5   paramiko.transport: starting thread (client mode): 0x2830650L
INF [20161229-15:22:45.858] thr=5   paramiko.transport: Connected (version 2.0, client OpenSSH_6.4)
DEB [20161229-15:22:45.860] thr=6   paramiko.transport: starting thread (client mode): 0x282bb50L
INF [20161229-15:22:45.860] thr=6   paramiko.transport: Connected (version 2.0, client OpenSSH_4.3)
DEB [20161229-15:22:45.861] thr=1   paramiko.transport: kex algos:['diffie-hellman-group-exchange-sha1', 'diffie-hellman-group14-sha1', 'diffie-hellman-group1-sha1'] server key:['ssh-rsa', 'ssh-dss'] client encrypt:['aes128-cbc', '3des-cbc', 'blowfish-cbc', 'cast128-cbc', 'arcfour128', 'arcfour256', 'arcfour', 'aes192-cbc', 'aes256-cbc', 'rijndael-cbc@lysator.liu.se', 'aes128-ctr', 'aes192-ctr', 'aes256-ctr'] server encrypt:['aes128-cbc', '3des-cbc', 'blowfish-cbc', 'cast128-cbc', 'arcfour128', 'arcfour256', 'arcfour', 'aes192-cbc', 'aes256-cbc', 'rijndael-cbc@lysator.liu.se', 'aes128-ctr', 'aes192-ctr', 'aes256-ctr'] client mac:['hmac-md5', 'hmac-sha1', 'hmac-ripemd160', 'hmac-ripemd160@openssh.com', 'hmac-sha1-96', 'hmac-md5-96'] server mac:['hmac-md5', 'hmac-sha1', 'hmac-ripemd160', 'hmac-ripemd160@openssh.com', 'hmac-sha1-96', 'hmac-md5-96'] client compress:['none', 'zlib@openssh.com'] server compress:['none', 'zlib@openssh.com'] client lang:[''] server lang:[''] kex follows?False
DEB [20161229-15:22:45.861] thr=1   paramiko.transport: Ciphers agreed: local=aes128-ctr, remote=aes128-ctr
DEB [20161229-15:22:45.862] thr=1   paramiko.transport: using kex diffie-hellman-group1-sha1; server key type ssh-rsa; cipher: local aes128-ctr, remote aes128-ctr; mac: local hmac-sha1, remote hmac-sha1; compression: local zlib@openssh.com, remote zlib@openssh.com
DEB [20161229-15:22:45.862] thr=2   paramiko.transport: kex algos:['diffie-hellman-group-exchange-sha1', 'diffie-hellman-group14-sha1', 'diffie-hellman-group1-sha1'] server key:['ssh-rsa', 'ssh-dss'] client encrypt:['aes128-cbc', '3des-cbc', 'blowfish-cbc', 'cast128-cbc', 'arcfour128', 'arcfour256', 'arcfour', 'aes192-cbc', 'aes256-cbc', 'rijndael-cbc@lysator.liu.se', 'aes128-ctr', 'aes192-ctr', 'aes256-ctr'] server encrypt:['aes128-cbc', '3des-cbc', 'blowfish-cbc', 'cast128-cbc', 'arcfour128', 'arcfour256', 'arcfour', 'aes192-cbc', 'aes256-cbc', 'rijndael-cbc@lysator.liu.se', 'aes128-ctr', 'aes192-ctr', 'aes256-ctr'] client mac:['hmac-md5', 'hmac-sha1', 'hmac-ripemd160', 'hmac-ripemd160@openssh.com', 'hmac-sha1-96', 'hmac-md5-96'] server mac:['hmac-md5', 'hmac-sha1', 'hmac-ripemd160', 'hmac-ripemd160@openssh.com', 'hmac-sha1-96', 'hmac-md5-96'] client compress:['none', 'zlib@openssh.com'] server compress:['none', 'zlib@openssh.com'] client lang:[''] server lang:[''] kex follows?False
DEB [20161229-15:22:45.862] thr=3   paramiko.transport: kex algos:['diffie-hellman-group-exchange-sha1', 'diffie-hellman-group14-sha1', 'diffie-hellman-group1-sha1'] server key:['ssh-rsa', 'ssh-dss'] client encrypt:['aes128-cbc', '3des-cbc', 'blowfish-cbc', 'cast128-cbc', 'arcfour128', 'arcfour256', 'arcfour', 'aes192-cbc', 'aes256-cbc', 'rijndael-cbc@lysator.liu.se', 'aes128-ctr', 'aes192-ctr', 'aes256-ctr'] server encrypt:['aes128-cbc', '3des-cbc', 'blowfish-cbc', 'cast128-cbc', 'arcfour128', 'arcfour256', 'arcfour', 'aes192-cbc', 'aes256-cbc', 'rijndael-cbc@lysator.liu.se', 'aes128-ctr', 'aes192-ctr', 'aes256-ctr'] client mac:['hmac-md5', 'hmac-sha1', 'hmac-ripemd160', 'hmac-ripemd160@openssh.com', 'hmac-sha1-96', 'hmac-md5-96'] server mac:['hmac-md5', 'hmac-sha1', 'hmac-ripemd160', 'hmac-ripemd160@openssh.com', 'hmac-sha1-96', 'hmac-md5-96'] client compress:['none', 'zlib@openssh.com'] server compress:['none', 'zlib@openssh.com'] client lang:[''] server lang:[''] kex follows?False
DEB [20161229-15:22:45.863] thr=2   paramiko.transport: Ciphers agreed: local=aes128-ctr, remote=aes128-ctr
DEB [20161229-15:22:45.863] thr=3   paramiko.transport: Ciphers agreed: local=aes128-ctr, remote=aes128-ctr
DEB [20161229-15:22:45.863] thr=2   paramiko.transport: using kex diffie-hellman-group1-sha1; server key type ssh-rsa; cipher: local aes128-ctr, remote aes128-ctr; mac: local hmac-sha1, remote hmac-sha1; compression: local zlib@openssh.com, remote zlib@openssh.com
DEB [20161229-15:22:45.863] thr=3   paramiko.transport: using kex diffie-hellman-group1-sha1; server key type ssh-rsa; cipher: local aes128-ctr, remote aes128-ctr; mac: local hmac-sha1, remote hmac-sha1; compression: local zlib@openssh.com, remote zlib@openssh.com
DEB [20161229-15:22:45.864] thr=4   paramiko.transport: kex algos:['diffie-hellman-group-exchange-sha1', 'diffie-hellman-group14-sha1', 'diffie-hellman-group1-sha1'] server key:['ssh-rsa', 'ssh-dss'] client encrypt:['aes128-cbc', '3des-cbc', 'blowfish-cbc', 'cast128-cbc', 'arcfour128', 'arcfour256', 'arcfour', 'aes192-cbc', 'aes256-cbc', 'rijndael-cbc@lysator.liu.se', 'aes128-ctr', 'aes192-ctr', 'aes256-ctr'] server encrypt:['aes128-cbc', '3des-cbc', 'blowfish-cbc', 'cast128-cbc', 'arcfour128', 'arcfour256', 'arcfour', 'aes192-cbc', 'aes256-cbc', 'rijndael-cbc@lysator.liu.se', 'aes128-ctr', 'aes192-ctr', 'aes256-ctr'] client mac:['hmac-md5', 'hmac-sha1', 'hmac-ripemd160', 'hmac-ripemd160@openssh.com', 'hmac-sha1-96', 'hmac-md5-96'] server mac:['hmac-md5', 'hmac-sha1', 'hmac-ripemd160', 'hmac-ripemd160@openssh.com', 'hmac-sha1-96', 'hmac-md5-96'] client compress:['none', 'zlib@openssh.com'] server compress:['none', 'zlib@openssh.com'] client lang:[''] server lang:[''] kex follows?False
DEB [20161229-15:22:45.864] thr=4   paramiko.transport: Ciphers agreed: local=aes128-ctr, remote=aes128-ctr
DEB [20161229-15:22:45.865] thr=5   paramiko.transport: kex algos:['ecdh-sha2-nistp256', 'ecdh-sha2-nistp384', 'ecdh-sha2-nistp521', 'diffie-hellman-group-exchange-sha256', 'diffie-hellman-group-exchange-sha1', 'diffie-hellman-group14-sha1', 'diffie-hellman-group1-sha1'] server key:['ssh-rsa', 'ecdsa-sha2-nistp256'] client encrypt:['aes128-ctr', 'aes192-ctr', 'aes256-ctr', 'arcfour256', 'arcfour128', 'aes128-gcm@openssh.com', 'aes256-gcm@openssh.com', 'aes128-cbc', '3des-cbc', 'blowfish-cbc', 'cast128-cbc', 'aes192-cbc', 'aes256-cbc', 'arcfour', 'rijndael-cbc@lysator.liu.se'] server encrypt:['aes128-ctr', 'aes192-ctr', 'aes256-ctr', 'arcfour256', 'arcfour128', 'aes128-gcm@openssh.com', 'aes256-gcm@openssh.com', 'aes128-cbc', '3des-cbc', 'blowfish-cbc', 'cast128-cbc', 'aes192-cbc', 'aes256-cbc', 'arcfour', 'rijndael-cbc@lysator.liu.se'] client mac:['hmac-md5-etm@openssh.com', 'hmac-sha1-etm@openssh.com', 'umac-64-etm@openssh.com', 'umac-128-etm@openssh.com', 'hmac-sha2-256-etm@openssh.com', 'hmac-sha2-512-etm@openssh.com', 'hmac-ripemd160-etm@openssh.com', 'hmac-sha1-96-etm@openssh.com', 'hmac-md5-96-etm@openssh.com', 'hmac-md5', 'hmac-sha1', 'umac-64@openssh.com', 'umac-128@openssh.com', 'hmac-sha2-256', 'hmac-sha2-512', 'hmac-ripemd160', 'hmac-ripemd160@openssh.com', 'hmac-sha1-96', 'hmac-md5-96'] server mac:['hmac-md5-etm@openssh.com', 'hmac-sha1-etm@openssh.com', 'umac-64-etm@openssh.com', 'umac-128-etm@openssh.com', 'hmac-sha2-256-etm@openssh.com', 'hmac-sha2-512-etm@openssh.com', 'hmac-ripemd160-etm@openssh.com', 'hmac-sha1-96-etm@openssh.com', 'hmac-md5-96-etm@openssh.com', 'hmac-md5', 'hmac-sha1', 'umac-64@openssh.com', 'umac-128@openssh.com', 'hmac-sha2-256', 'hmac-sha2-512', 'hmac-ripemd160', 'hmac-ripemd160@openssh.com', 'hmac-sha1-96', 'hmac-md5-96'] client compress:['none', 'zlib@openssh.com'] server compress:['none', 'zlib@openssh.com'] client lang:[''] server lang:[''] kex follows?False
DEB [20161229-15:22:45.865] thr=4   paramiko.transport: using kex diffie-hellman-group1-sha1; server key type ssh-rsa; cipher: local aes128-ctr, remote aes128-ctr; mac: local hmac-sha1, remote hmac-sha1; compression: local zlib@openssh.com, remote zlib@openssh.com
DEB [20161229-15:22:45.865] thr=5   paramiko.transport: Ciphers agreed: local=aes128-ctr, remote=aes128-ctr
DEB [20161229-15:22:45.866] thr=5   paramiko.transport: using kex diffie-hellman-group1-sha1; server key type ssh-rsa; cipher: local aes128-ctr, remote aes128-ctr; mac: local hmac-sha1, remote hmac-sha1; compression: local zlib@openssh.com, remote zlib@openssh.com
DEB [20161229-15:22:45.873] thr=6   paramiko.transport: kex algos:['diffie-hellman-group-exchange-sha1', 'diffie-hellman-group14-sha1', 'diffie-hellman-group1-sha1'] server key:['ssh-rsa', 'ssh-dss'] client encrypt:['aes128-cbc', '3des-cbc', 'blowfish-cbc', 'cast128-cbc', 'arcfour128', 'arcfour256', 'arcfour', 'aes192-cbc', 'aes256-cbc', 'rijndael-cbc@lysator.liu.se', 'aes128-ctr', 'aes192-ctr', 'aes256-ctr'] server encrypt:['aes128-cbc', '3des-cbc', 'blowfish-cbc', 'cast128-cbc', 'arcfour128', 'arcfour256', 'arcfour', 'aes192-cbc', 'aes256-cbc', 'rijndael-cbc@lysator.liu.se', 'aes128-ctr', 'aes192-ctr', 'aes256-ctr'] client mac:['hmac-md5', 'hmac-sha1', 'hmac-ripemd160', 'hmac-ripemd160@openssh.com', 'hmac-sha1-96', 'hmac-md5-96'] server mac:['hmac-md5', 'hmac-sha1', 'hmac-ripemd160', 'hmac-ripemd160@openssh.com', 'hmac-sha1-96', 'hmac-md5-96'] client compress:['none', 'zlib@openssh.com'] server compress:['none', 'zlib@openssh.com'] client lang:[''] server lang:[''] kex follows?False
DEB [20161229-15:22:45.873] thr=6   paramiko.transport: Ciphers agreed: local=aes128-ctr, remote=aes128-ctr
DEB [20161229-15:22:45.873] thr=6   paramiko.transport: using kex diffie-hellman-group1-sha1; server key type ssh-rsa; cipher: local aes128-ctr, remote aes128-ctr; mac: local hmac-sha1, remote hmac-sha1; compression: local zlib@openssh.com, remote zlib@openssh.com
DEB [20161229-15:22:45.953] thr=2   paramiko.transport: Switch to new keys ...
DEB [20161229-15:22:45.955] thr=6   paramiko.transport: Switch to new keys ...
DEB [20161229-15:22:45.956] thr=4   paramiko.transport: Switch to new keys ...
DEB [20161229-15:22:45.957] thr=1   paramiko.transport: Switch to new keys ...
DEB [20161229-15:22:45.958] thr=5   paramiko.transport: Switch to new keys ...
DEB [20161229-15:22:45.970] thr=3   paramiko.transport: Switch to new keys ...
DEB [20161229-15:22:45.971] thr=7   paramiko.transport: Trying discovered key 08fb01de9a6cbcf4f0d48b4b655fb42b in /home/test/.ssh/id_rsa
DEB [20161229-15:22:45.973] thr=8   paramiko.transport: Trying discovered key 08fb01de9a6cbcf4f0d48b4b655fb42b in /home/test/.ssh/id_rsa
DEB [20161229-15:22:45.974] thr=9   paramiko.transport: Trying discovered key 08fb01de9a6cbcf4f0d48b4b655fb42b in /home/test/.ssh/id_rsa
DEB [20161229-15:22:45.975] thr=10  paramiko.transport: Adding ssh-rsa host key for 172.1.128.170: 14fe83788520557d51fe4ca96f39e163
DEB [20161229-15:22:45.976] thr=11  paramiko.transport: Trying discovered key 08fb01de9a6cbcf4f0d48b4b655fb42b in /home/test/.ssh/id_rsa
DEB [20161229-15:22:45.978] thr=12  paramiko.transport: Trying discovered key 08fb01de9a6cbcf4f0d48b4b655fb42b in /home/test/.ssh/id_rsa
DEB [20161229-15:22:45.979] thr=2   paramiko.transport: userauth is OK
DEB [20161229-15:22:45.980] thr=10  paramiko.transport: Trying discovered key 08fb01de9a6cbcf4f0d48b4b655fb42b in /home/test/.ssh/id_rsa
DEB [20161229-15:22:46.636] thr=6   paramiko.transport: userauth is OK
DEB [20161229-15:22:46.654] thr=1   paramiko.transport: userauth is OK
DEB [20161229-15:22:46.654] thr=3   paramiko.transport: userauth is OK
DEB [20161229-15:22:46.654] thr=5   paramiko.transport: userauth is OK
DEB [20161229-15:22:46.655] thr=4   paramiko.transport: userauth is OK
INF [20161229-15:22:49.351] thr=2   paramiko.transport: Authentication (publickey) successful!
INF [20161229-15:22:49.352] thr=1   paramiko.transport: Authentication (publickey) successful!
INF [20161229-15:22:49.352] thr=6   paramiko.transport: Authentication (publickey) successful!
INF [20161229-15:22:50.026] thr=3   paramiko.transport: Authentication (publickey) successful!
DEB [20161229-15:22:50.026] thr=1   paramiko.transport: Switching on outbound compression ...
DEB [20161229-15:22:50.026] thr=2   paramiko.transport: Switching on outbound compression ...
DEB [20161229-15:22:50.027] thr=6   paramiko.transport: Switching on outbound compression ...
DEB [20161229-15:22:50.028] thr=1   paramiko.transport: Switching on inbound compression ...
DEB [20161229-15:22:50.028] thr=2   paramiko.transport: Switching on inbound compression ...
DEB [20161229-15:22:50.027] thr=3   paramiko.transport: Switching on outbound compression ...
DEB [20161229-15:22:50.029] thr=6   paramiko.transport: Switching on inbound compression ...
DEB [20161229-15:22:50.030] thr=3   paramiko.transport: Switching on inbound compression ...
DEB [20161229-15:22:50.030] thr=9   paramiko.transport: [chan 1] Max packet in: 34816 bytes
DEB [20161229-15:22:50.031] thr=11  paramiko.transport: [chan 1] Max packet in: 34816 bytes
DEB [20161229-15:22:50.031] thr=8   paramiko.transport: [chan 1] Max packet in: 34816 bytes
INF [20161229-15:22:50.032] thr=4   paramiko.transport: Authentication (publickey) successful!
DEB [20161229-15:22:50.033] thr=4   paramiko.transport: Switching on outbound compression ...
DEB [20161229-15:22:50.033] thr=4   paramiko.transport: Switching on inbound compression ...
DEB [20161229-15:22:50.033] thr=7   paramiko.transport: [chan 1] Max packet in: 34816 bytes
DEB [20161229-15:22:50.034] thr=12  paramiko.transport: [chan 1] Max packet in: 34816 bytes
DEB [20161229-15:22:50.034] thr=1   paramiko.transport: [chan 1] Max packet out: 32768 bytes
DEB [20161229-15:22:50.035] thr=2   paramiko.transport: [chan 1] Max packet out: 32768 bytes
INF [20161229-15:22:50.036] thr=2   paramiko.transport: Secsh channel 1 opened.
DEB [20161229-15:22:50.035] thr=6   paramiko.transport: [chan 1] Max packet out: 32768 bytes
INF [20161229-15:22:50.036] thr=6   paramiko.transport: Secsh channel 1 opened.
INF [20161229-15:22:50.035] thr=1   paramiko.transport: Secsh channel 1 opened.
INF [20161229-15:22:50.037] thr=5   paramiko.transport: Authentication (publickey) successful!
DEB [20161229-15:22:50.038] thr=3   paramiko.transport: [chan 1] Max packet out: 32768 bytes
DEB [20161229-15:22:50.038] thr=5   paramiko.transport: Switching on outbound compression ...
DEB [20161229-15:22:50.038] thr=2   paramiko.transport: [chan 1] Sesch channel 1 request ok
INF [20161229-15:22:50.038] thr=3   paramiko.transport: Secsh channel 1 opened.
DEB [20161229-15:22:50.039] thr=5   paramiko.transport: Switching on inbound compression ...
DEB [20161229-15:22:50.042] thr=3   paramiko.transport: [chan 1] Sesch channel 1 request ok
DEB [20161229-15:22:50.043] thr=10  paramiko.transport: [chan 1] Max packet in: 34816 bytes
DEB [20161229-15:22:50.043] thr=1   paramiko.transport: [chan 1] Sesch channel 1 request ok
DEB [20161229-15:22:50.044] thr=6   paramiko.transport: [chan 1] Sesch channel 1 request ok
DEB [20161229-15:22:50.077] thr=2   paramiko.transport: [chan 1] EOF received (1)
DEB [20161229-15:22:50.078] thr=2   paramiko.transport: [chan 1] EOF sent (1)
DEB [20161229-15:22:50.083] thr=3   paramiko.transport: [chan 1] EOF received (1)
DEB [20161229-15:22:50.084] thr=3   paramiko.transport: [chan 1] EOF sent (1)
DEB [20161229-15:22:50.084] thr=1   paramiko.transport: [chan 1] EOF received (1)
DEB [20161229-15:22:50.085] thr=6   paramiko.transport: [chan 1] EOF received (1)
DEB [20161229-15:22:50.085] thr=1   paramiko.transport: [chan 1] EOF sent (1)
DEB [20161229-15:22:50.086] thr=6   paramiko.transport: [chan 1] EOF sent (1)
DEB [20161229-15:22:50.093] thr=4   paramiko.transport: [chan 1] Max packet out: 32768 bytes
INF [20161229-15:22:50.093] thr=4   paramiko.transport: Secsh channel 1 opened.
DEB [20161229-15:22:50.102] thr=4   paramiko.transport: [chan 1] Sesch channel 1 request ok
DEB [20161229-15:22:50.106] thr=9   paramiko.transport: [chan 2] Max packet in: 34816 bytes
DEB [20161229-15:22:50.110] thr=12  paramiko.transport: [chan 2] Max packet in: 34816 bytes
DEB [20161229-15:22:50.112] thr=8   paramiko.transport: [chan 2] Max packet in: 34816 bytes
DEB [20161229-15:22:50.118] thr=2   paramiko.transport: [chan 2] Max packet out: 32768 bytes
INF [20161229-15:22:50.118] thr=2   paramiko.transport: Secsh channel 2 opened.
DEB [20161229-15:22:50.123] thr=2   paramiko.transport: [chan 2] Sesch channel 2 request ok
DEB [20161229-15:22:50.123] thr=5   paramiko.transport: [chan 1] Max packet out: 32768 bytes
INF [20161229-15:22:50.124] thr=5   paramiko.transport: Secsh channel 1 opened.
DEB [20161229-15:22:50.125] thr=3   paramiko.transport: [chan 2] Max packet out: 32768 bytes
INF [20161229-15:22:50.125] thr=3   paramiko.transport: Secsh channel 2 opened.
DEB [20161229-15:22:50.126] thr=1   paramiko.transport: [chan 2] Max packet out: 32768 bytes
INF [20161229-15:22:50.126] thr=1   paramiko.transport: Secsh channel 2 opened.
DEB [20161229-15:22:50.128] thr=3   paramiko.transport: [chan 2] Sesch channel 2 request ok
DEB [20161229-15:22:50.129] thr=1   paramiko.transport: [chan 2] Sesch channel 2 request ok
DEB [20161229-15:22:50.142] thr=4   paramiko.transport: [chan 1] EOF received (1)
DEB [20161229-15:22:50.142] thr=4   paramiko.transport: [chan 1] EOF sent (1)
INF [20161229-15:22:50.147] thr=9   paramiko.transport.sftp: [chan 2] Opened sftp connection (server version 3)
DEB [20161229-15:22:50.147] thr=9   paramiko.transport.sftp: [chan 2] open('opt_map.24125.5', 'wb')
DEB [20161229-15:22:50.148] thr=5   paramiko.transport: [chan 1] Sesch channel 1 request ok
INF [20161229-15:22:50.148] thr=12  paramiko.transport.sftp: [chan 2] Opened sftp connection (server version 3)
DEB [20161229-15:22:50.149] thr=12  paramiko.transport.sftp: [chan 2] open('opt_map.24125.1', 'wb')
INF [20161229-15:22:50.149] thr=8   paramiko.transport.sftp: [chan 2] Opened sftp connection (server version 3)
DEB [20161229-15:22:50.150] thr=8   paramiko.transport.sftp: [chan 2] open('opt_map.24125.4', 'wb')
DEB [20161229-15:22:50.151] thr=9   paramiko.transport.sftp: [chan 2] open('opt_map.24125.5', 'wb') -> 00000000
DEB [20161229-15:22:50.152] thr=8   paramiko.transport.sftp: [chan 2] open('opt_map.24125.4', 'wb') -> 00000000
DEB [20161229-15:22:50.152] thr=12  paramiko.transport.sftp: [chan 2] open('opt_map.24125.1', 'wb') -> 00000000
DEB [20161229-15:22:50.153] thr=9   paramiko.transport.sftp: [chan 2] close(00000000)
DEB [20161229-15:22:50.153] thr=8   paramiko.transport.sftp: [chan 2] close(00000000)
DEB [20161229-15:22:50.154] thr=12  paramiko.transport.sftp: [chan 2] close(00000000)
DEB [20161229-15:22:50.156] thr=9   paramiko.transport.sftp: [chan 2] stat('opt_map.24125.5')
DEB [20161229-15:22:50.156] thr=8   paramiko.transport.sftp: [chan 2] stat('opt_map.24125.4')
DEB [20161229-15:22:50.157] thr=12  paramiko.transport.sftp: [chan 2] stat('opt_map.24125.1')
DEB [20161229-15:22:50.158] thr=9   paramiko.transport: [chan 3] Max packet in: 34816 bytes
DEB [20161229-15:22:50.159] thr=8   paramiko.transport: [chan 3] Max packet in: 34816 bytes
DEB [20161229-15:22:50.160] thr=2   paramiko.transport: [chan 3] Max packet out: 32768 bytes
INF [20161229-15:22:50.160] thr=2   paramiko.transport: Secsh channel 3 opened.
DEB [20161229-15:22:50.161] thr=12  paramiko.transport: [chan 3] Max packet in: 34816 bytes
DEB [20161229-15:22:50.162] thr=1   paramiko.transport: [chan 3] Max packet out: 32768 bytes
INF [20161229-15:22:50.162] thr=1   paramiko.transport: Secsh channel 3 opened.
DEB [20161229-15:22:50.163] thr=5   paramiko.transport: [chan 1] EOF received (1)
DEB [20161229-15:22:50.163] thr=3   paramiko.transport: [chan 3] Max packet out: 32768 bytes
INF [20161229-15:22:50.163] thr=3   paramiko.transport: Secsh channel 3 opened.
DEB [20161229-15:22:50.164] thr=5   paramiko.transport: [chan 1] EOF sent (1)
DEB [20161229-15:22:50.164] thr=2   paramiko.transport: [chan 3] Sesch channel 3 request ok
DEB [20161229-15:22:50.165] thr=1   paramiko.transport: [chan 3] Sesch channel 3 request ok
DEB [20161229-15:22:50.167] thr=3   paramiko.transport: [chan 3] Sesch channel 3 request ok
DEB [20161229-15:22:50.169] thr=10  paramiko.transport: [chan 2] Max packet in: 34816 bytes
DEB [20161229-15:22:50.172] thr=7   paramiko.transport: [chan 2] Max packet in: 34816 bytes
DEB [20161229-15:22:50.185] thr=4   paramiko.transport: [chan 2] Max packet out: 32768 bytes
INF [20161229-15:22:50.185] thr=4   paramiko.transport: Secsh channel 2 opened.
DEB [20161229-15:22:50.187] thr=6   paramiko.transport: EOF in transport thread
DEB [20161229-15:22:50.188] thr=4   paramiko.transport: [chan 2] Sesch channel 2 request ok
DEB [20161229-15:22:50.205] thr=5   paramiko.transport: [chan 2] Max packet out: 32768 bytes
INF [20161229-15:22:50.205] thr=5   paramiko.transport: Secsh channel 2 opened.
INF [20161229-15:22:50.208] thr=7   paramiko.transport.sftp: [chan 2] Opened sftp connection (server version 3)
DEB [20161229-15:22:50.208] thr=7   paramiko.transport.sftp: [chan 2] open('opt_map.24125.2', 'wb')
DEB [20161229-15:22:50.210] thr=7   paramiko.transport.sftp: [chan 2] open('opt_map.24125.2', 'wb') -> 00000000
DEB [20161229-15:22:50.210] thr=7   paramiko.transport.sftp: [chan 2] close(00000000)
DEB [20161229-15:22:50.213] thr=7   paramiko.transport.sftp: [chan 2] stat('opt_map.24125.2')
DEB [20161229-15:22:50.214] thr=7   paramiko.transport: [chan 3] Max packet in: 34816 bytes
DEB [20161229-15:22:50.215] thr=4   paramiko.transport: [chan 3] Max packet out: 32768 bytes
INF [20161229-15:22:50.215] thr=4   paramiko.transport: Secsh channel 3 opened.
DEB [20161229-15:22:50.217] thr=4   paramiko.transport: [chan 3] Sesch channel 3 request ok
DEB [20161229-15:22:50.235] thr=5   paramiko.transport: [chan 2] Sesch channel 2 request ok
DEB [20161229-15:22:50.349] thr=2   paramiko.transport: [chan 3] EOF received (3)
DEB [20161229-15:22:50.350] thr=2   paramiko.transport: [chan 3] EOF sent (3)
DEB [20161229-15:22:50.381] thr=5   paramiko.transport: [chan 2] EOF received (2)
DEB [20161229-15:22:50.381] thr=5   paramiko.transport: [chan 2] EOF sent (2)
DEB [20161229-15:22:50.407] thr=3   paramiko.transport: [chan 3] EOF received (3)
DEB [20161229-15:22:50.408] thr=3   paramiko.transport: [chan 3] EOF sent (3)
DEB [20161229-15:22:50.449] thr=4   paramiko.transport: [chan 3] EOF received (3)
DEB [20161229-15:22:50.449] thr=4   paramiko.transport: [chan 3] EOF sent (3)
DEB [20161229-15:22:50.450] thr=2   paramiko.transport: EOF in transport thread
DEB [20161229-15:22:50.482] thr=5   paramiko.transport: EOF in transport thread
DEB [20161229-15:22:50.508] thr=3   paramiko.transport: EOF in transport thread
DEB [20161229-15:22:50.550] thr=4   paramiko.transport: EOF in transport thread
DEB [20161229-15:23:05.025] thr=1   paramiko.transport: [chan 3] EOF received (3)
DEB [20161229-15:23:05.025] thr=1   paramiko.transport: [chan 3] EOF sent (3)
DEB [20161229-15:23:05.126] thr=1   paramiko.transport: EOF in transport thread
