Dec 09 15:44:02 mon-console console 0[32752]: event Ecall_Start 5 cmd="show"
Dec 09 15:44:08 mon-console console 0[335]: event Ecall_Start 5 cmd="execCmd"
Dec 09 15:44:08 mon-console console 0[335]: event Ecall_End 5 cmd="execCmd"
Dec 09 15:44:23 mon-console console 0[32752]: event Ecall_End 5 cmd="show"
Dec 09 15:46:41 mon-console console 0[690]: event Ecall_Start 5 cmd="show"
Dec 09 15:46:48 mon-console console 0[751]: event Ecall_Start 5 cmd="execCmd"
Dec 09 15:46:48 mon-console console 0[751]: event Ecall_End 5 cmd="execCmd"
Dec 09 15:47:02 mon-console console 0[690]: event Ecall_End 5 cmd="show"
Dec 09 16:30:42 mon-console console 0[5591]: event Ecall_Start 5 cmd="deployConsole"
Dec 09 16:30:53 mon-console console 0[5591]: event Ecall_End 5 cmd="deployConsole"
Dec 09 16:35:57 mon-console console 0[6140]: event Ecall_Start 5 cmd="show"
Dec 09 16:36:08 mon-console console 0[6140]: event Ecall_End 5 cmd="show"
Dec 09 16:36:44 mon-console console 0[6285]: event Ecall_Start 5 cmd="start"
Dec 09 16:36:55 mon-console console 0[6285]: event Ecall_End 5 cmd="start"
Dec 09 16:44:36 mon-console console 0[7155]: event Ecall_Start 5 cmd="info"
Dec 09 16:44:36 mon-console console 0[7155]: event Ecall_End 5 cmd="info"
Dec 09 16:45:26 mon-console console 0[7249]: event Ecall_Start 5 cmd="start"
Dec 09 16:45:32 mon-console console 0[7312]: event Ecall_Start 5 cmd="execCmd"
Dec 09 16:45:32 mon-console console 0[7312]: event Ecall_End 5 cmd="execCmd"
Dec 09 16:45:46 mon-console console 0[7249]: event Ecall_End 5 cmd="start"
Dec 09 16:48:21 mon-console console 0[7697]: event Ecall_Start 5 cmd="start"
Dec 09 16:48:28 mon-console console 0[7745]: event Ecall_Start 5 cmd="execCmd"
Dec 09 16:48:28 mon-console console 0[7745]: event Ecall_End 5 cmd="execCmd"
Dec 09 16:48:42 mon-console console 0[7697]: event Ecall_End 5 cmd="start"
Dec 09 16:53:18 mon-console console 0[8333]: event Ecall_Start 5 cmd="show"
Dec 09 16:53:24 mon-console console 0[8397]: event Ecall_Start 5 cmd="execCmd"
Dec 09 16:53:24 mon-console console 0[8397]: event Ecall_End 5 cmd="execCmd"
Dec 09 16:53:38 mon-console console 0[8333]: event Ecall_End 5 cmd="show"
Dec 09 16:54:01 mon-console console 0[8514]: event Ecall_Start 5 cmd="show"
Dec 09 16:54:07 mon-console console 0[8603]: event Ecall_Start 5 cmd="execCmd"
Dec 09 16:54:07 mon-console console 0[8603]: event Ecall_End 5 cmd="execCmd"
Dec 09 16:54:22 mon-console console 0[8514]: event Ecall_End 5 cmd="show"
Dec 09 17:04:50 mon-console console 0[9786]: event Ecall_Start 5 cmd="show"
Dec 09 17:04:56 mon-console console 0[9831]: event Ecall_Start 5 cmd="execCmd"
Dec 09 17:04:56 mon-console console 0[9831]: event Ecall_End 5 cmd="execCmd"
Dec 09 17:05:10 mon-console console 0[9786]: event Ecall_End 5 cmd="show"
Dec 09 17:05:23 mon-console console 0[9967]: event Ecall_Start 5 cmd="show"
Dec 09 17:05:29 mon-console console 0[10016]: event Ecall_Start 5 cmd="execCmd"
Dec 09 17:05:30 mon-console console 0[10016]: event Ecall_End 5 cmd="execCmd"
Dec 09 17:05:44 mon-console console 0[9967]: event Ecall_End 5 cmd="show"
Dec 09 17:12:21 mon-console console 0[10868]: event Ecall_Start 5 cmd="show"
Dec 09 17:12:27 mon-console console 0[10914]: event Ecall_Start 5 cmd="execCmd"
Dec 09 17:12:27 mon-console console 0[10914]: event Ecall_End 5 cmd="execCmd"
Dec 09 17:12:42 mon-console console 0[10868]: event Ecall_End 5 cmd="show"
Dec 09 17:14:13 mon-console console 0[11202]: event Ecall_Start 5 cmd="show"
Dec 09 17:14:20 mon-console console 0[11248]: event Ecall_Start 5 cmd="execCmd"
Dec 09 17:14:20 mon-console console 0[11248]: event Ecall_End 5 cmd="execCmd"
Dec 09 17:14:34 mon-console console 0[11202]: event Ecall_End 5 cmd="show"
Dec 12 09:07:48 mon-console console 0[25525]: event Ecall_Start 5 cmd="show"
Dec 12 09:07:54 mon-console console 0[25573]: event Ecall_Start 5 cmd="execCmd"
Dec 12 09:07:54 mon-console console 0[25573]: event Ecall_End 5 cmd="execCmd"
Dec 12 09:08:09 mon-console console 0[25525]: event Ecall_End 5 cmd="show"
Dec 12 09:09:21 mon-console console 0[25843]: event Ecall_Start 5 cmd="show"
Dec 12 09:09:27 mon-console console 0[25904]: event Ecall_Start 5 cmd="execCmd"
Dec 12 09:09:27 mon-console console 0[25904]: event Ecall_End 5 cmd="execCmd"
Dec 12 09:09:42 mon-console console 0[25843]: event Ecall_End 5 cmd="show"
Dec 12 09:14:17 mon-console console 0[26827]: event Ecall_Start 5 cmd="show"
Dec 12 09:14:23 mon-console console 0[26889]: event Ecall_Start 5 cmd="execCmd"
Dec 12 09:14:24 mon-console console 0[26889]: event Ecall_End 5 cmd="execCmd"
Dec 12 09:14:38 mon-console console 0[26827]: event Ecall_End 5 cmd="show"
Dec 12 09:17:24 mon-console console 0[27274]: event Ecall_Start 5 cmd="show"
Dec 12 09:17:30 mon-console console 0[27321]: event Ecall_Start 5 cmd="execCmd"
Dec 12 09:17:30 mon-console console 0[27321]: event Ecall_End 5 cmd="execCmd"
Dec 12 09:17:44 mon-console console 0[27274]: event Ecall_End 5 cmd="show"
Dec 12 09:20:06 mon-console console 0[28505]: event Ecall_Start 5 cmd="show"
Dec 12 09:20:12 mon-console console 0[28567]: event Ecall_Start 5 cmd="execCmd"
Dec 12 09:20:12 mon-console console 0[28567]: event Ecall_End 5 cmd="execCmd"
Dec 12 09:20:27 mon-console console 0[28505]: event Ecall_End 5 cmd="show"
Dec 12 09:29:05 mon-console console 0[29882]: event Ecall_Start 5 cmd="show"
Dec 12 09:29:11 mon-console console 0[29943]: event Ecall_Start 5 cmd="execCmd"
Dec 12 09:29:11 mon-console console 0[29943]: event Ecall_End 5 cmd="execCmd"
Dec 12 09:29:26 mon-console console 0[29882]: event Ecall_End 5 cmd="show"
Dec 12 09:30:43 mon-console console 0[30175]: event Ecall_Start 5 cmd="show"
Dec 12 09:30:49 mon-console console 0[30221]: event Ecall_Start 5 cmd="execCmd"
Dec 12 09:30:49 mon-console console 0[30221]: event Ecall_End 5 cmd="execCmd"
Dec 12 09:31:04 mon-console console 0[30175]: event Ecall_End 5 cmd="show"
Dec 12 09:33:33 mon-console console 0[30590]: event Ecall_Start 5 cmd="show"
Dec 12 09:33:39 mon-console console 0[30640]: event Ecall_Start 5 cmd="execCmd"
Dec 12 09:33:39 mon-console console 0[30640]: event Ecall_End 5 cmd="execCmd"
Dec 12 09:33:54 mon-console console 0[30590]: event Ecall_End 5 cmd="show"
Dec 12 09:40:39 mon-console console 0[31454]: event Ecall_Start 5 cmd="deployConsole"
Dec 12 09:40:45 mon-console console 0[31535]: event Ecall_Start 5 cmd="execCmd"
Dec 12 09:40:45 mon-console console 0[31535]: event Ecall_End 5 cmd="execCmd"
Dec 12 09:40:59 mon-console console 0[31454]: event Ecall_End 5 cmd="deployConsole"
Dec 12 09:41:25 mon-console console 0[31625]: event Ecall_Start 5 cmd="deployServer"
Dec 12 09:41:31 mon-console console 0[31685]: event Ecall_Start 5 cmd="execCmd"
Dec 12 09:41:32 mon-console console 0[31685]: event Ecall_End 5 cmd="execCmd"
Dec 12 09:41:50 mon-console console 0[31625]: event Ecall_End 5 cmd="deployServer"
Dec 12 09:42:39 mon-console console 0[31807]: event Ecall_Start 5 cmd="start"
Dec 12 09:42:45 mon-console console 0[31868]: event Ecall_Start 5 cmd="execCmd"
Dec 12 09:42:45 mon-console console 0[31868]: event Ecall_End 5 cmd="execCmd"
Dec 12 09:43:00 mon-console console 0[31807]: event Ecall_End 5 cmd="start"
Dec 12 09:43:16 mon-console console 0[32016]: event Ecall_Start 5 cmd="show"
Dec 12 09:43:22 mon-console console 0[32077]: event Ecall_Start 5 cmd="execCmd"
Dec 12 09:43:22 mon-console console 0[32077]: event Ecall_End 5 cmd="execCmd"
Dec 12 09:43:36 mon-console console 0[32016]: event Ecall_End 5 cmd="show"
Dec 12 09:55:02 mon-console console 0[966]: event Ecall_Start 5 cmd="show"
Dec 12 09:55:08 mon-console console 0[1012]: event Ecall_Start 5 cmd="execCmd"
Dec 12 09:55:08 mon-console console 0[1012]: event Ecall_End 5 cmd="execCmd"
Dec 12 09:55:22 mon-console console 0[966]: event Ecall_End 5 cmd="show"
Dec 12 10:36:02 mon-console console 0[5656]: event Ecall_Start 5 cmd="deployConsole"
Dec 12 10:36:08 mon-console console 0[5722]: event Ecall_Start 5 cmd="execCmd"
Dec 12 10:36:08 mon-console console 0[5722]: event Ecall_End 5 cmd="execCmd"
Dec 12 10:36:23 mon-console console 0[5656]: event Ecall_End 5 cmd="deployConsole"
Dec 12 10:36:36 mon-console console 0[5821]: event Ecall_Start 5 cmd="deployServer"
Dec 12 10:36:42 mon-console console 0[5882]: event Ecall_Start 5 cmd="execCmd"
Dec 12 10:36:43 mon-console console 0[5882]: event Ecall_End 5 cmd="execCmd"
Dec 12 10:37:03 mon-console console 0[5821]: event Ecall_End 5 cmd="deployServer"
Dec 12 10:37:37 mon-console console 0[5988]: event Ecall_Start 5 cmd="start"
Dec 12 10:37:43 mon-console console 0[6049]: event Ecall_Start 5 cmd="execCmd"
Dec 12 10:37:43 mon-console console 0[6049]: event Ecall_End 5 cmd="execCmd"
Dec 12 10:37:58 mon-console console 0[5988]: event Ecall_End 5 cmd="start"
Dec 12 10:38:15 mon-console console 0[6198]: event Ecall_Start 5 cmd="show"
Dec 12 10:38:19 mon-console console 0[6242]: event Ecall_Start 5 cmd="execCmd"
Dec 12 10:38:20 mon-console console 0[6242]: event Ecall_End 5 cmd="execCmd"
Dec 12 10:38:34 mon-console console 0[6198]: event Ecall_End 5 cmd="show"
Dec 12 10:43:07 mon-console console 0[6972]: event Ecall_Start 5 cmd="show"
Dec 12 10:43:13 mon-console console 0[7033]: event Ecall_Start 5 cmd="execCmd"
Dec 12 10:43:13 mon-console console 0[7033]: event Ecall_End 5 cmd="execCmd"
Dec 12 10:43:28 mon-console console 0[6972]: event Ecall_End 5 cmd="show"
Dec 12 10:44:15 mon-console console 0[7247]: event Ecall_Start 5 cmd="deployConsole"
Dec 12 10:44:21 mon-console console 0[7328]: event Ecall_Start 5 cmd="execCmd"
Dec 12 10:44:21 mon-console console 0[7328]: event Ecall_End 5 cmd="execCmd"
Dec 12 10:44:37 mon-console console 0[7247]: event Ecall_End 5 cmd="deployConsole"
Dec 12 10:45:36 mon-console console 0[7538]: event Ecall_Start 5 cmd="deployServer"
Dec 12 10:45:42 mon-console console 0[7599]: event Ecall_Start 5 cmd="execCmd"
Dec 12 10:45:42 mon-console console 0[7599]: event Ecall_End 5 cmd="execCmd"
Dec 12 10:46:18 mon-console console 0[7538]: event Ecall_End 5 cmd="deployServer"
Dec 12 10:46:28 mon-console console 0[7681]: event Ecall_Start 5 cmd="start"
Dec 12 10:46:34 mon-console console 0[7742]: event Ecall_Start 5 cmd="execCmd"
Dec 12 10:46:34 mon-console console 0[7742]: event Ecall_End 5 cmd="execCmd"
Dec 12 10:46:49 mon-console console 0[7681]: event Ecall_End 5 cmd="start"
Dec 12 10:47:10 mon-console console 0[7888]: event Ecall_Start 5 cmd="show"
Dec 12 10:47:16 mon-console console 0[7949]: event Ecall_Start 5 cmd="execCmd"
Dec 12 10:47:16 mon-console console 0[7949]: event Ecall_End 5 cmd="execCmd"
Dec 12 10:47:30 mon-console console 0[7888]: event Ecall_End 5 cmd="show"
Dec 12 10:49:35 mon-console console 0[8259]: event Ecall_Start 5 cmd="deployConsole"
Dec 12 10:49:41 mon-console console 0[8340]: event Ecall_Start 5 cmd="execCmd"
Dec 12 10:49:41 mon-console console 0[8340]: event Ecall_End 5 cmd="execCmd"
Dec 12 10:49:57 mon-console console 0[8259]: event Ecall_End 5 cmd="deployConsole"
Dec 12 10:50:21 mon-console console 0[8415]: event Ecall_Start 5 cmd="show"
Dec 12 10:50:25 mon-console console 0[8475]: event Ecall_Start 5 cmd="execCmd"
Dec 12 10:50:25 mon-console console 0[8475]: event Ecall_End 5 cmd="execCmd"
Dec 12 10:50:42 mon-console console 0[8415]: event Ecall_End 5 cmd="show"
Dec 12 10:52:34 mon-console console 0[8796]: event Ecall_Start 5 cmd="deployConsole"
Dec 12 10:52:40 mon-console console 0[8862]: event Ecall_Start 5 cmd="execCmd"
Dec 12 10:52:40 mon-console console 0[8862]: event Ecall_End 5 cmd="execCmd"
Dec 12 10:52:55 mon-console console 0[8796]: event Ecall_End 5 cmd="deployConsole"
Dec 12 10:53:14 mon-console console 0[8950]: event Ecall_Start 5 cmd="show"
Dec 12 10:53:20 mon-console console 0[8996]: event Ecall_Start 5 cmd="execCmd"
Dec 12 10:53:20 mon-console console 0[8996]: event Ecall_End 5 cmd="execCmd"
Dec 12 10:53:35 mon-console console 0[8950]: event Ecall_End 5 cmd="show"
Dec 12 10:56:15 mon-console console 0[9383]: event Ecall_Start 5 cmd="deployConsole"
Dec 12 10:56:21 mon-console console 0[9449]: event Ecall_Start 5 cmd="execCmd"
Dec 12 10:56:21 mon-console console 0[9449]: event Ecall_End 5 cmd="execCmd"
Dec 12 10:56:36 mon-console console 0[9383]: event Ecall_End 5 cmd="deployConsole"
Dec 12 10:56:38 mon-console console 0[9493]: event Ecall_Start 5 cmd="show"
Dec 12 10:56:44 mon-console console 0[9554]: event Ecall_Start 5 cmd="execCmd"
Dec 12 10:56:44 mon-console console 0[9554]: event Ecall_End 5 cmd="execCmd"
Dec 12 10:57:00 mon-console console 0[9493]: event Ecall_End 5 cmd="show"
Dec 12 11:04:49 mon-console console 0[10472]: event Ecall_Start 5 cmd="deployConsole"
Dec 12 11:04:55 mon-console console 0[10541]: event Ecall_Start 5 cmd="execCmd"
Dec 12 11:04:55 mon-console console 0[10541]: event Ecall_End 5 cmd="execCmd"
Dec 12 11:05:10 mon-console console 0[10472]: event Ecall_End 5 cmd="deployConsole"
Dec 12 11:06:15 mon-console console 0[10715]: event Ecall_Start 5 cmd="show"
Dec 12 11:06:21 mon-console console 0[10761]: event Ecall_Start 5 cmd="execCmd"
Dec 12 11:06:21 mon-console console 0[10761]: event Ecall_End 5 cmd="execCmd"
Dec 12 11:06:36 mon-console console 0[10715]: event Ecall_End 5 cmd="show"
Dec 12 11:10:07 mon-console console 0[11232]: event Ecall_Start 5 cmd="start"
Dec 12 11:10:13 mon-console console 0[11293]: event Ecall_Start 5 cmd="execCmd"
Dec 12 11:10:13 mon-console console 0[11293]: event Ecall_End 5 cmd="execCmd"
Dec 12 11:10:28 mon-console console 0[11232]: event Ecall_End 5 cmd="start"
Dec 12 12:23:13 mon-console console 0[19105]: event Ecall_Start 5 cmd="show"
Dec 12 12:23:19 mon-console console 0[19148]: event Ecall_Start 5 cmd="execCmd"
Dec 12 12:23:19 mon-console console 0[19148]: event Ecall_End 5 cmd="execCmd"
Dec 12 12:23:33 mon-console console 0[19105]: event Ecall_End 5 cmd="show"
Dec 12 13:09:52 mon-console console 0[24110]: event Ecall_Start 5 cmd="show"
Dec 12 13:09:58 mon-console console 0[24156]: event Ecall_Start 5 cmd="execCmd"
Dec 12 13:09:58 mon-console console 0[24156]: event Ecall_End 5 cmd="execCmd"
Dec 12 13:10:12 mon-console console 0[24110]: event Ecall_End 5 cmd="show"
Dec 12 13:12:52 mon-console console 0[24586]: event Ecall_Start 5 cmd="show"
Dec 12 13:12:58 mon-console console 0[24632]: event Ecall_Start 5 cmd="execCmd"
Dec 12 13:12:58 mon-console console 0[24632]: event Ecall_End 5 cmd="execCmd"
Dec 12 13:13:12 mon-console console 0[24586]: event Ecall_End 5 cmd="show"
Dec 12 13:23:26 mon-console console 0[25817]: event Ecall_Start 5 cmd="show"
Dec 12 13:23:32 mon-console console 0[25878]: event Ecall_Start 5 cmd="execCmd"
Dec 12 13:23:32 mon-console console 0[25878]: event Ecall_End 5 cmd="execCmd"
Dec 12 13:23:46 mon-console console 0[25817]: event Ecall_End 5 cmd="show"
Dec 12 13:27:39 mon-console console 0[26371]: event Ecall_Start 5 cmd="show"
Dec 12 13:27:45 mon-console console 0[26432]: event Ecall_Start 5 cmd="execCmd"
Dec 12 13:27:45 mon-console console 0[26432]: event Ecall_End 5 cmd="execCmd"
Dec 12 13:27:59 mon-console console 0[26371]: event Ecall_End 5 cmd="show"
Dec 12 13:37:23 mon-console console 0[27511]: event Ecall_Start 5 cmd="show"
Dec 12 13:37:29 mon-console console 0[27557]: event Ecall_Start 5 cmd="execCmd"
Dec 12 13:37:29 mon-console console 0[27557]: event Ecall_End 5 cmd="execCmd"
Dec 12 13:37:43 mon-console console 0[27511]: event Ecall_End 5 cmd="show"
Dec 12 13:38:52 mon-console console 0[27773]: event Ecall_Start 5 cmd="show"
Dec 12 13:38:58 mon-console console 0[27823]: event Ecall_Start 5 cmd="execCmd"
Dec 12 13:38:58 mon-console console 0[27823]: event Ecall_End 5 cmd="execCmd"
Dec 12 13:39:12 mon-console console 0[27773]: event Ecall_End 5 cmd="show"
Dec 12 13:43:34 mon-console console 0[28401]: event Ecall_Start 5 cmd="show"
Dec 12 13:43:40 mon-console console 0[28447]: event Ecall_Start 5 cmd="execCmd"
Dec 12 13:43:40 mon-console console 0[28447]: event Ecall_End 5 cmd="execCmd"
Dec 12 13:43:55 mon-console console 0[28401]: event Ecall_End 5 cmd="show"
Dec 12 13:44:32 mon-console console 0[28632]: event Ecall_Start 5 cmd="show"
Dec 12 13:44:38 mon-console console 0[28679]: event Ecall_Start 5 cmd="execCmd"
Dec 12 13:44:38 mon-console console 0[28679]: event Ecall_End 5 cmd="execCmd"
Dec 12 13:44:53 mon-console console 0[28632]: event Ecall_End 5 cmd="show"
Dec 12 13:48:47 mon-console console 0[29186]: event Ecall_Start 5 cmd="show"
Dec 12 13:48:53 mon-console console 0[29235]: event Ecall_Start 5 cmd="execCmd"
Dec 12 13:48:53 mon-console console 0[29235]: event Ecall_End 5 cmd="execCmd"
Dec 12 13:49:07 mon-console console 0[29186]: event Ecall_End 5 cmd="show"
Dec 12 13:50:57 mon-console console 0[29531]: event Ecall_Start 5 cmd="show"
Dec 12 13:51:03 mon-console console 0[29618]: event Ecall_Start 5 cmd="execCmd"
Dec 12 13:51:03 mon-console console 0[29618]: event Ecall_End 5 cmd="execCmd"
Dec 12 13:51:18 mon-console console 0[29531]: event Ecall_End 5 cmd="show"
Dec 12 14:02:38 mon-console console 0[30882]: event Ecall_Start 5 cmd="deployConsole"
Dec 12 14:02:44 mon-console console 0[30964]: event Ecall_Start 5 cmd="execCmd"
Dec 12 14:02:44 mon-console console 0[30964]: event Ecall_End 5 cmd="execCmd"
Dec 12 14:02:59 mon-console console 0[30882]: event Ecall_End 5 cmd="deployConsole"
Dec 12 14:03:12 mon-console console 0[31039]: event Ecall_Start 5 cmd="show"
Dec 12 14:03:18 mon-console console 0[31085]: event Ecall_Start 5 cmd="execCmd"
Dec 12 14:03:18 mon-console console 0[31085]: event Ecall_End 5 cmd="execCmd"
Dec 12 14:03:33 mon-console console 0[31039]: event Ecall_End 5 cmd="show"
Dec 12 14:07:24 mon-console console 0[31595]: event Ecall_Start 5 cmd="deployConsole"
Dec 12 14:07:31 mon-console console 0[31661]: event Ecall_Start 5 cmd="execCmd"
Dec 12 14:07:31 mon-console console 0[31661]: event Ecall_End 5 cmd="execCmd"
Dec 12 14:07:45 mon-console console 0[31595]: event Ecall_End 5 cmd="deployConsole"
Dec 12 14:08:02 mon-console console 0[31714]: event Ecall_Start 5 cmd="show"
Dec 12 14:08:08 mon-console console 0[31797]: event Ecall_Start 5 cmd="execCmd"
Dec 12 14:08:08 mon-console console 0[31797]: event Ecall_End 5 cmd="execCmd"
Dec 12 14:08:22 mon-console console 0[31714]: event Ecall_End 5 cmd="show"
Dec 12 14:10:26 mon-console console 0[32103]: event Ecall_Start 5 cmd="show"
Dec 12 14:10:32 mon-console console 0[32164]: event Ecall_Start 5 cmd="execCmd"
Dec 12 14:10:32 mon-console console 0[32164]: event Ecall_End 5 cmd="execCmd"
Dec 12 14:10:46 mon-console console 0[32103]: event Ecall_End 5 cmd="show"
Dec 12 14:11:23 mon-console console 0[32333]: event Ecall_Start 5 cmd="show"
Dec 12 14:11:29 mon-console console 0[32379]: event Ecall_Start 5 cmd="execCmd"
Dec 12 14:11:29 mon-console console 0[32379]: event Ecall_End 5 cmd="execCmd"
Dec 12 14:11:43 mon-console console 0[32333]: event Ecall_End 5 cmd="show"
Dec 12 14:13:25 mon-console console 0[32662]: event Ecall_Start 5 cmd="show"
Dec 12 14:13:31 mon-console console 0[32708]: event Ecall_Start 5 cmd="execCmd"
Dec 12 14:13:31 mon-console console 0[32708]: event Ecall_End 5 cmd="execCmd"
Dec 12 14:13:45 mon-console console 0[32662]: event Ecall_End 5 cmd="show"
Dec 12 14:14:52 mon-console console 0[466]: event Ecall_Start 5 cmd="show"
Dec 12 14:14:58 mon-console console 0[513]: event Ecall_Start 5 cmd="execCmd"
Dec 12 14:14:58 mon-console console 0[513]: event Ecall_End 5 cmd="execCmd"
Dec 12 14:15:13 mon-console console 0[466]: event Ecall_End 5 cmd="show"
Dec 12 14:24:05 mon-console console 0[1597]: event Ecall_Start 5 cmd="show"
Dec 12 14:24:11 mon-console console 0[1659]: event Ecall_Start 5 cmd="execCmd"
Dec 12 14:24:11 mon-console console 0[1659]: event Ecall_End 5 cmd="execCmd"
Dec 12 14:24:26 mon-console console 0[1597]: event Ecall_End 5 cmd="show"
Dec 12 14:28:32 mon-console console 0[2198]: event Ecall_Start 5 cmd="show"
Dec 12 14:28:38 mon-console console 0[2244]: event Ecall_Start 5 cmd="execCmd"
Dec 12 14:28:38 mon-console console 0[2244]: event Ecall_End 5 cmd="execCmd"
Dec 12 14:28:52 mon-console console 0[2198]: event Ecall_End 5 cmd="show"
Dec 12 14:30:53 mon-console console 0[2571]: event Ecall_Start 5 cmd="show"
Dec 12 14:30:59 mon-console console 0[2617]: event Ecall_Start 5 cmd="execCmd"
Dec 12 14:31:00 mon-console console 0[2617]: event Ecall_End 5 cmd="execCmd"
Dec 12 14:31:13 mon-console console 0[2571]: event Ecall_End 5 cmd="show"
Dec 12 14:33:57 mon-console console 0[2996]: event Ecall_Start 5 cmd="show"
Dec 12 14:34:04 mon-console console 0[3083]: event Ecall_Start 5 cmd="execCmd"
Dec 12 14:34:04 mon-console console 0[3083]: event Ecall_End 5 cmd="execCmd"
Dec 12 14:34:18 mon-console console 0[2996]: event Ecall_End 5 cmd="show"
Dec 12 15:18:50 mon-console console 0[7926]: event Ecall_Start 5 cmd="deployConsole"
Dec 12 15:18:51 mon-console console 0[7926]: event Ecall_End 5 cmd="deployConsole"
Dec 12 15:19:24 mon-console console 0[8011]: event Ecall_Start 5 cmd="deployConsole"
Dec 12 15:19:31 mon-console console 0[8077]: event Ecall_Start 5 cmd="execCmd"
Dec 12 15:19:31 mon-console console 0[8077]: event Ecall_End 5 cmd="execCmd"
Dec 12 15:19:45 mon-console console 0[8011]: event Ecall_End 5 cmd="deployConsole"
Dec 12 15:25:37 mon-console console 0[8795]: event Ecall_Start 5 cmd="star"
Dec 12 15:25:43 mon-console console 0[8856]: event Ecall_Start 5 cmd="execCmd"
Dec 12 15:25:43 mon-console console 0[8856]: event Ecall_End 5 cmd="execCmd"
Dec 12 15:25:57 mon-console console 0[8795]: event Ecall_End 5 cmd="star"
Dec 12 15:26:30 mon-console console 0[8953]: event Ecall_Start 5 cmd="start--ctr"
Dec 12 15:26:30 mon-console console 0[8953]: event Ecall_End 5 cmd="start--ctr"
Dec 12 15:27:00 mon-console console 0[9004]: event Ecall_Start 5 cmd="start--ctr"
Dec 12 15:27:00 mon-console console 0[9004]: event Ecall_End 5 cmd="start--ctr"
Dec 12 15:27:54 mon-console console 0[9115]: event Ecall_Start 5 cmd="start"
Dec 12 15:28:00 mon-console console 0[9161]: event Ecall_Start 5 cmd="execCmd"
Dec 12 15:28:00 mon-console console 0[9161]: event Ecall_End 5 cmd="execCmd"
Dec 12 15:28:15 mon-console console 0[9115]: event Ecall_End 5 cmd="start"
Dec 12 15:31:58 mon-console console 0[9591]: event Ecall_Start 5 cmd="start"
Dec 12 15:32:04 mon-console console 0[9677]: event Ecall_Start 5 cmd="execCmd"
Dec 12 15:32:04 mon-console console 0[9677]: event Ecall_End 5 cmd="execCmd"
Dec 12 15:32:18 mon-console console 0[9591]: event Ecall_End 5 cmd="start"
Dec 12 15:32:38 mon-console console 0[9742]: event Ecall_Start 5 cmd="start"
Dec 12 15:32:44 mon-console console 0[9803]: event Ecall_Start 5 cmd="execCmd"
Dec 12 15:32:44 mon-console console 0[9803]: event Ecall_End 5 cmd="execCmd"
Dec 12 15:32:58 mon-console console 0[9742]: event Ecall_End 5 cmd="start"
Dec 12 15:33:48 mon-console console 0[9929]: event Ecall_Start 5 cmd="stop--ctr"
Dec 12 15:33:48 mon-console console 0[9929]: event Ecall_End 5 cmd="stop--ctr"
Dec 12 15:34:54 mon-console console 0[10053]: event Ecall_Start 5 cmd="stop--ctr"
Dec 12 15:34:54 mon-console console 0[10053]: event Ecall_End 5 cmd="stop--ctr"
Dec 12 15:36:54 mon-console console 0[10276]: event Ecall_Start 5 cmd="show"
Dec 12 15:37:00 mon-console console 0[10322]: event Ecall_Start 5 cmd="execCmd"
Dec 12 15:37:00 mon-console console 0[10322]: event Ecall_End 5 cmd="execCmd"
Dec 12 15:37:14 mon-console console 0[10276]: event Ecall_End 5 cmd="show"
Dec 12 15:38:37 mon-console console 0[10527]: event Ecall_Start 5 cmd="alive"
Dec 12 15:38:43 mon-console console 0[10588]: event Ecall_Start 5 cmd="execCmd"
Dec 12 15:38:43 mon-console console 0[10588]: event Ecall_End 5 cmd="execCmd"
Dec 12 15:38:58 mon-console console 0[10527]: event Ecall_End 5 cmd="alive"
Dec 12 15:42:51 mon-console console 0[11031]: event Ecall_Start 5 cmd="start--ctr"
Dec 12 15:42:51 mon-console console 0[11031]: event Ecall_End 5 cmd="start--ctr"
Dec 12 15:48:47 mon-console console 0[11665]: event Ecall_Start 5 cmd="start"
Dec 12 15:48:53 mon-console console 0[11715]: event Ecall_Start 5 cmd="execCmd"
Dec 12 15:48:53 mon-console console 0[11715]: event Ecall_End 5 cmd="execCmd"
Dec 12 15:49:08 mon-console console 0[11665]: event Ecall_End 5 cmd="start"
Dec 12 15:50:52 mon-console console 0[11939]: event Ecall_Start 5 cmd="start"
Dec 12 15:50:58 mon-console console 0[11985]: event Ecall_Start 5 cmd="execCmd"
Dec 12 15:50:58 mon-console console 0[11985]: event Ecall_End 5 cmd="execCmd"
Dec 12 15:51:13 mon-console console 0[11939]: event Ecall_End 5 cmd="start"
Dec 12 15:56:33 mon-console console 0[12602]: event Ecall_Start 5 cmd="info"
Dec 12 15:56:33 mon-console console 0[12602]: event Ecall_End 5 cmd="info"
Dec 12 15:59:16 mon-console console 0[12924]: event Ecall_Start 5 cmd="deployConsole"
Dec 12 15:59:22 mon-console console 0[13005]: event Ecall_Start 5 cmd="execCmd"
Dec 12 15:59:22 mon-console console 0[13005]: event Ecall_End 5 cmd="execCmd"
Dec 12 15:59:37 mon-console console 0[12924]: event Ecall_End 5 cmd="deployConsole"
Dec 12 16:00:06 mon-console console 0[13101]: event Ecall_Start 5 cmd="start"
Dec 12 16:00:12 mon-console console 0[13162]: event Ecall_Start 5 cmd="execCmd"
Dec 12 16:00:12 mon-console console 0[13162]: event Ecall_End 5 cmd="execCmd"
Dec 12 16:00:26 mon-console console 0[13101]: event Ecall_End 5 cmd="start"
Dec 12 16:26:11 mon-console console 0[16025]: event Ecall_Start 5 cmd="deployConsole"
Dec 12 16:26:17 mon-console console 0[16091]: event Ecall_Start 5 cmd="execCmd"
Dec 12 16:26:17 mon-console console 0[16091]: event Ecall_End 5 cmd="execCmd"
Dec 12 16:26:32 mon-console console 0[16025]: event Ecall_End 5 cmd="deployConsole"
Dec 12 16:44:17 mon-console console 0[18989]: event Ecall_Start 5 cmd="start"
Dec 12 16:44:23 mon-console console 0[19077]: event Ecall_Start 5 cmd="execCmd"
Dec 12 16:44:23 mon-console console 0[19077]: event Ecall_End 5 cmd="execCmd"
Dec 12 16:44:38 mon-console console 0[18989]: event Ecall_End 5 cmd="start"
Dec 12 17:01:10 mon-console console 0[20959]: event Ecall_Start 5 cmd="deployConsole"
Dec 12 17:01:16 mon-console console 0[21040]: event Ecall_Start 5 cmd="execCmd"
Dec 12 17:01:16 mon-console console 0[21040]: event Ecall_End 5 cmd="execCmd"
Dec 12 17:01:31 mon-console console 0[20959]: event Ecall_End 5 cmd="deployConsole"
Dec 12 17:03:17 mon-console console 0[21269]: event Ecall_Start 5 cmd="start"
Dec 12 17:03:23 mon-console console 0[21330]: event Ecall_Start 5 cmd="execCmd"
Dec 12 17:03:23 mon-console console 0[21330]: event Ecall_End 5 cmd="execCmd"
Dec 12 17:03:38 mon-console console 0[21269]: event Ecall_End 5 cmd="start"
Dec 12 17:03:51 mon-console console 0[21481]: event Ecall_Start 5 cmd="info"
Dec 12 17:03:51 mon-console console 0[21481]: event Ecall_End 5 cmd="info"
Dec 12 17:03:59 mon-console console 0[21489]: event Ecall_Start 5 cmd="show"
Dec 12 17:04:05 mon-console console 0[21575]: event Ecall_Start 5 cmd="execCmd"
Dec 12 17:04:05 mon-console console 0[21575]: event Ecall_End 5 cmd="execCmd"
Dec 12 17:04:19 mon-console console 0[21489]: event Ecall_End 5 cmd="show"
Dec 12 17:05:32 mon-console console 0[21811]: event Ecall_Start 5 cmd="alive"
Dec 12 17:05:38 mon-console console 0[21861]: event Ecall_Start 5 cmd="execCmd"
Dec 12 17:05:38 mon-console console 0[21861]: event Ecall_End 5 cmd="execCmd"
Dec 12 17:05:53 mon-console console 0[21811]: event Ecall_End 5 cmd="alive"
Dec 12 17:06:37 mon-console console 0[22104]: event Ecall_Start 5 cmd="show"
Dec 12 17:06:43 mon-console console 0[22165]: event Ecall_Start 5 cmd="execCmd"
Dec 12 17:06:43 mon-console console 0[22165]: event Ecall_End 5 cmd="execCmd"
Dec 12 17:06:57 mon-console console 0[22104]: event Ecall_End 5 cmd="show"
Dec 14 16:56:51 mon-console console 0[2560]: event Ecall_Start 5 cmd="deployConsole"
Dec 14 16:56:58 mon-console console 0[2626]: event Ecall_Start 5 cmd="execCmd"
Dec 14 16:56:58 mon-console console 0[2626]: event Ecall_End 5 cmd="execCmd"
Dec 15 13:06:18 mon-console console 0[3857]: event Ecall_Start 5 cmd="deployConsole"
Dec 15 13:06:24 mon-console console 0[3935]: event Ecall_Start 5 cmd="execCmd"
Dec 15 13:06:24 mon-console console 0[3935]: event Ecall_End 5 cmd="execCmd"
Dec 15 13:06:39 mon-console console 0[3857]: event Ecall_End 5 cmd="deployConsole"
Dec 15 13:17:31 mon-console console 0[5111]: event Ecall_Start 5 cmd="deployConsole"
Dec 15 13:17:37 mon-console console 0[5174]: event Ecall_Start 5 cmd="execCmd"
Dec 15 13:17:37 mon-console console 0[5174]: event Ecall_End 5 cmd="execCmd"
Dec 15 13:17:53 mon-console console 0[5111]: event Ecall_End 5 cmd="deployConsole"
Dec 15 13:21:57 mon-console console 0[5615]: event Ecall_Start 5 cmd="zip"
Dec 15 13:21:57 mon-console console 0[5615]: event Ecall_End 5 cmd="zip"
Dec 15 13:35:05 mon-console console 0[7180]: event Ecall_Start 5 cmd="deployConsole"
Dec 15 13:35:11 mon-console console 0[7243]: event Ecall_Start 5 cmd="execCmd"
Dec 15 13:35:11 mon-console console 0[7243]: event Ecall_End 5 cmd="execCmd"
Dec 15 13:35:41 mon-console console 0[7180]: event Ecall_End 5 cmd="deployConsole"
Dec 15 13:36:58 mon-console console 0[7418]: event Ecall_Start 5 cmd="deployConsole"
Dec 15 13:37:05 mon-console console 0[7537]: event Ecall_Start 5 cmd="execCmd"
Dec 15 13:37:05 mon-console console 0[7537]: event Ecall_End 5 cmd="execCmd"
Dec 15 13:37:40 mon-console console 0[7418]: event Ecall_End 5 cmd="deployConsole"
Dec 15 13:38:52 mon-console console 0[7711]: event Ecall_Start 5 cmd="deployConsole"
Dec 15 13:38:59 mon-console console 0[7790]: event Ecall_Start 5 cmd="execCmd"
Dec 15 13:38:59 mon-console console 0[7790]: event Ecall_End 5 cmd="execCmd"
Dec 15 13:39:30 mon-console console 0[7711]: event Ecall_End 5 cmd="deployConsole"
Dec 15 13:43:32 mon-console console 0[8299]: event Ecall_Start 5 cmd="deployConsole"
Dec 15 13:43:39 mon-console console 0[8378]: event Ecall_Start 5 cmd="execCmd"
Dec 15 13:43:39 mon-console console 0[8378]: event Ecall_End 5 cmd="execCmd"
Dec 15 13:44:10 mon-console console 0[8299]: event Ecall_End 5 cmd="deployConsole"
Dec 16 09:37:53 mon-console console 0[4890]: event Ecall_Start 5 cmd="publish"
Dec 16 09:37:53 mon-console console 0[4890]: event Ecall_End 5 cmd="publish"
Dec 16 09:38:46 mon-console console 0[4995]: event Ecall_Start 5 cmd="publish"
Dec 16 09:38:46 mon-console console 0[4995]: event Ecall_End 5 cmd="publish"
Dec 16 11:35:16 mon-console console 0[17020]: event Ecall_Start 5 cmd="deployConsole"
Dec 16 11:35:22 mon-console console 0[17114]: event Ecall_Start 5 cmd="execCmd"
Dec 16 11:35:22 mon-console console 0[17114]: event Ecall_End 5 cmd="execCmd"
Dec 16 11:35:53 mon-console console 0[17020]: event Ecall_End 5 cmd="deployConsole"
Dec 16 11:36:06 mon-console console 0[17195]: event Ecall_Start 5 cmd="copyXml"
Dec 16 11:36:07 mon-console console 0[17195]: event Ecall_End 5 cmd="copyXml"
Dec 16 11:37:08 mon-console console 0[17312]: event Ecall_Start 5 cmd="copyXml"
Dec 16 11:37:08 mon-console console 0[17312]: event Ecall_End 5 cmd="copyXml"
Dec 16 11:38:58 mon-console console 0[17492]: event Ecall_Start 5 cmd="copyXml"
Dec 16 11:39:16 mon-console console 0[17557]: event Ecall_Start 5 cmd="copyXml"
Dec 16 11:40:33 mon-console console 0[17698]: event Ecall_Start 5 cmd="copyXml"
Dec 16 11:40:33 mon-console console 0[17698]: event Ecall_End 5 cmd="copyXml"
Dec 16 11:42:48 mon-console console 0[17929]: event Ecall_Start 5 cmd="deployConsole"
Dec 16 11:42:54 mon-console console 0[18011]: event Ecall_Start 5 cmd="execCmd"
Dec 16 11:42:54 mon-console console 0[18011]: event Ecall_End 5 cmd="execCmd"
Dec 16 11:43:26 mon-console console 0[17929]: event Ecall_End 5 cmd="deployConsole"
Dec 16 11:43:30 mon-console console 0[18090]: event Ecall_Start 5 cmd="copyXml"
Dec 16 11:43:30 mon-console console 0[18090]: event Ecall_End 5 cmd="copyXml"
Dec 16 11:46:45 mon-console console 0[18470]: event Ecall_Start 5 cmd="copyXml"
Dec 16 11:46:45 mon-console console 0[18470]: event Ecall_End 5 cmd="copyXml"
Dec 16 11:47:21 mon-console console 0[18539]: event Ecall_Start 5 cmd="info"
Dec 16 11:47:21 mon-console console 0[18539]: event Ecall_End 5 cmd="info"
Dec 16 12:12:02 mon-console console 0[21161]: event Ecall_Start 5 cmd="deployServer"
Dec 16 12:12:09 mon-console console 0[21161]: event Ecall_End 5 cmd="deployServer"
Dec 16 12:26:45 mon-console console 0[22763]: event Ecall_Start 5 cmd="deployServer"
Dec 16 12:26:53 mon-console console 0[22763]: event Ecall_End 5 cmd="deployServer"
Dec 16 12:27:26 mon-console console 0[22859]: event Ecall_Start 5 cmd="copyXml"
Dec 16 12:27:34 mon-console console 0[22859]: event Ecall_End 5 cmd="copyXml"
Dec 16 12:49:08 mon-console console 0[25111]: event Ecall_Start 5 cmd="copyXml"
Dec 16 12:49:16 mon-console console 0[25111]: event Ecall_End 5 cmd="copyXml"
Dec 16 13:04:36 mon-console console 0[26773]: event Ecall_Start 5 cmd="copyXml"
Dec 16 13:04:44 mon-console console 0[26773]: event Ecall_End 5 cmd="copyXml"
Dec 16 13:11:55 mon-console console 0[27541]: event Ecall_Start 5 cmd="copyXml"
Dec 16 13:12:03 mon-console console 0[27541]: event Ecall_End 5 cmd="copyXml"
Dec 16 13:19:17 mon-console console 0[28690]: event Ecall_Start 5 cmd="undeployServer"
Dec 16 13:19:24 mon-console console 0[28751]: event Ecall_Start 5 cmd="execCmd"
Dec 16 13:19:24 mon-console console 0[28751]: event Ecall_End 5 cmd="execCmd"
Dec 16 13:19:38 mon-console console 0[28690]: event Ecall_End 5 cmd="undeployServer"
Dec 16 13:20:39 mon-console console 0[28879]: event Ecall_Start 5 cmd="deployServer"
Dec 16 13:20:46 mon-console console 0[28940]: event Ecall_Start 5 cmd="execCmd"
Dec 16 13:20:46 mon-console console 0[28940]: event Ecall_End 5 cmd="execCmd"
Dec 16 13:21:09 mon-console console 0[28879]: event Ecall_End 5 cmd="deployServer"
Dec 16 13:23:14 mon-console console 0[29211]: event Ecall_Start 5 cmd="deployConsole"
Dec 16 13:23:22 mon-console console 0[29305]: event Ecall_Start 5 cmd="execCmd"
Dec 16 13:23:22 mon-console console 0[29305]: event Ecall_End 5 cmd="execCmd"
Dec 16 13:23:53 mon-console console 0[29211]: event Ecall_End 5 cmd="deployConsole"
Dec 16 13:24:04 mon-console console 0[29388]: event Ecall_Start 5 cmd="copyXml"
Dec 16 13:24:12 mon-console console 0[29388]: event Ecall_End 5 cmd="copyXml"
Dec 16 13:25:54 mon-console console 0[29577]: event Ecall_Start 5 cmd="deployConsole"
Dec 16 13:26:01 mon-console console 0[29696]: event Ecall_Start 5 cmd="execCmd"
Dec 16 13:26:01 mon-console console 0[29696]: event Ecall_End 5 cmd="execCmd"
Dec 16 13:26:32 mon-console console 0[29577]: event Ecall_End 5 cmd="deployConsole"
Dec 16 13:26:37 mon-console console 0[29750]: event Ecall_Start 5 cmd="copyXml"
Dec 16 13:26:45 mon-console console 0[29750]: event Ecall_End 5 cmd="copyXml"
Dec 16 13:31:15 mon-console console 0[30257]: event Ecall_Start 5 cmd="deployConsole"
Dec 16 13:31:22 mon-console console 0[30351]: event Ecall_Start 5 cmd="execCmd"
Dec 16 13:31:22 mon-console console 0[30351]: event Ecall_End 5 cmd="execCmd"
Dec 16 13:31:53 mon-console console 0[30257]: event Ecall_End 5 cmd="deployConsole"
Dec 16 13:32:00 mon-console console 0[30392]: event Ecall_Start 5 cmd="copyXml"
Dec 16 13:32:08 mon-console console 0[30392]: event Ecall_End 5 cmd="copyXml"
Dec 16 13:33:03 mon-console console 0[30558]: event Ecall_Start 5 cmd="deployConsole"
Dec 16 13:33:11 mon-console console 0[30641]: event Ecall_Start 5 cmd="execCmd"
Dec 16 13:33:11 mon-console console 0[30641]: event Ecall_End 5 cmd="execCmd"
Dec 16 13:33:42 mon-console console 0[30558]: event Ecall_End 5 cmd="deployConsole"
Dec 16 13:33:45 mon-console console 0[30710]: event Ecall_Start 5 cmd="copyXml"
Dec 16 13:33:53 mon-console console 0[30710]: event Ecall_End 5 cmd="copyXml"
Dec 16 13:38:12 mon-console console 0[31207]: event Ecall_Start 5 cmd="deployConsole"
Dec 16 13:38:19 mon-console console 0[31286]: event Ecall_Start 5 cmd="execCmd"
Dec 16 13:38:19 mon-console console 0[31286]: event Ecall_End 5 cmd="execCmd"
Dec 16 13:38:50 mon-console console 0[31207]: event Ecall_End 5 cmd="deployConsole"
Dec 16 13:38:56 mon-console console 0[31343]: event Ecall_Start 5 cmd="copyXml"
Dec 16 13:39:03 mon-console console 0[31343]: event Ecall_End 5 cmd="copyXml"
Dec 16 13:43:55 mon-console console 0[31879]: event Ecall_Start 5 cmd="deployConsole"
Dec 16 13:44:03 mon-console console 0[31998]: event Ecall_Start 5 cmd="execCmd"
Dec 16 13:44:03 mon-console console 0[31998]: event Ecall_End 5 cmd="execCmd"
Dec 16 13:44:33 mon-console console 0[31879]: event Ecall_End 5 cmd="deployConsole"
Dec 16 13:44:38 mon-console console 0[32053]: event Ecall_Start 5 cmd="copyXml"
Dec 16 13:44:45 mon-console console 0[32053]: event Ecall_End 5 cmd="copyXml"
Dec 16 13:58:24 mon-console console 0[1118]: event Ecall_Start 5 cmd="deployConsole"
Dec 16 13:58:32 mon-console console 0[1235]: event Ecall_Start 5 cmd="execCmd"
Dec 16 13:58:32 mon-console console 0[1235]: event Ecall_End 5 cmd="execCmd"
Dec 16 13:59:02 mon-console console 0[1118]: event Ecall_End 5 cmd="deployConsole"
Dec 16 14:04:01 mon-console console 0[2237]: event Ecall_Start 5 cmd="deployServer"
Dec 16 14:04:08 mon-console console 0[2283]: event Ecall_Start 5 cmd="execCmd"
Dec 16 14:04:08 mon-console console 0[2283]: event Ecall_End 5 cmd="execCmd"
Dec 16 14:04:32 mon-console console 0[2237]: event Ecall_End 5 cmd="deployServer"
Dec 16 14:10:55 mon-console console 0[3181]: event Ecall_Start 5 cmd="deployConsole"
Dec 16 14:11:03 mon-console console 0[3309]: event Ecall_Start 5 cmd="execCmd"
Dec 16 14:11:03 mon-console console 0[3309]: event Ecall_End 5 cmd="execCmd"
Dec 16 14:11:34 mon-console console 0[3181]: event Ecall_End 5 cmd="deployConsole"
Dec 16 14:12:01 mon-console console 0[3380]: event Ecall_Start 5 cmd="deployServer"
Dec 16 14:12:08 mon-console console 0[3466]: event Ecall_Start 5 cmd="execCmd"
Dec 16 14:12:08 mon-console console 0[3466]: event Ecall_End 5 cmd="execCmd"
Dec 16 14:12:32 mon-console console 0[3380]: event Ecall_End 5 cmd="deployServer"
Dec 16 14:13:27 mon-console console 0[3607]: event Ecall_Start 5 cmd="copyXml"
Dec 16 14:13:35 mon-console console 0[3607]: event Ecall_End 5 cmd="copyXml"
Dec 16 14:14:35 mon-console console 0[3767]: event Ecall_Start 5 cmd="copyXml"
Dec 16 14:14:43 mon-console console 0[3767]: event Ecall_End 5 cmd="copyXml"
Dec 16 14:16:17 mon-console console 0[4288]: event Ecall_Start 5 cmd="deployConsole"
Dec 16 14:16:24 mon-console console 0[4387]: event Ecall_Start 5 cmd="execCmd"
Dec 16 14:16:24 mon-console console 0[4387]: event Ecall_End 5 cmd="execCmd"
Dec 16 14:16:55 mon-console console 0[4288]: event Ecall_End 5 cmd="deployConsole"
Dec 16 14:17:31 mon-console console 0[4504]: event Ecall_Start 5 cmd="copyXml"
Dec 16 14:17:38 mon-console console 0[4504]: event Ecall_End 5 cmd="copyXml"
Dec 16 14:18:35 mon-console console 0[4663]: event Ecall_Start 5 cmd="deployConsole"
Dec 16 14:18:42 mon-console console 0[4757]: event Ecall_Start 5 cmd="execCmd"
Dec 16 14:18:42 mon-console console 0[4757]: event Ecall_End 5 cmd="execCmd"
Dec 16 14:19:13 mon-console console 0[4663]: event Ecall_End 5 cmd="deployConsole"
Dec 16 14:19:43 mon-console console 0[4878]: event Ecall_Start 5 cmd="copyXml"
Dec 16 14:19:51 mon-console console 0[4878]: event Ecall_End 5 cmd="copyXml"
Dec 16 14:37:45 mon-console console 0[6857]: event Ecall_Start 5 cmd="deployConsole"
Dec 16 14:37:52 mon-console console 0[6938]: event Ecall_Start 5 cmd="execCmd"
Dec 16 14:37:52 mon-console console 0[6938]: event Ecall_End 5 cmd="execCmd"
Dec 16 14:38:24 mon-console console 0[6857]: event Ecall_End 5 cmd="deployConsole"
Dec 16 14:39:28 mon-console console 0[7128]: event Ecall_Start 5 cmd="copyXml"
Dec 16 14:39:36 mon-console console 0[7128]: event Ecall_End 5 cmd="copyXml"
Dec 16 14:42:34 mon-console console 0[7512]: event Ecall_Start 5 cmd="deployConsole"
Dec 16 14:42:41 mon-console console 0[7591]: event Ecall_Start 5 cmd="execCmd"
Dec 16 14:42:41 mon-console console 0[7591]: event Ecall_End 5 cmd="execCmd"
Dec 16 14:43:13 mon-console console 0[7512]: event Ecall_End 5 cmd="deployConsole"
Dec 16 14:44:03 mon-console console 0[7770]: event Ecall_Start 5 cmd="deployServer"
Dec 16 14:44:10 mon-console console 0[7816]: event Ecall_Start 5 cmd="execCmd"
Dec 16 14:44:10 mon-console console 0[7816]: event Ecall_End 5 cmd="execCmd"
Dec 16 14:44:35 mon-console console 0[7770]: event Ecall_End 5 cmd="deployServer"
Dec 16 14:45:02 mon-console console 0[7932]: event Ecall_Start 5 cmd="start"
Dec 16 14:45:08 mon-console console 0[7978]: event Ecall_Start 5 cmd="execCmd"
Dec 16 14:45:08 mon-console console 0[7978]: event Ecall_End 5 cmd="execCmd"
Dec 16 14:45:23 mon-console console 0[7932]: event Ecall_End 5 cmd="start"
Dec 16 14:45:43 mon-console console 0[8158]: event Ecall_Start 5 cmd="copyXml"
Dec 16 14:45:51 mon-console console 0[8158]: event Ecall_End 5 cmd="copyXml"
Dec 19 09:37:35 mon-console console 0[11722]: event Ecall_Start 5 cmd="deployConsole"
Dec 19 09:37:42 mon-console console 0[11810]: event Ecall_Start 5 cmd="execCmd"
Dec 19 09:37:42 mon-console console 0[11810]: event Ecall_End 5 cmd="execCmd"
Dec 19 09:38:12 mon-console console 0[11722]: event Ecall_End 5 cmd="deployConsole"
Dec 19 09:40:13 mon-console console 0[12086]: event Ecall_Start 5 cmd="copyXml"
Dec 19 09:40:20 mon-console console 0[12086]: event Ecall_End 5 cmd="copyXml"
Dec 19 09:41:14 mon-console console 0[12213]: event Ecall_Start 5 cmd="deployConsole"
Dec 19 09:41:21 mon-console console 0[12292]: event Ecall_Start 5 cmd="execCmd"
Dec 19 09:41:21 mon-console console 0[12292]: event Ecall_End 5 cmd="execCmd"
Dec 19 09:41:52 mon-console console 0[12213]: event Ecall_End 5 cmd="deployConsole"
Dec 19 09:43:03 mon-console console 0[12491]: event Ecall_Start 5 cmd="copyXml"
Dec 19 09:43:10 mon-console console 0[12491]: event Ecall_End 5 cmd="copyXml"
Dec 19 09:46:52 mon-console console 0[12883]: event Ecall_Start 5 cmd="deployConsole"
Dec 19 09:46:59 mon-console console 0[12962]: event Ecall_Start 5 cmd="execCmd"
Dec 19 09:46:59 mon-console console 0[12962]: event Ecall_End 5 cmd="execCmd"
Dec 19 09:47:30 mon-console console 0[12883]: event Ecall_End 5 cmd="deployConsole"
Dec 19 09:47:56 mon-console console 0[13074]: event Ecall_Start 5 cmd="deployServer"
Dec 19 09:48:02 mon-console console 0[13160]: event Ecall_Start 5 cmd="execCmd"
Dec 19 09:48:03 mon-console console 0[13160]: event Ecall_End 5 cmd="execCmd"
Dec 19 09:48:25 mon-console console 0[13074]: event Ecall_End 5 cmd="deployServer"
Dec 19 09:49:51 mon-console console 0[13358]: event Ecall_Start 5 cmd="copyXml"
Dec 19 09:49:57 mon-console console 0[13358]: event Ecall_End 5 cmd="copyXml"
Dec 19 09:52:53 mon-console console 0[13691]: event Ecall_Start 5 cmd="deployConsole"
Dec 19 09:53:00 mon-console console 0[13770]: event Ecall_Start 5 cmd="execCmd"
Dec 19 09:53:00 mon-console console 0[13770]: event Ecall_End 5 cmd="execCmd"
Dec 19 09:53:31 mon-console console 0[13691]: event Ecall_End 5 cmd="deployConsole"
Dec 19 09:55:41 mon-console console 0[14073]: event Ecall_Start 5 cmd="deployConsole"
Dec 19 09:55:47 mon-console console 0[14167]: event Ecall_Start 5 cmd="execCmd"
Dec 19 09:55:47 mon-console console 0[14167]: event Ecall_End 5 cmd="execCmd"
Dec 19 09:56:19 mon-console console 0[14073]: event Ecall_End 5 cmd="deployConsole"
Dec 19 09:56:22 mon-console console 0[14248]: event Ecall_Start 5 cmd="deployServer"
Dec 19 09:56:29 mon-console console 0[14294]: event Ecall_Start 5 cmd="execCmd"
Dec 19 09:56:29 mon-console console 0[14294]: event Ecall_End 5 cmd="execCmd"
Dec 19 09:56:51 mon-console console 0[14248]: event Ecall_End 5 cmd="deployServer"
Dec 19 09:58:46 mon-console console 0[14537]: event Ecall_Start 5 cmd="copyXml"
Dec 19 09:58:53 mon-console console 0[14537]: event Ecall_End 5 cmd="copyXml"
Dec 19 10:13:42 mon-console console 0[17313]: event Ecall_Start 5 cmd="deployConsole"
Dec 19 10:13:49 mon-console console 0[17392]: event Ecall_Start 5 cmd="execCmd"
Dec 19 10:13:49 mon-console console 0[17392]: event Ecall_End 5 cmd="execCmd"
Dec 19 10:14:22 mon-console console 0[17313]: event Ecall_End 5 cmd="deployConsole"
Dec 19 10:15:08 mon-console console 0[17548]: event Ecall_Start 5 cmd="deployServer"
Dec 19 10:15:14 mon-console console 0[17610]: event Ecall_Start 5 cmd="execCmd"
Dec 19 10:15:14 mon-console console 0[17610]: event Ecall_End 5 cmd="execCmd"
Dec 19 10:15:38 mon-console console 0[17548]: event Ecall_End 5 cmd="deployServer"
Dec 19 10:17:56 mon-console console 0[18224]: event Ecall_Start 5 cmd="deployConsole"
Dec 19 10:18:03 mon-console console 0[18345]: event Ecall_Start 5 cmd="execCmd"
Dec 19 10:18:03 mon-console console 0[18345]: event Ecall_End 5 cmd="execCmd"
Dec 19 10:18:35 mon-console console 0[18224]: event Ecall_End 5 cmd="deployConsole"
Dec 19 10:24:41 mon-console console 0[19020]: event Ecall_Start 5 cmd="deployServer"
Dec 19 10:24:47 mon-console console 0[19081]: event Ecall_Start 5 cmd="execCmd"
Dec 19 10:24:47 mon-console console 0[19081]: event Ecall_End 5 cmd="execCmd"
Dec 19 10:25:09 mon-console console 0[19020]: event Ecall_End 5 cmd="deployServer"
Dec 19 10:34:41 mon-console console 0[20101]: event Ecall_Start 5 cmd="deployServer"
Dec 19 10:34:47 mon-console console 0[20162]: event Ecall_Start 5 cmd="execCmd"
Dec 19 10:34:47 mon-console console 0[20162]: event Ecall_End 5 cmd="execCmd"
Dec 19 10:35:09 mon-console console 0[20101]: event Ecall_End 5 cmd="deployServer"
Dec 19 10:40:06 mon-console console 0[20728]: event Ecall_Start 5 cmd="deployConsole"
Dec 19 10:40:13 mon-console console 0[20822]: event Ecall_Start 5 cmd="execCmd"
Dec 19 10:40:13 mon-console console 0[20822]: event Ecall_End 5 cmd="execCmd"
Dec 19 10:40:44 mon-console console 0[20728]: event Ecall_End 5 cmd="deployConsole"
Dec 19 10:41:57 mon-console console 0[20984]: event Ecall_Start 5 cmd="deployServer"
Dec 19 10:42:04 mon-console console 0[21070]: event Ecall_Start 5 cmd="execCmd"
Dec 19 10:42:04 mon-console console 0[21070]: event Ecall_End 5 cmd="execCmd"
Dec 19 10:42:25 mon-console console 0[20984]: event Ecall_End 5 cmd="deployServer"
Dec 19 10:44:11 mon-console console 0[21284]: event Ecall_Start 5 cmd="deployConsole"
Dec 19 10:44:18 mon-console console 0[21378]: event Ecall_Start 5 cmd="execCmd"
Dec 19 10:44:18 mon-console console 0[21378]: event Ecall_End 5 cmd="execCmd"
Dec 19 10:44:49 mon-console console 0[21284]: event Ecall_End 5 cmd="deployConsole"
Dec 19 10:45:32 mon-console console 0[21520]: event Ecall_Start 5 cmd="deployServer"
Dec 19 10:45:38 mon-console console 0[21566]: event Ecall_Start 5 cmd="execCmd"
Dec 19 10:45:39 mon-console console 0[21566]: event Ecall_End 5 cmd="execCmd"
Dec 19 10:46:01 mon-console console 0[21520]: event Ecall_End 5 cmd="deployServer"
Dec 19 10:47:12 mon-console console 0[21751]: event Ecall_Start 5 cmd="deployConsole"
Dec 19 10:47:19 mon-console console 0[21830]: event Ecall_Start 5 cmd="execCmd"
Dec 19 10:47:19 mon-console console 0[21830]: event Ecall_End 5 cmd="execCmd"
Dec 19 10:47:50 mon-console console 0[21751]: event Ecall_End 5 cmd="deployConsole"
Dec 19 10:48:41 mon-console console 0[21971]: event Ecall_Start 5 cmd="deployServer"
Dec 19 10:48:47 mon-console console 0[22032]: event Ecall_Start 5 cmd="execCmd"
Dec 19 10:48:48 mon-console console 0[22032]: event Ecall_End 5 cmd="execCmd"
Dec 19 10:49:10 mon-console console 0[21971]: event Ecall_End 5 cmd="deployServer"
Dec 19 10:50:34 mon-console console 0[22232]: event Ecall_Start 5 cmd="copyXml"
Dec 19 10:50:41 mon-console console 0[22232]: event Ecall_End 5 cmd="copyXml"
Dec 19 10:52:13 mon-console console 0[22431]: event Ecall_Start 5 cmd="copyXml"
Dec 19 10:52:20 mon-console console 0[22431]: event Ecall_End 5 cmd="copyXml"
Dec 19 10:53:34 mon-console console 0[22586]: event Ecall_Start 5 cmd="deployConsole"
Dec 19 10:53:40 mon-console console 0[22666]: event Ecall_Start 5 cmd="execCmd"
Dec 19 10:53:40 mon-console console 0[22666]: event Ecall_End 5 cmd="execCmd"
Dec 19 10:54:11 mon-console console 0[22586]: event Ecall_End 5 cmd="deployConsole"
Dec 19 10:54:50 mon-console console 0[22795]: event Ecall_Start 5 cmd="copyXml"
Dec 19 10:54:57 mon-console console 0[22795]: event Ecall_End 5 cmd="copyXml"
Dec 19 10:56:22 mon-console console 0[22994]: event Ecall_Start 5 cmd="deployServer"
Dec 19 10:56:29 mon-console console 0[23040]: event Ecall_Start 5 cmd="execCmd"
Dec 19 10:56:29 mon-console console 0[23040]: event Ecall_End 5 cmd="execCmd"
Dec 19 10:56:52 mon-console console 0[22994]: event Ecall_End 5 cmd="deployServer"
Dec 19 14:58:22 mon-console console 0[17978]: event Ecall_Start 5 cmd="deployConsole"
Dec 19 14:58:29 mon-console console 0[18057]: event Ecall_Start 5 cmd="execCmd"
Dec 19 14:58:29 mon-console console 0[18057]: event Ecall_End 5 cmd="execCmd"
Dec 19 14:59:00 mon-console console 0[17978]: event Ecall_End 5 cmd="deployConsole"
Dec 19 16:04:48 mon-console console 0[25400]: event Ecall_Start 5 cmd="deployConsole"
Dec 19 16:04:55 mon-console console 0[25483]: event Ecall_Start 5 cmd="execCmd"
Dec 19 16:04:55 mon-console console 0[25483]: event Ecall_End 5 cmd="execCmd"
Dec 19 16:05:25 mon-console console 0[25400]: event Ecall_End 5 cmd="deployConsole"
Dec 20 09:28:13 mon-console console 0[5441]: event Ecall_Start 5 cmd="deployConsole"
Dec 20 09:28:20 mon-console console 0[5520]: event Ecall_Start 5 cmd="execCmd"
Dec 20 09:28:20 mon-console console 0[5520]: event Ecall_End 5 cmd="execCmd"
Dec 20 09:28:50 mon-console console 0[5441]: event Ecall_End 5 cmd="deployConsole"
Dec 20 09:30:10 mon-console console 0[5719]: event Ecall_Start 5 cmd="deployConsole"
Dec 20 09:30:17 mon-console console 0[5813]: event Ecall_Start 5 cmd="execCmd"
Dec 20 09:30:17 mon-console console 0[5813]: event Ecall_End 5 cmd="execCmd"
Dec 20 09:30:48 mon-console console 0[5719]: event Ecall_End 5 cmd="deployConsole"
Dec 20 09:34:58 mon-console console 0[6280]: event Ecall_Start 5 cmd="deployConsole"
Dec 20 09:35:04 mon-console console 0[6399]: event Ecall_Start 5 cmd="execCmd"
Dec 20 09:35:04 mon-console console 0[6399]: event Ecall_End 5 cmd="execCmd"
Dec 20 09:35:36 mon-console console 0[6280]: event Ecall_End 5 cmd="deployConsole"
Dec 20 09:36:57 mon-console console 0[6574]: event Ecall_Start 5 cmd="deployConsole"
Dec 20 09:37:04 mon-console console 0[6693]: event Ecall_Start 5 cmd="execCmd"
Dec 20 09:37:04 mon-console console 0[6693]: event Ecall_End 5 cmd="execCmd"
Dec 20 09:37:35 mon-console console 0[6574]: event Ecall_End 5 cmd="deployConsole"
Dec 20 09:38:27 mon-console console 0[6834]: event Ecall_Start 5 cmd="deployConsole"
Dec 20 09:38:32 mon-console console 0[6926]: event Ecall_Start 5 cmd="execCmd"
Dec 20 09:38:32 mon-console console 0[6926]: event Ecall_End 5 cmd="execCmd"
Dec 20 09:40:22 mon-console console 0[7121]: event Ecall_Start 5 cmd="deployConsole"
Dec 20 09:40:29 mon-console console 0[7200]: event Ecall_Start 5 cmd="execCmd"
Dec 20 09:40:29 mon-console console 0[7200]: event Ecall_End 5 cmd="execCmd"
Dec 20 09:41:00 mon-console console 0[7121]: event Ecall_End 5 cmd="deployConsole"
Dec 20 09:41:14 mon-console console 0[7301]: event Ecall_Start 5 cmd="deployConsole"
Dec 20 09:41:16 mon-console console 0[7301]: event Ecall_End 5 cmd="deployConsole"
Dec 20 09:41:47 mon-console console 0[7370]: event Ecall_Start 5 cmd="deployConsole"
Dec 20 09:41:48 mon-console console 0[7370]: event Ecall_End 5 cmd="deployConsole"
Dec 20 09:42:27 mon-console console 0[7472]: event Ecall_Start 5 cmd="deployConsole"
Dec 20 09:42:34 mon-console console 0[7566]: event Ecall_Start 5 cmd="execCmd"
Dec 20 09:42:34 mon-console console 0[7566]: event Ecall_End 5 cmd="execCmd"
Dec 20 09:43:05 mon-console console 0[7472]: event Ecall_End 5 cmd="deployConsole"
Dec 20 09:43:39 mon-console console 0[7677]: event Ecall_Start 5 cmd="deployConsole"
Dec 20 09:43:46 mon-console console 0[7771]: event Ecall_Start 5 cmd="execCmd"
Dec 20 09:43:46 mon-console console 0[7771]: event Ecall_End 5 cmd="execCmd"
Dec 20 09:46:55 mon-console console 0[8088]: event Ecall_Start 5 cmd="deployConsole"
Dec 20 09:47:02 mon-console console 0[8207]: event Ecall_Start 5 cmd="execCmd"
Dec 20 09:47:02 mon-console console 0[8207]: event Ecall_End 5 cmd="execCmd"
Dec 20 09:47:33 mon-console console 0[8088]: event Ecall_End 5 cmd="deployConsole"
Dec 20 09:47:36 mon-console console 0[8261]: event Ecall_Start 5 cmd="deployConsole"
Dec 20 09:47:42 mon-console console 0[8355]: event Ecall_Start 5 cmd="execCmd"
Dec 20 09:47:42 mon-console console 0[8355]: event Ecall_End 5 cmd="execCmd"
Dec 20 09:48:13 mon-console console 0[8261]: event Ecall_End 5 cmd="deployConsole"
Dec 20 09:49:08 mon-console console 0[8509]: event Ecall_Start 5 cmd="deployConsole"
Dec 20 09:49:14 mon-console console 0[8603]: event Ecall_Start 5 cmd="execCmd"
Dec 20 09:49:14 mon-console console 0[8603]: event Ecall_End 5 cmd="execCmd"
Dec 20 09:49:45 mon-console console 0[8509]: event Ecall_End 5 cmd="deployConsole"
Dec 20 09:50:39 mon-console console 0[8745]: event Ecall_Start 5 cmd="deployConsole"
Dec 20 09:50:46 mon-console console 0[8839]: event Ecall_Start 5 cmd="execCmd"
Dec 20 09:50:46 mon-console console 0[8839]: event Ecall_End 5 cmd="execCmd"
Dec 20 09:51:44 mon-console console 0[8947]: event Ecall_Start 5 cmd="deployConsole"
Dec 20 09:51:51 mon-console console 0[9029]: event Ecall_Start 5 cmd="execCmd"
Dec 20 09:51:51 mon-console console 0[9029]: event Ecall_End 5 cmd="execCmd"
Dec 20 09:52:22 mon-console console 0[8947]: event Ecall_End 5 cmd="deployConsole"
Dec 20 09:52:28 mon-console console 0[9109]: event Ecall_Start 5 cmd="deployConsole"
Dec 20 09:52:35 mon-console console 0[9203]: event Ecall_Start 5 cmd="execCmd"
Dec 20 09:52:35 mon-console console 0[9203]: event Ecall_End 5 cmd="execCmd"
Dec 20 09:53:06 mon-console console 0[9109]: event Ecall_End 5 cmd="deployConsole"
Dec 20 09:54:59 mon-console console 0[9442]: event Ecall_Start 5 cmd="deployConsole"
Dec 20 09:55:06 mon-console console 0[9561]: event Ecall_Start 5 cmd="execCmd"
Dec 20 09:55:06 mon-console console 0[9561]: event Ecall_End 5 cmd="execCmd"
Dec 20 09:55:38 mon-console console 0[9442]: event Ecall_End 5 cmd="deployConsole"
Dec 20 09:57:46 mon-console console 0[9835]: event Ecall_Start 5 cmd="deployConsole"
Dec 20 09:57:53 mon-console console 0[9917]: event Ecall_Start 5 cmd="execCmd"
Dec 20 09:57:53 mon-console console 0[9917]: event Ecall_End 5 cmd="execCmd"
Dec 20 09:58:24 mon-console console 0[9835]: event Ecall_End 5 cmd="deployConsole"
Dec 20 09:58:32 mon-console console 0[10011]: event Ecall_Start 5 cmd="deployConsole"
Dec 20 09:58:39 mon-console console 0[10090]: event Ecall_Start 5 cmd="execCmd"
Dec 20 09:58:39 mon-console console 0[10090]: event Ecall_End 5 cmd="execCmd"
Dec 20 09:59:10 mon-console console 0[10011]: event Ecall_End 5 cmd="deployConsole"
Dec 20 10:51:33 mon-console console 0[16312]: event Ecall_Start 5 cmd="deployConsole"
Dec 20 10:51:40 mon-console console 0[16391]: event Ecall_Start 5 cmd="execCmd"
Dec 20 10:51:40 mon-console console 0[16391]: event Ecall_End 5 cmd="execCmd"
Dec 20 10:52:10 mon-console console 0[16312]: event Ecall_End 5 cmd="deployConsole"
Dec 20 10:53:28 mon-console console 0[16592]: event Ecall_Start 5 cmd="deployConsole"
Dec 20 10:53:35 mon-console console 0[16686]: event Ecall_Start 5 cmd="execCmd"
Dec 20 10:53:35 mon-console console 0[16686]: event Ecall_End 5 cmd="execCmd"
Dec 20 10:54:07 mon-console console 0[16592]: event Ecall_End 5 cmd="deployConsole"
Dec 20 10:58:25 mon-console console 0[17197]: event Ecall_Start 5 cmd="deployServe"
Dec 20 10:58:25 mon-console console 0[17197]: event Ecall_End 5 cmd="deployServe"
Dec 20 10:58:55 mon-console console 0[17234]: event Ecall_Start 5 cmd="deployServe"
Dec 20 10:58:55 mon-console console 0[17234]: event Ecall_End 5 cmd="deployServe"
Dec 20 10:59:09 mon-console console 0[17280]: event Ecall_Start 5 cmd="deployServer"
Dec 20 10:59:15 mon-console console 0[17342]: event Ecall_Start 5 cmd="execCmd"
Dec 20 10:59:16 mon-console console 0[17342]: event Ecall_End 5 cmd="execCmd"
Dec 20 10:59:38 mon-console console 0[17280]: event Ecall_End 5 cmd="deployServer"
Dec 20 13:54:29 mon-console console 0[3033]: event Ecall_Start 5 cmd="undeployConsole"
Dec 20 13:54:34 mon-console console 0[3093]: event Ecall_Start 5 cmd="execCmd"
Dec 20 13:54:34 mon-console console 0[3093]: event Ecall_End 5 cmd="execCmd"
Dec 20 13:54:49 mon-console console 0[3033]: event Ecall_End 5 cmd="undeployConsole"
Dec 20 14:02:57 mon-console console 0[4003]: event Ecall_Start 5 cmd="deployConsole"
Dec 20 14:03:04 mon-console console 0[4122]: event Ecall_Start 5 cmd="execCmd"
Dec 20 14:03:04 mon-console console 0[4122]: event Ecall_End 5 cmd="execCmd"
Dec 20 14:03:35 mon-console console 0[4003]: event Ecall_End 5 cmd="deployConsole"
Dec 20 14:08:13 mon-console console 0[4661]: event Ecall_Start 5 cmd="deployServer"
Dec 20 14:08:19 mon-console console 0[4707]: event Ecall_Start 5 cmd="execCmd"
Dec 20 14:08:20 mon-console console 0[4707]: event Ecall_End 5 cmd="execCmd"
Dec 20 14:08:42 mon-console console 0[4661]: event Ecall_End 5 cmd="deployServer"
Dec 20 14:09:01 mon-console console 0[4763]: event Ecall_Start 5 cmd="copyXml"
Dec 20 14:09:08 mon-console console 0[4763]: event Ecall_End 5 cmd="copyXml"
Dec 20 14:24:17 mon-console console 0[6381]: event Ecall_Start 5 cmd="undeployServer"
Dec 20 14:24:24 mon-console console 0[6442]: event Ecall_Start 5 cmd="execCmd"
Dec 20 14:24:24 mon-console console 0[6442]: event Ecall_End 5 cmd="execCmd"
Dec 20 14:24:38 mon-console console 0[6381]: event Ecall_End 5 cmd="undeployServer"
Dec 20 14:34:24 mon-console console 0[7478]: event Ecall_Start 5 cmd="undeployConsole"
Dec 20 14:34:29 mon-console console 0[7523]: event Ecall_Start 5 cmd="execCmd"
Dec 20 14:34:29 mon-console console 0[7523]: event Ecall_End 5 cmd="execCmd"
Dec 20 14:34:43 mon-console console 0[7478]: event Ecall_End 5 cmd="undeployConsole"
Dec 23 16:03:20 mon-console console 0[32411]: event Ecall_Start 5 cmd="info"
Dec 23 16:03:20 mon-console console 0[32411]: event Ecall_End 5 cmd="info"
Dec 23 16:05:13 mon-console console 0[32621]: event Ecall_Start 5 cmd="info"
Dec 23 16:05:13 mon-console console 0[32621]: event Ecall_End 5 cmd="info"
Dec 23 16:05:20 mon-console console 0[32625]: event Ecall_Start 5 cmd="deployConsole"
Dec 23 16:05:27 mon-console console 0[32719]: event Ecall_Start 5 cmd="execCmd"
Dec 23 16:05:27 mon-console console 0[32719]: event Ecall_End 5 cmd="execCmd"
Dec 23 16:05:58 mon-console console 0[32625]: event Ecall_End 5 cmd="deployConsole"
Dec 23 16:07:11 mon-console console 0[449]: event Ecall_Start 5 cmd="copyXml"
Dec 23 16:07:18 mon-console console 0[449]: event Ecall_End 5 cmd="copyXml"
Dec 23 16:15:38 mon-console console 0[1393]: event Ecall_Start 5 cmd="info"
Dec 23 16:15:38 mon-console console 0[1393]: event Ecall_End 5 cmd="info"
Dec 23 16:15:46 mon-console console 0[1412]: event Ecall_Start 5 cmd="info"
Dec 23 16:15:46 mon-console console 0[1412]: event Ecall_End 5 cmd="info"
Dec 23 16:15:51 mon-console console 0[1416]: event Ecall_Start 5 cmd="deployConsole"
Dec 23 16:15:58 mon-console console 0[1497]: event Ecall_Start 5 cmd="execCmd"
Dec 23 16:15:58 mon-console console 0[1497]: event Ecall_End 5 cmd="execCmd"
Dec 23 16:16:29 mon-console console 0[1416]: event Ecall_End 5 cmd="deployConsole"
Dec 23 16:16:39 mon-console console 0[1591]: event Ecall_Start 5 cmd="copyXml"
Dec 23 16:16:46 mon-console console 0[1591]: event Ecall_End 5 cmd="copyXml"
Dec 23 16:19:41 mon-console console 0[1922]: event Ecall_Start 5 cmd="deployConsole"
Dec 23 16:19:48 mon-console console 0[2016]: event Ecall_Start 5 cmd="execCmd"
Dec 23 16:19:48 mon-console console 0[2016]: event Ecall_End 5 cmd="execCmd"
Dec 23 16:20:19 mon-console console 0[1922]: event Ecall_End 5 cmd="deployConsole"
Dec 23 16:23:26 mon-console console 0[2408]: event Ecall_Start 5 cmd="deployConsole"
Dec 23 16:23:33 mon-console console 0[2509]: event Ecall_Start 5 cmd="execCmd"
Dec 23 16:23:33 mon-console console 0[2509]: event Ecall_End 5 cmd="execCmd"
Dec 23 16:24:04 mon-console console 0[2408]: event Ecall_End 5 cmd="deployConsole"
Dec 23 16:24:07 mon-console console 0[2576]: event Ecall_Start 5 cmd="copyXml"
Dec 23 16:24:14 mon-console console 0[2576]: event Ecall_End 5 cmd="copyXml"
Dec 23 16:24:21 mon-console console 0[2614]: event Ecall_Start 5 cmd="info"
Dec 23 16:24:21 mon-console console 0[2614]: event Ecall_End 5 cmd="info"
