This file contains any messages produced by compilers while
running configure, to aid debugging if configure makes a mistake.

It was created by FULL-PACKAGE-NAME configure VERSION, which was
generated by GNU Autoconf 2.69.  Invocation command line was

  $ configure 

## --------- ##
## Platform. ##
## --------- ##

hostname = mon-blade03
uname -m = x86_64
uname -r = 2.6.18-194.el5
uname -s = Linux
uname -v = #1 SMP Tue Mar 16 21:52:39 EDT 2010

/usr/bin/uname -p = unknown
/bin/uname -X     = unknown

/bin/arch              = x86_64
/usr/bin/arch -k       = unknown
/usr/convex/getsysinfo = unknown
/usr/bin/hostinfo      = unknown
/bin/machine           = unknown
/usr/bin/oslevel       = unknown
/bin/universe          = unknown

PATH: /usr/kerberos/bin
PATH: /usr/local/bin
PATH: /bin
PATH: /usr/bin
PATH: /home/test/bin


## ----------- ##
## Core tests. ##
## ----------- ##

configure:2439: checking for a BSD-compatible install
configure:2507: result: /usr/bin/install -c
configure:2518: checking whether build environment is sane
configure:2573: result: yes
configure:2724: checking for a thread-safe mkdir -p
configure:2763: result: /bin/mkdir -p
configure:2770: checking for gawk
configure:2786: found /bin/gawk
configure:2797: result: gawk
configure:2808: checking whether make sets $(MAKE)
configure:2830: result: yes
configure:2921: checking for style of include used by make
configure:2949: result: GNU
configure:3020: checking for gcc
configure:3036: found /usr/bin/gcc
configure:3047: result: gcc
configure:3276: checking for C compiler version
configure:3285: gcc --version >&5
gcc (GCC) 4.1.2 20080704 (Red Hat 4.1.2-48)
Copyright (C) 2006 Free Software Foundation, Inc.
This is free software; see the source for copying conditions.  There is NO
warranty; not even for MERCHANTABILITY or FITNESS FOR A PARTICULAR PURPOSE.

configure:3296: $? = 0
configure:3285: gcc -v >&5
Using built-in specs.
Target: x86_64-redhat-linux
Configured with: ../configure --prefix=/usr --mandir=/usr/share/man --infodir=/usr/share/info --enable-shared --enable-threads=posix --enable-checking=release --with-system-zlib --enable-__cxa_atexit --disable-libunwind-exceptions --enable-libgcj-multifile --enable-languages=c,c++,objc,obj-c++,java,fortran,ada --enable-java-awt=gtk --disable-dssi --enable-plugin --with-java-home=/usr/lib/jvm/java-1.4.2-gcj-1.4.2.0/jre --with-cpu=generic --host=x86_64-redhat-linux
Thread model: posix
gcc version 4.1.2 20080704 (Red Hat 4.1.2-48)
configure:3296: $? = 0
configure:3285: gcc -V >&5
gcc: '-V' option must have argument
configure:3296: $? = 1
configure:3285: gcc -qversion >&5
gcc: unrecognized option '-qversion'
gcc: no input files
configure:3296: $? = 1
configure:3316: checking whether the C compiler works
configure:3338: gcc    conftest.c  >&5
configure:3342: $? = 0
configure:3390: result: yes
configure:3393: checking for C compiler default output file name
configure:3395: result: a.out
configure:3401: checking for suffix of executables
configure:3408: gcc -o conftest    conftest.c  >&5
configure:3412: $? = 0
configure:3434: result: 
configure:3456: checking whether we are cross compiling
configure:3464: gcc -o conftest    conftest.c  >&5
configure:3468: $? = 0
configure:3475: ./conftest
configure:3479: $? = 0
configure:3494: result: no
configure:3499: checking for suffix of object files
configure:3521: gcc -c   conftest.c >&5
configure:3525: $? = 0
configure:3546: result: o
configure:3550: checking whether we are using the GNU C compiler
configure:3569: gcc -c   conftest.c >&5
configure:3569: $? = 0
configure:3578: result: yes
configure:3587: checking whether gcc accepts -g
configure:3607: gcc -c -g  conftest.c >&5
configure:3607: $? = 0
configure:3648: result: yes
configure:3665: checking for gcc option to accept ISO C89
configure:3728: gcc  -c -g -O2  conftest.c >&5
configure:3728: $? = 0
configure:3741: result: none needed
configure:3763: checking dependency style of gcc
configure:3874: result: none
configure:3889: checking for gcc option to accept ISO C99
configure:4038: gcc  -c -g -O2  conftest.c >&5
conftest.c:59: error: expected ';', ',' or ')' before 'text'
conftest.c: In function 'main':
conftest.c:113: error: expected '=', ',', ';', 'asm' or '__attribute__' before 'newvar'
conftest.c:113: error: 'newvar' undeclared (first use in this function)
conftest.c:113: error: (Each undeclared identifier is reported only once
conftest.c:113: error: for each function it appears in.)
conftest.c:123: error: 'for' loop initial declaration used outside C99 mode
configure:4038: $? = 1
configure: failed program was:
| /* confdefs.h */
| #define PACKAGE_NAME "FULL-PACKAGE-NAME"
| #define PACKAGE_TARNAME "full-package-name"
| #define PACKAGE_VERSION "VERSION"
| #define PACKAGE_STRING "FULL-PACKAGE-NAME VERSION"
| #define PACKAGE_BUGREPORT "BUG-REPORT-ADDRESS"
| #define PACKAGE_URL ""
| /* end confdefs.h.  */
| #include <stdarg.h>
| #include <stdbool.h>
| #include <stdlib.h>
| #include <wchar.h>
| #include <stdio.h>
| 
| // Check varargs macros.  These examples are taken from C99 6.10.3.5.
| #define debug(...) fprintf (stderr, __VA_ARGS__)
| #define showlist(...) puts (#__VA_ARGS__)
| #define report(test,...) ((test) ? puts (#test) : printf (__VA_ARGS__))
| static void
| test_varargs_macros (void)
| {
|   int x = 1234;
|   int y = 5678;
|   debug ("Flag");
|   debug ("X = %d\n", x);
|   showlist (The first, second, and third items.);
|   report (x>y, "x is %d but y is %d", x, y);
| }
| 
| // Check long long types.
| #define BIG64 18446744073709551615ull
| #define BIG32 4294967295ul
| #define BIG_OK (BIG64 / BIG32 == 4294967297ull && BIG64 % BIG32 == 0)
| #if !BIG_OK
|   your preprocessor is broken;
| #endif
| #if BIG_OK
| #else
|   your preprocessor is broken;
| #endif
| static long long int bignum = -9223372036854775807LL;
| static unsigned long long int ubignum = BIG64;
| 
| struct incomplete_array
| {
|   int datasize;
|   double data[];
| };
| 
| struct named_init {
|   int number;
|   const wchar_t *name;
|   double average;
| };
| 
| typedef const char *ccp;
| 
| static inline int
| test_restrict (ccp restrict text)
| {
|   // See if C++-style comments work.
|   // Iterate through items via the restricted pointer.
|   // Also check for declarations in for loops.
|   for (unsigned int i = 0; *(text+i) != '\0'; ++i)
|     continue;
|   return 0;
| }
| 
| // Check varargs and va_copy.
| static void
| test_varargs (const char *format, ...)
| {
|   va_list args;
|   va_start (args, format);
|   va_list args_copy;
|   va_copy (args_copy, args);
| 
|   const char *str;
|   int number;
|   float fnumber;
| 
|   while (*format)
|     {
|       switch (*format++)
| 	{
| 	case 's': // string
| 	  str = va_arg (args_copy, const char *);
| 	  break;
| 	case 'd': // int
| 	  number = va_arg (args_copy, int);
| 	  break;
| 	case 'f': // float
| 	  fnumber = va_arg (args_copy, double);
| 	  break;
| 	default:
| 	  break;
| 	}
|     }
|   va_end (args_copy);
|   va_end (args);
| }
| 
| int
| main ()
| {
| 
|   // Check bool.
|   _Bool success = false;
| 
|   // Check restrict.
|   if (test_restrict ("String literal") == 0)
|     success = true;
|   char *restrict newvar = "Another string";
| 
|   // Check varargs.
|   test_varargs ("s, d' f .", "string", 65, 34.234);
|   test_varargs_macros ();
| 
|   // Check flexible array members.
|   struct incomplete_array *ia =
|     malloc (sizeof (struct incomplete_array) + (sizeof (double) * 10));
|   ia->datasize = 10;
|   for (int i = 0; i < ia->datasize; ++i)
|     ia->data[i] = i * 1.234;
| 
|   // Check named initializers.
|   struct named_init ni = {
|     .number = 34,
|     .name = L"Test wide string",
|     .average = 543.34343,
|   };
| 
|   ni.number = 58;
| 
|   int dynamic_array[ni.number];
|   dynamic_array[ni.number - 1] = 543;
| 
|   // work around unused variable warnings
|   return (!success || bignum == 0LL || ubignum == 0uLL || newvar[0] == 'x'
| 	  || dynamic_array[ni.number - 1] != 543);
| 
|   ;
|   return 0;
| }
configure:4038: gcc -std=gnu99 -c -g -O2  conftest.c >&5
configure:4038: $? = 0
configure:4058: result: -std=gnu99
configure:4071: checking build system type
configure:4085: result: x86_64-unknown-linux-gnu
configure:4105: checking host system type
configure:4118: result: x86_64-unknown-linux-gnu
configure:4151: checking whether C compiler accepts -Wall
configure:4170: gcc -std=gnu99 -c -g -O2  -Wall  conftest.c >&5
configure:4170: $? = 0
configure:4178: result: yes
configure:4191: : CFLAGS="$CFLAGS -Wall"
configure:4194: $? = 0
configure:4207: checking whether C compiler accepts -Wextra
configure:4226: gcc -std=gnu99 -c -g -O2 -Wall  -Wextra  conftest.c >&5
configure:4226: $? = 0
configure:4234: result: yes
configure:4247: : CFLAGS="$CFLAGS -Wextra"
configure:4250: $? = 0
configure:4263: checking whether C compiler accepts -Wno-missing-field-initializers
configure:4282: gcc -std=gnu99 -c -g -O2 -Wall -Wextra  -Wno-missing-field-initializers  conftest.c >&5
configure:4282: $? = 0
configure:4290: result: yes
configure:4303: : CFLAGS="$CFLAGS -Wno-missing-field-initializers"
configure:4306: $? = 0
configure:4319: checking whether C compiler accepts -Wno-unused-parameter
configure:4338: gcc -std=gnu99 -c -g -O2 -Wall -Wextra -Wno-missing-field-initializers  -Wno-unused-parameter  conftest.c >&5
configure:4338: $? = 0
configure:4346: result: yes
configure:4359: : CFLAGS="$CFLAGS -Wno-unused-parameter"
configure:4362: $? = 0
configure:4375: checking whether C compiler accepts -maes
configure:4394: gcc -std=gnu99 -c -g -O2 -Wall -Wextra -Wno-missing-field-initializers -Wno-unused-parameter  -maes  conftest.c >&5
cc1: error: unrecognized command line option "-maes"
configure:4394: $? = 1
configure: failed program was:
| /* confdefs.h */
| #define PACKAGE_NAME "FULL-PACKAGE-NAME"
| #define PACKAGE_TARNAME "full-package-name"
| #define PACKAGE_VERSION "VERSION"
| #define PACKAGE_STRING "FULL-PACKAGE-NAME VERSION"
| #define PACKAGE_BUGREPORT "BUG-REPORT-ADDRESS"
| #define PACKAGE_URL ""
| /* end confdefs.h.  */
| 
| int
| main ()
| {
| 
|   ;
|   return 0;
| }
configure:4402: result: no
configure:4425: checking for __gmpz_init in -lgmp
configure:4450: gcc -std=gnu99 -o conftest -g -O2 -Wall -Wextra -Wno-missing-field-initializers -Wno-unused-parameter   conftest.c -lgmp   >&5
/usr/bin/ld: cannot find -lgmp
collect2: ld returned 1 exit status
configure:4450: $? = 1
configure: failed program was:
| /* confdefs.h */
| #define PACKAGE_NAME "FULL-PACKAGE-NAME"
| #define PACKAGE_TARNAME "full-package-name"
| #define PACKAGE_VERSION "VERSION"
| #define PACKAGE_STRING "FULL-PACKAGE-NAME VERSION"
| #define PACKAGE_BUGREPORT "BUG-REPORT-ADDRESS"
| #define PACKAGE_URL ""
| /* end confdefs.h.  */
| 
| /* Override any GCC internal prototype to avoid an error.
|    Use char because int might match the return type of a GCC
|    builtin and then its argument prototype would still apply.  */
| #ifdef __cplusplus
| extern "C"
| #endif
| char __gmpz_init ();
| int
| main ()
| {
| return __gmpz_init ();
|   ;
|   return 0;
| }
configure:4459: result: no
configure:4481: checking for __gmpz_init in -lmpir
configure:4506: gcc -std=gnu99 -o conftest -g -O2 -Wall -Wextra -Wno-missing-field-initializers -Wno-unused-parameter   conftest.c -lmpir   >&5
/usr/bin/ld: cannot find -lmpir
collect2: ld returned 1 exit status
configure:4506: $? = 1
configure: failed program was:
| /* confdefs.h */
| #define PACKAGE_NAME "FULL-PACKAGE-NAME"
| #define PACKAGE_TARNAME "full-package-name"
| #define PACKAGE_VERSION "VERSION"
| #define PACKAGE_STRING "FULL-PACKAGE-NAME VERSION"
| #define PACKAGE_BUGREPORT "BUG-REPORT-ADDRESS"
| #define PACKAGE_URL ""
| /* end confdefs.h.  */
| 
| /* Override any GCC internal prototype to avoid an error.
|    Use char because int might match the return type of a GCC
|    builtin and then its argument prototype would still apply.  */
| #ifdef __cplusplus
| extern "C"
| #endif
| char __gmpz_init ();
| int
| main ()
| {
| return __gmpz_init ();
|   ;
|   return 0;
| }
configure:4515: result: no
configure:4529: checking whether mpz_powm is declared
configure:4529: gcc -std=gnu99 -c -g -O2 -Wall -Wextra -Wno-missing-field-initializers -Wno-unused-parameter  conftest.c >&5
conftest.c: In function 'main':
conftest.c:24: error: 'mpz_powm' undeclared (first use in this function)
conftest.c:24: error: (Each undeclared identifier is reported only once
conftest.c:24: error: for each function it appears in.)
configure:4529: $? = 1
configure: failed program was:
| /* confdefs.h */
| #define PACKAGE_NAME "FULL-PACKAGE-NAME"
| #define PACKAGE_TARNAME "full-package-name"
| #define PACKAGE_VERSION "VERSION"
| #define PACKAGE_STRING "FULL-PACKAGE-NAME VERSION"
| #define PACKAGE_BUGREPORT "BUG-REPORT-ADDRESS"
| #define PACKAGE_URL ""
| /* end confdefs.h.  */
| 
| #if HAVE_LIBGMP
| # include <gmp.h>
| #elif HAVE_LIBMPIR
| # include <mpir.h>
| #endif
| 
| 
| int
| main ()
| {
| #ifndef mpz_powm
| #ifdef __cplusplus
|   (void) mpz_powm;
| #else
|   (void) mpz_powm;
| #endif
| #endif
| 
|   ;
|   return 0;
| }
configure:4529: result: no
configure:4547: checking whether mpz_powm_sec is declared
configure:4547: gcc -std=gnu99 -c -g -O2 -Wall -Wextra -Wno-missing-field-initializers -Wno-unused-parameter  conftest.c >&5
conftest.c: In function 'main':
conftest.c:25: error: 'mpz_powm_sec' undeclared (first use in this function)
conftest.c:25: error: (Each undeclared identifier is reported only once
conftest.c:25: error: for each function it appears in.)
configure:4547: $? = 1
configure: failed program was:
| /* confdefs.h */
| #define PACKAGE_NAME "FULL-PACKAGE-NAME"
| #define PACKAGE_TARNAME "full-package-name"
| #define PACKAGE_VERSION "VERSION"
| #define PACKAGE_STRING "FULL-PACKAGE-NAME VERSION"
| #define PACKAGE_BUGREPORT "BUG-REPORT-ADDRESS"
| #define PACKAGE_URL ""
| #define HAVE_DECL_MPZ_POWM 0
| /* end confdefs.h.  */
| 
| #if HAVE_LIBGMP
| # include <gmp.h>
| #elif HAVE_LIBMPIR
| # include <mpir.h>
| #endif
| 
| 
| int
| main ()
| {
| #ifndef mpz_powm_sec
| #ifdef __cplusplus
|   (void) mpz_powm_sec;
| #else
|   (void) mpz_powm_sec;
| #endif
| #endif
| 
|   ;
|   return 0;
| }
configure:4547: result: no
configure:4572: checking how to run the C preprocessor
configure:4603: gcc -std=gnu99 -E  conftest.c
configure:4603: $? = 0
configure:4617: gcc -std=gnu99 -E  conftest.c
conftest.c:11:28: error: ac_nonexistent.h: No such file or directory
configure:4617: $? = 1
configure: failed program was:
| /* confdefs.h */
| #define PACKAGE_NAME "FULL-PACKAGE-NAME"
| #define PACKAGE_TARNAME "full-package-name"
| #define PACKAGE_VERSION "VERSION"
| #define PACKAGE_STRING "FULL-PACKAGE-NAME VERSION"
| #define PACKAGE_BUGREPORT "BUG-REPORT-ADDRESS"
| #define PACKAGE_URL ""
| #define HAVE_DECL_MPZ_POWM 0
| #define HAVE_DECL_MPZ_POWM_SEC 0
| /* end confdefs.h.  */
| #include <ac_nonexistent.h>
configure:4642: result: gcc -std=gnu99 -E
configure:4662: gcc -std=gnu99 -E  conftest.c
configure:4662: $? = 0
configure:4676: gcc -std=gnu99 -E  conftest.c
conftest.c:11:28: error: ac_nonexistent.h: No such file or directory
configure:4676: $? = 1
configure: failed program was:
| /* confdefs.h */
| #define PACKAGE_NAME "FULL-PACKAGE-NAME"
| #define PACKAGE_TARNAME "full-package-name"
| #define PACKAGE_VERSION "VERSION"
| #define PACKAGE_STRING "FULL-PACKAGE-NAME VERSION"
| #define PACKAGE_BUGREPORT "BUG-REPORT-ADDRESS"
| #define PACKAGE_URL ""
| #define HAVE_DECL_MPZ_POWM 0
| #define HAVE_DECL_MPZ_POWM_SEC 0
| /* end confdefs.h.  */
| #include <ac_nonexistent.h>
configure:4705: checking for grep that handles long lines and -e
configure:4763: result: /bin/grep
configure:4768: checking for egrep
configure:4830: result: /bin/grep -E
configure:4835: checking for ANSI C header files
configure:4855: gcc -std=gnu99 -c -g -O2 -Wall -Wextra -Wno-missing-field-initializers -Wno-unused-parameter  conftest.c >&5
configure:4855: $? = 0
configure:4928: gcc -std=gnu99 -o conftest -g -O2 -Wall -Wextra -Wno-missing-field-initializers -Wno-unused-parameter   conftest.c  >&5
configure:4928: $? = 0
configure:4928: ./conftest
configure:4928: $? = 0
configure:4939: result: yes
configure:4952: checking for sys/types.h
configure:4952: gcc -std=gnu99 -c -g -O2 -Wall -Wextra -Wno-missing-field-initializers -Wno-unused-parameter  conftest.c >&5
configure:4952: $? = 0
configure:4952: result: yes
configure:4952: checking for sys/stat.h
configure:4952: gcc -std=gnu99 -c -g -O2 -Wall -Wextra -Wno-missing-field-initializers -Wno-unused-parameter  conftest.c >&5
configure:4952: $? = 0
configure:4952: result: yes
configure:4952: checking for stdlib.h
configure:4952: gcc -std=gnu99 -c -g -O2 -Wall -Wextra -Wno-missing-field-initializers -Wno-unused-parameter  conftest.c >&5
configure:4952: $? = 0
configure:4952: result: yes
configure:4952: checking for string.h
configure:4952: gcc -std=gnu99 -c -g -O2 -Wall -Wextra -Wno-missing-field-initializers -Wno-unused-parameter  conftest.c >&5
configure:4952: $? = 0
configure:4952: result: yes
configure:4952: checking for memory.h
configure:4952: gcc -std=gnu99 -c -g -O2 -Wall -Wextra -Wno-missing-field-initializers -Wno-unused-parameter  conftest.c >&5
configure:4952: $? = 0
configure:4952: result: yes
configure:4952: checking for strings.h
configure:4952: gcc -std=gnu99 -c -g -O2 -Wall -Wextra -Wno-missing-field-initializers -Wno-unused-parameter  conftest.c >&5
configure:4952: $? = 0
configure:4952: result: yes
configure:4952: checking for inttypes.h
configure:4952: gcc -std=gnu99 -c -g -O2 -Wall -Wextra -Wno-missing-field-initializers -Wno-unused-parameter  conftest.c >&5
configure:4952: $? = 0
configure:4952: result: yes
configure:4952: checking for stdint.h
configure:4952: gcc -std=gnu99 -c -g -O2 -Wall -Wextra -Wno-missing-field-initializers -Wno-unused-parameter  conftest.c >&5
configure:4952: $? = 0
configure:4952: result: yes
configure:4952: checking for unistd.h
configure:4952: gcc -std=gnu99 -c -g -O2 -Wall -Wextra -Wno-missing-field-initializers -Wno-unused-parameter  conftest.c >&5
configure:4952: $? = 0
configure:4952: result: yes
configure:4967: checking for inttypes.h
configure:4967: result: yes
configure:4967: checking sys/inttypes.h usability
configure:4967: gcc -std=gnu99 -c -g -O2 -Wall -Wextra -Wno-missing-field-initializers -Wno-unused-parameter  conftest.c >&5
conftest.c:55:26: error: sys/inttypes.h: No such file or directory
configure:4967: $? = 1
configure: failed program was:
| /* confdefs.h */
| #define PACKAGE_NAME "FULL-PACKAGE-NAME"
| #define PACKAGE_TARNAME "full-package-name"
| #define PACKAGE_VERSION "VERSION"
| #define PACKAGE_STRING "FULL-PACKAGE-NAME VERSION"
| #define PACKAGE_BUGREPORT "BUG-REPORT-ADDRESS"
| #define PACKAGE_URL ""
| #define HAVE_DECL_MPZ_POWM 0
| #define HAVE_DECL_MPZ_POWM_SEC 0
| #define STDC_HEADERS 1
| #define HAVE_SYS_TYPES_H 1
| #define HAVE_SYS_STAT_H 1
| #define HAVE_STDLIB_H 1
| #define HAVE_STRING_H 1
| #define HAVE_MEMORY_H 1
| #define HAVE_STRINGS_H 1
| #define HAVE_INTTYPES_H 1
| #define HAVE_STDINT_H 1
| #define HAVE_UNISTD_H 1
| #define HAVE_INTTYPES_H 1
| /* end confdefs.h.  */
| #include <stdio.h>
| #ifdef HAVE_SYS_TYPES_H
| # include <sys/types.h>
| #endif
| #ifdef HAVE_SYS_STAT_H
| # include <sys/stat.h>
| #endif
| #ifdef STDC_HEADERS
| # include <stdlib.h>
| # include <stddef.h>
| #else
| # ifdef HAVE_STDLIB_H
| #  include <stdlib.h>
| # endif
| #endif
| #ifdef HAVE_STRING_H
| # if !defined STDC_HEADERS && defined HAVE_MEMORY_H
| #  include <memory.h>
| # endif
| # include <string.h>
| #endif
| #ifdef HAVE_STRINGS_H
| # include <strings.h>
| #endif
| #ifdef HAVE_INTTYPES_H
| # include <inttypes.h>
| #endif
| #ifdef HAVE_STDINT_H
| # include <stdint.h>
| #endif
| #ifdef HAVE_UNISTD_H
| # include <unistd.h>
| #endif
| #include <sys/inttypes.h>
configure:4967: result: no
configure:4967: checking sys/inttypes.h presence
configure:4967: gcc -std=gnu99 -E  conftest.c
conftest.c:22:26: error: sys/inttypes.h: No such file or directory
configure:4967: $? = 1
configure: failed program was:
| /* confdefs.h */
| #define PACKAGE_NAME "FULL-PACKAGE-NAME"
| #define PACKAGE_TARNAME "full-package-name"
| #define PACKAGE_VERSION "VERSION"
| #define PACKAGE_STRING "FULL-PACKAGE-NAME VERSION"
| #define PACKAGE_BUGREPORT "BUG-REPORT-ADDRESS"
| #define PACKAGE_URL ""
| #define HAVE_DECL_MPZ_POWM 0
| #define HAVE_DECL_MPZ_POWM_SEC 0
| #define STDC_HEADERS 1
| #define HAVE_SYS_TYPES_H 1
| #define HAVE_SYS_STAT_H 1
| #define HAVE_STDLIB_H 1
| #define HAVE_STRING_H 1
| #define HAVE_MEMORY_H 1
| #define HAVE_STRINGS_H 1
| #define HAVE_INTTYPES_H 1
| #define HAVE_STDINT_H 1
| #define HAVE_UNISTD_H 1
| #define HAVE_INTTYPES_H 1
| /* end confdefs.h.  */
| #include <sys/inttypes.h>
configure:4967: result: no
configure:4967: checking for sys/inttypes.h
configure:4967: result: no
configure:4967: checking cpuid.h usability
configure:4967: gcc -std=gnu99 -c -g -O2 -Wall -Wextra -Wno-missing-field-initializers -Wno-unused-parameter  conftest.c >&5
conftest.c:55:19: error: cpuid.h: No such file or directory
configure:4967: $? = 1
configure: failed program was:
| /* confdefs.h */
| #define PACKAGE_NAME "FULL-PACKAGE-NAME"
| #define PACKAGE_TARNAME "full-package-name"
| #define PACKAGE_VERSION "VERSION"
| #define PACKAGE_STRING "FULL-PACKAGE-NAME VERSION"
| #define PACKAGE_BUGREPORT "BUG-REPORT-ADDRESS"
| #define PACKAGE_URL ""
| #define HAVE_DECL_MPZ_POWM 0
| #define HAVE_DECL_MPZ_POWM_SEC 0
| #define STDC_HEADERS 1
| #define HAVE_SYS_TYPES_H 1
| #define HAVE_SYS_STAT_H 1
| #define HAVE_STDLIB_H 1
| #define HAVE_STRING_H 1
| #define HAVE_MEMORY_H 1
| #define HAVE_STRINGS_H 1
| #define HAVE_INTTYPES_H 1
| #define HAVE_STDINT_H 1
| #define HAVE_UNISTD_H 1
| #define HAVE_INTTYPES_H 1
| /* end confdefs.h.  */
| #include <stdio.h>
| #ifdef HAVE_SYS_TYPES_H
| # include <sys/types.h>
| #endif
| #ifdef HAVE_SYS_STAT_H
| # include <sys/stat.h>
| #endif
| #ifdef STDC_HEADERS
| # include <stdlib.h>
| # include <stddef.h>
| #else
| # ifdef HAVE_STDLIB_H
| #  include <stdlib.h>
| # endif
| #endif
| #ifdef HAVE_STRING_H
| # if !defined STDC_HEADERS && defined HAVE_MEMORY_H
| #  include <memory.h>
| # endif
| # include <string.h>
| #endif
| #ifdef HAVE_STRINGS_H
| # include <strings.h>
| #endif
| #ifdef HAVE_INTTYPES_H
| # include <inttypes.h>
| #endif
| #ifdef HAVE_STDINT_H
| # include <stdint.h>
| #endif
| #ifdef HAVE_UNISTD_H
| # include <unistd.h>
| #endif
| #include <cpuid.h>
configure:4967: result: no
configure:4967: checking cpuid.h presence
configure:4967: gcc -std=gnu99 -E  conftest.c
conftest.c:22:19: error: cpuid.h: No such file or directory
configure:4967: $? = 1
configure: failed program was:
| /* confdefs.h */
| #define PACKAGE_NAME "FULL-PACKAGE-NAME"
| #define PACKAGE_TARNAME "full-package-name"
| #define PACKAGE_VERSION "VERSION"
| #define PACKAGE_STRING "FULL-PACKAGE-NAME VERSION"
| #define PACKAGE_BUGREPORT "BUG-REPORT-ADDRESS"
| #define PACKAGE_URL ""
| #define HAVE_DECL_MPZ_POWM 0
| #define HAVE_DECL_MPZ_POWM_SEC 0
| #define STDC_HEADERS 1
| #define HAVE_SYS_TYPES_H 1
| #define HAVE_SYS_STAT_H 1
| #define HAVE_STDLIB_H 1
| #define HAVE_STRING_H 1
| #define HAVE_MEMORY_H 1
| #define HAVE_STRINGS_H 1
| #define HAVE_INTTYPES_H 1
| #define HAVE_STDINT_H 1
| #define HAVE_UNISTD_H 1
| #define HAVE_INTTYPES_H 1
| /* end confdefs.h.  */
| #include <cpuid.h>
configure:4967: result: no
configure:4967: checking for cpuid.h
configure:4967: result: no
configure:4967: checking limits.h usability
configure:4967: gcc -std=gnu99 -c -g -O2 -Wall -Wextra -Wno-missing-field-initializers -Wno-unused-parameter  conftest.c >&5
configure:4967: $? = 0
configure:4967: result: yes
configure:4967: checking limits.h presence
configure:4967: gcc -std=gnu99 -E  conftest.c
configure:4967: $? = 0
configure:4967: result: yes
configure:4967: checking for limits.h
configure:4967: result: yes
configure:4967: checking stddef.h usability
configure:4967: gcc -std=gnu99 -c -g -O2 -Wall -Wextra -Wno-missing-field-initializers -Wno-unused-parameter  conftest.c >&5
configure:4967: $? = 0
configure:4967: result: yes
configure:4967: checking stddef.h presence
configure:4967: gcc -std=gnu99 -E  conftest.c
configure:4967: $? = 0
configure:4967: result: yes
configure:4967: checking for stddef.h
configure:4967: result: yes
configure:4967: checking for stdint.h
configure:4967: result: yes
configure:4967: checking for stdlib.h
configure:4967: result: yes
configure:4967: checking for string.h
configure:4967: result: yes
configure:4967: checking wchar.h usability
configure:4967: gcc -std=gnu99 -c -g -O2 -Wall -Wextra -Wno-missing-field-initializers -Wno-unused-parameter  conftest.c >&5
configure:4967: $? = 0
configure:4967: result: yes
configure:4967: checking wchar.h presence
configure:4967: gcc -std=gnu99 -E  conftest.c
configure:4967: $? = 0
configure:4967: result: yes
configure:4967: checking for wchar.h
configure:4967: result: yes
configure:4985: checking wmmintrin.h usability
configure:4985: gcc -std=gnu99 -c -g -O2 -Wall -Wextra -Wno-missing-field-initializers -Wno-unused-parameter  conftest.c >&5
conftest.c:61:23: error: wmmintrin.h: No such file or directory
configure:4985: $? = 1
configure: failed program was:
| /* confdefs.h */
| #define PACKAGE_NAME "FULL-PACKAGE-NAME"
| #define PACKAGE_TARNAME "full-package-name"
| #define PACKAGE_VERSION "VERSION"
| #define PACKAGE_STRING "FULL-PACKAGE-NAME VERSION"
| #define PACKAGE_BUGREPORT "BUG-REPORT-ADDRESS"
| #define PACKAGE_URL ""
| #define HAVE_DECL_MPZ_POWM 0
| #define HAVE_DECL_MPZ_POWM_SEC 0
| #define STDC_HEADERS 1
| #define HAVE_SYS_TYPES_H 1
| #define HAVE_SYS_STAT_H 1
| #define HAVE_STDLIB_H 1
| #define HAVE_STRING_H 1
| #define HAVE_MEMORY_H 1
| #define HAVE_STRINGS_H 1
| #define HAVE_INTTYPES_H 1
| #define HAVE_STDINT_H 1
| #define HAVE_UNISTD_H 1
| #define HAVE_INTTYPES_H 1
| #define HAVE_LIMITS_H 1
| #define HAVE_STDDEF_H 1
| #define HAVE_STDINT_H 1
| #define HAVE_STDLIB_H 1
| #define HAVE_STRING_H 1
| #define HAVE_WCHAR_H 1
| /* end confdefs.h.  */
| #include <stdio.h>
| #ifdef HAVE_SYS_TYPES_H
| # include <sys/types.h>
| #endif
| #ifdef HAVE_SYS_STAT_H
| # include <sys/stat.h>
| #endif
| #ifdef STDC_HEADERS
| # include <stdlib.h>
| # include <stddef.h>
| #else
| # ifdef HAVE_STDLIB_H
| #  include <stdlib.h>
| # endif
| #endif
| #ifdef HAVE_STRING_H
| # if !defined STDC_HEADERS && defined HAVE_MEMORY_H
| #  include <memory.h>
| # endif
| # include <string.h>
| #endif
| #ifdef HAVE_STRINGS_H
| # include <strings.h>
| #endif
| #ifdef HAVE_INTTYPES_H
| # include <inttypes.h>
| #endif
| #ifdef HAVE_STDINT_H
| # include <stdint.h>
| #endif
| #ifdef HAVE_UNISTD_H
| # include <unistd.h>
| #endif
| #include <wmmintrin.h>
configure:4985: result: no
configure:4985: checking wmmintrin.h presence
configure:4985: gcc -std=gnu99 -E  conftest.c
conftest.c:28:23: error: wmmintrin.h: No such file or directory
configure:4985: $? = 1
configure: failed program was:
| /* confdefs.h */
| #define PACKAGE_NAME "FULL-PACKAGE-NAME"
| #define PACKAGE_TARNAME "full-package-name"
| #define PACKAGE_VERSION "VERSION"
| #define PACKAGE_STRING "FULL-PACKAGE-NAME VERSION"
| #define PACKAGE_BUGREPORT "BUG-REPORT-ADDRESS"
| #define PACKAGE_URL ""
| #define HAVE_DECL_MPZ_POWM 0
| #define HAVE_DECL_MPZ_POWM_SEC 0
| #define STDC_HEADERS 1
| #define HAVE_SYS_TYPES_H 1
| #define HAVE_SYS_STAT_H 1
| #define HAVE_STDLIB_H 1
| #define HAVE_STRING_H 1
| #define HAVE_MEMORY_H 1
| #define HAVE_STRINGS_H 1
| #define HAVE_INTTYPES_H 1
| #define HAVE_STDINT_H 1
| #define HAVE_UNISTD_H 1
| #define HAVE_INTTYPES_H 1
| #define HAVE_LIMITS_H 1
| #define HAVE_STDDEF_H 1
| #define HAVE_STDINT_H 1
| #define HAVE_STDLIB_H 1
| #define HAVE_STRING_H 1
| #define HAVE_WCHAR_H 1
| /* end confdefs.h.  */
| #include <wmmintrin.h>
configure:4985: result: no
configure:4985: checking for wmmintrin.h
configure:4985: result: no
configure:4998: checking for inline
configure:5014: gcc -std=gnu99 -c -g -O2 -Wall -Wextra -Wno-missing-field-initializers -Wno-unused-parameter  conftest.c >&5
configure:5014: $? = 0
configure:5022: result: inline
configure:5040: checking for int16_t
configure:5040: gcc -std=gnu99 -c -g -O2 -Wall -Wextra -Wno-missing-field-initializers -Wno-unused-parameter  conftest.c >&5
configure:5040: $? = 0
configure:5040: gcc -std=gnu99 -c -g -O2 -Wall -Wextra -Wno-missing-field-initializers -Wno-unused-parameter  conftest.c >&5
conftest.c: In function 'main':
conftest.c:66: error: size of array 'test_array' is negative
configure:5040: $? = 1
configure: failed program was:
| /* confdefs.h */
| #define PACKAGE_NAME "FULL-PACKAGE-NAME"
| #define PACKAGE_TARNAME "full-package-name"
| #define PACKAGE_VERSION "VERSION"
| #define PACKAGE_STRING "FULL-PACKAGE-NAME VERSION"
| #define PACKAGE_BUGREPORT "BUG-REPORT-ADDRESS"
| #define PACKAGE_URL ""
| #define HAVE_DECL_MPZ_POWM 0
| #define HAVE_DECL_MPZ_POWM_SEC 0
| #define STDC_HEADERS 1
| #define HAVE_SYS_TYPES_H 1
| #define HAVE_SYS_STAT_H 1
| #define HAVE_STDLIB_H 1
| #define HAVE_STRING_H 1
| #define HAVE_MEMORY_H 1
| #define HAVE_STRINGS_H 1
| #define HAVE_INTTYPES_H 1
| #define HAVE_STDINT_H 1
| #define HAVE_UNISTD_H 1
| #define HAVE_INTTYPES_H 1
| #define HAVE_LIMITS_H 1
| #define HAVE_STDDEF_H 1
| #define HAVE_STDINT_H 1
| #define HAVE_STDLIB_H 1
| #define HAVE_STRING_H 1
| #define HAVE_WCHAR_H 1
| /* end confdefs.h.  */
| #include <stdio.h>
| #ifdef HAVE_SYS_TYPES_H
| # include <sys/types.h>
| #endif
| #ifdef HAVE_SYS_STAT_H
| # include <sys/stat.h>
| #endif
| #ifdef STDC_HEADERS
| # include <stdlib.h>
| # include <stddef.h>
| #else
| # ifdef HAVE_STDLIB_H
| #  include <stdlib.h>
| # endif
| #endif
| #ifdef HAVE_STRING_H
| # if !defined STDC_HEADERS && defined HAVE_MEMORY_H
| #  include <memory.h>
| # endif
| # include <string.h>
| #endif
| #ifdef HAVE_STRINGS_H
| # include <strings.h>
| #endif
| #ifdef HAVE_INTTYPES_H
| # include <inttypes.h>
| #endif
| #ifdef HAVE_STDINT_H
| # include <stdint.h>
| #endif
| #ifdef HAVE_UNISTD_H
| # include <unistd.h>
| #endif
| 	        enum { N = 16 / 2 - 1 };
| int
| main ()
| {
| static int test_array [1 - 2 * !((int16_t) (((((int16_t) 1 << N) << N) - 1) * 2 + 1)
| 		 < (int16_t) (((((int16_t) 1 << N) << N) - 1) * 2 + 2))];
| test_array [0] = 0;
| return test_array [0];
| 
|   ;
|   return 0;
| }
configure:5040: result: yes
configure:5051: checking for int32_t
configure:5051: gcc -std=gnu99 -c -g -O2 -Wall -Wextra -Wno-missing-field-initializers -Wno-unused-parameter  conftest.c >&5
configure:5051: $? = 0
configure:5051: gcc -std=gnu99 -c -g -O2 -Wall -Wextra -Wno-missing-field-initializers -Wno-unused-parameter  conftest.c >&5
conftest.c: In function 'main':
conftest.c:66: warning: integer overflow in expression
conftest.c:66: error: size of array 'test_array' is negative
configure:5051: $? = 1
configure: failed program was:
| /* confdefs.h */
| #define PACKAGE_NAME "FULL-PACKAGE-NAME"
| #define PACKAGE_TARNAME "full-package-name"
| #define PACKAGE_VERSION "VERSION"
| #define PACKAGE_STRING "FULL-PACKAGE-NAME VERSION"
| #define PACKAGE_BUGREPORT "BUG-REPORT-ADDRESS"
| #define PACKAGE_URL ""
| #define HAVE_DECL_MPZ_POWM 0
| #define HAVE_DECL_MPZ_POWM_SEC 0
| #define STDC_HEADERS 1
| #define HAVE_SYS_TYPES_H 1
| #define HAVE_SYS_STAT_H 1
| #define HAVE_STDLIB_H 1
| #define HAVE_STRING_H 1
| #define HAVE_MEMORY_H 1
| #define HAVE_STRINGS_H 1
| #define HAVE_INTTYPES_H 1
| #define HAVE_STDINT_H 1
| #define HAVE_UNISTD_H 1
| #define HAVE_INTTYPES_H 1
| #define HAVE_LIMITS_H 1
| #define HAVE_STDDEF_H 1
| #define HAVE_STDINT_H 1
| #define HAVE_STDLIB_H 1
| #define HAVE_STRING_H 1
| #define HAVE_WCHAR_H 1
| /* end confdefs.h.  */
| #include <stdio.h>
| #ifdef HAVE_SYS_TYPES_H
| # include <sys/types.h>
| #endif
| #ifdef HAVE_SYS_STAT_H
| # include <sys/stat.h>
| #endif
| #ifdef STDC_HEADERS
| # include <stdlib.h>
| # include <stddef.h>
| #else
| # ifdef HAVE_STDLIB_H
| #  include <stdlib.h>
| # endif
| #endif
| #ifdef HAVE_STRING_H
| # if !defined STDC_HEADERS && defined HAVE_MEMORY_H
| #  include <memory.h>
| # endif
| # include <string.h>
| #endif
| #ifdef HAVE_STRINGS_H
| # include <strings.h>
| #endif
| #ifdef HAVE_INTTYPES_H
| # include <inttypes.h>
| #endif
| #ifdef HAVE_STDINT_H
| # include <stdint.h>
| #endif
| #ifdef HAVE_UNISTD_H
| # include <unistd.h>
| #endif
| 	        enum { N = 32 / 2 - 1 };
| int
| main ()
| {
| static int test_array [1 - 2 * !((int32_t) (((((int32_t) 1 << N) << N) - 1) * 2 + 1)
| 		 < (int32_t) (((((int32_t) 1 << N) << N) - 1) * 2 + 2))];
| test_array [0] = 0;
| return test_array [0];
| 
|   ;
|   return 0;
| }
configure:5051: result: yes
configure:5062: checking for int64_t
configure:5062: gcc -std=gnu99 -c -g -O2 -Wall -Wextra -Wno-missing-field-initializers -Wno-unused-parameter  conftest.c >&5
configure:5062: $? = 0
configure:5062: gcc -std=gnu99 -c -g -O2 -Wall -Wextra -Wno-missing-field-initializers -Wno-unused-parameter  conftest.c >&5
conftest.c: In function 'main':
conftest.c:66: warning: integer overflow in expression
conftest.c:66: error: size of array 'test_array' is negative
configure:5062: $? = 1
configure: failed program was:
| /* confdefs.h */
| #define PACKAGE_NAME "FULL-PACKAGE-NAME"
| #define PACKAGE_TARNAME "full-package-name"
| #define PACKAGE_VERSION "VERSION"
| #define PACKAGE_STRING "FULL-PACKAGE-NAME VERSION"
| #define PACKAGE_BUGREPORT "BUG-REPORT-ADDRESS"
| #define PACKAGE_URL ""
| #define HAVE_DECL_MPZ_POWM 0
| #define HAVE_DECL_MPZ_POWM_SEC 0
| #define STDC_HEADERS 1
| #define HAVE_SYS_TYPES_H 1
| #define HAVE_SYS_STAT_H 1
| #define HAVE_STDLIB_H 1
| #define HAVE_STRING_H 1
| #define HAVE_MEMORY_H 1
| #define HAVE_STRINGS_H 1
| #define HAVE_INTTYPES_H 1
| #define HAVE_STDINT_H 1
| #define HAVE_UNISTD_H 1
| #define HAVE_INTTYPES_H 1
| #define HAVE_LIMITS_H 1
| #define HAVE_STDDEF_H 1
| #define HAVE_STDINT_H 1
| #define HAVE_STDLIB_H 1
| #define HAVE_STRING_H 1
| #define HAVE_WCHAR_H 1
| /* end confdefs.h.  */
| #include <stdio.h>
| #ifdef HAVE_SYS_TYPES_H
| # include <sys/types.h>
| #endif
| #ifdef HAVE_SYS_STAT_H
| # include <sys/stat.h>
| #endif
| #ifdef STDC_HEADERS
| # include <stdlib.h>
| # include <stddef.h>
| #else
| # ifdef HAVE_STDLIB_H
| #  include <stdlib.h>
| # endif
| #endif
| #ifdef HAVE_STRING_H
| # if !defined STDC_HEADERS && defined HAVE_MEMORY_H
| #  include <memory.h>
| # endif
| # include <string.h>
| #endif
| #ifdef HAVE_STRINGS_H
| # include <strings.h>
| #endif
| #ifdef HAVE_INTTYPES_H
| # include <inttypes.h>
| #endif
| #ifdef HAVE_STDINT_H
| # include <stdint.h>
| #endif
| #ifdef HAVE_UNISTD_H
| # include <unistd.h>
| #endif
| 	        enum { N = 64 / 2 - 1 };
| int
| main ()
| {
| static int test_array [1 - 2 * !((int64_t) (((((int64_t) 1 << N) << N) - 1) * 2 + 1)
| 		 < (int64_t) (((((int64_t) 1 << N) << N) - 1) * 2 + 2))];
| test_array [0] = 0;
| return test_array [0];
| 
|   ;
|   return 0;
| }
configure:5062: result: yes
configure:5073: checking for int8_t
configure:5073: gcc -std=gnu99 -c -g -O2 -Wall -Wextra -Wno-missing-field-initializers -Wno-unused-parameter  conftest.c >&5
configure:5073: $? = 0
configure:5073: gcc -std=gnu99 -c -g -O2 -Wall -Wextra -Wno-missing-field-initializers -Wno-unused-parameter  conftest.c >&5
conftest.c: In function 'main':
conftest.c:66: error: size of array 'test_array' is negative
configure:5073: $? = 1
configure: failed program was:
| /* confdefs.h */
| #define PACKAGE_NAME "FULL-PACKAGE-NAME"
| #define PACKAGE_TARNAME "full-package-name"
| #define PACKAGE_VERSION "VERSION"
| #define PACKAGE_STRING "FULL-PACKAGE-NAME VERSION"
| #define PACKAGE_BUGREPORT "BUG-REPORT-ADDRESS"
| #define PACKAGE_URL ""
| #define HAVE_DECL_MPZ_POWM 0
| #define HAVE_DECL_MPZ_POWM_SEC 0
| #define STDC_HEADERS 1
| #define HAVE_SYS_TYPES_H 1
| #define HAVE_SYS_STAT_H 1
| #define HAVE_STDLIB_H 1
| #define HAVE_STRING_H 1
| #define HAVE_MEMORY_H 1
| #define HAVE_STRINGS_H 1
| #define HAVE_INTTYPES_H 1
| #define HAVE_STDINT_H 1
| #define HAVE_UNISTD_H 1
| #define HAVE_INTTYPES_H 1
| #define HAVE_LIMITS_H 1
| #define HAVE_STDDEF_H 1
| #define HAVE_STDINT_H 1
| #define HAVE_STDLIB_H 1
| #define HAVE_STRING_H 1
| #define HAVE_WCHAR_H 1
| /* end confdefs.h.  */
| #include <stdio.h>
| #ifdef HAVE_SYS_TYPES_H
| # include <sys/types.h>
| #endif
| #ifdef HAVE_SYS_STAT_H
| # include <sys/stat.h>
| #endif
| #ifdef STDC_HEADERS
| # include <stdlib.h>
| # include <stddef.h>
| #else
| # ifdef HAVE_STDLIB_H
| #  include <stdlib.h>
| # endif
| #endif
| #ifdef HAVE_STRING_H
| # if !defined STDC_HEADERS && defined HAVE_MEMORY_H
| #  include <memory.h>
| # endif
| # include <string.h>
| #endif
| #ifdef HAVE_STRINGS_H
| # include <strings.h>
| #endif
| #ifdef HAVE_INTTYPES_H
| # include <inttypes.h>
| #endif
| #ifdef HAVE_STDINT_H
| # include <stdint.h>
| #endif
| #ifdef HAVE_UNISTD_H
| # include <unistd.h>
| #endif
| 	        enum { N = 8 / 2 - 1 };
| int
| main ()
| {
| static int test_array [1 - 2 * !((int8_t) (((((int8_t) 1 << N) << N) - 1) * 2 + 1)
| 		 < (int8_t) (((((int8_t) 1 << N) << N) - 1) * 2 + 2))];
| test_array [0] = 0;
| return test_array [0];
| 
|   ;
|   return 0;
| }
configure:5073: result: yes
configure:5084: checking for size_t
configure:5084: gcc -std=gnu99 -c -g -O2 -Wall -Wextra -Wno-missing-field-initializers -Wno-unused-parameter  conftest.c >&5
configure:5084: $? = 0
configure:5084: gcc -std=gnu99 -c -g -O2 -Wall -Wextra -Wno-missing-field-initializers -Wno-unused-parameter  conftest.c >&5
conftest.c: In function 'main':
conftest.c:64: error: expected expression before ')' token
configure:5084: $? = 1
configure: failed program was:
| /* confdefs.h */
| #define PACKAGE_NAME "FULL-PACKAGE-NAME"
| #define PACKAGE_TARNAME "full-package-name"
| #define PACKAGE_VERSION "VERSION"
| #define PACKAGE_STRING "FULL-PACKAGE-NAME VERSION"
| #define PACKAGE_BUGREPORT "BUG-REPORT-ADDRESS"
| #define PACKAGE_URL ""
| #define HAVE_DECL_MPZ_POWM 0
| #define HAVE_DECL_MPZ_POWM_SEC 0
| #define STDC_HEADERS 1
| #define HAVE_SYS_TYPES_H 1
| #define HAVE_SYS_STAT_H 1
| #define HAVE_STDLIB_H 1
| #define HAVE_STRING_H 1
| #define HAVE_MEMORY_H 1
| #define HAVE_STRINGS_H 1
| #define HAVE_INTTYPES_H 1
| #define HAVE_STDINT_H 1
| #define HAVE_UNISTD_H 1
| #define HAVE_INTTYPES_H 1
| #define HAVE_LIMITS_H 1
| #define HAVE_STDDEF_H 1
| #define HAVE_STDINT_H 1
| #define HAVE_STDLIB_H 1
| #define HAVE_STRING_H 1
| #define HAVE_WCHAR_H 1
| /* end confdefs.h.  */
| #include <stdio.h>
| #ifdef HAVE_SYS_TYPES_H
| # include <sys/types.h>
| #endif
| #ifdef HAVE_SYS_STAT_H
| # include <sys/stat.h>
| #endif
| #ifdef STDC_HEADERS
| # include <stdlib.h>
| # include <stddef.h>
| #else
| # ifdef HAVE_STDLIB_H
| #  include <stdlib.h>
| # endif
| #endif
| #ifdef HAVE_STRING_H
| # if !defined STDC_HEADERS && defined HAVE_MEMORY_H
| #  include <memory.h>
| # endif
| # include <string.h>
| #endif
| #ifdef HAVE_STRINGS_H
| # include <strings.h>
| #endif
| #ifdef HAVE_INTTYPES_H
| # include <inttypes.h>
| #endif
| #ifdef HAVE_STDINT_H
| # include <stdint.h>
| #endif
| #ifdef HAVE_UNISTD_H
| # include <unistd.h>
| #endif
| int
| main ()
| {
| if (sizeof ((size_t)))
| 	    return 0;
|   ;
|   return 0;
| }
configure:5084: result: yes
configure:5095: checking for uint16_t
configure:5095: gcc -std=gnu99 -c -g -O2 -Wall -Wextra -Wno-missing-field-initializers -Wno-unused-parameter  conftest.c >&5
configure:5095: $? = 0
configure:5095: result: yes
configure:5107: checking for uint32_t
configure:5107: gcc -std=gnu99 -c -g -O2 -Wall -Wextra -Wno-missing-field-initializers -Wno-unused-parameter  conftest.c >&5
configure:5107: $? = 0
configure:5107: result: yes
configure:5121: checking for uint64_t
configure:5121: gcc -std=gnu99 -c -g -O2 -Wall -Wextra -Wno-missing-field-initializers -Wno-unused-parameter  conftest.c >&5
configure:5121: $? = 0
configure:5121: result: yes
configure:5135: checking for uint8_t
configure:5135: gcc -std=gnu99 -c -g -O2 -Wall -Wextra -Wno-missing-field-initializers -Wno-unused-parameter  conftest.c >&5
configure:5135: $? = 0
configure:5135: result: yes
configure:5153: checking for stdlib.h
configure:5153: result: yes
configure:5163: checking for GNU libc compatible malloc
configure:5187: gcc -std=gnu99 -o conftest -g -O2 -Wall -Wextra -Wno-missing-field-initializers -Wno-unused-parameter   conftest.c  >&5
configure:5187: $? = 0
configure:5187: ./conftest
configure:5187: $? = 0
configure:5197: result: yes
configure:5221: checking for memmove
configure:5221: gcc -std=gnu99 -o conftest -g -O2 -Wall -Wextra -Wno-missing-field-initializers -Wno-unused-parameter   conftest.c  >&5
conftest.c:53: warning: conflicting types for built-in function 'memmove'
configure:5221: $? = 0
configure:5221: result: yes
configure:5221: checking for memset
configure:5221: gcc -std=gnu99 -o conftest -g -O2 -Wall -Wextra -Wno-missing-field-initializers -Wno-unused-parameter   conftest.c  >&5
conftest.c:54: warning: conflicting types for built-in function 'memset'
configure:5221: $? = 0
configure:5221: result: yes
configure:5340: checking that generated files are newer than configure
configure:5346: result: done
configure:5369: creating ./config.status

## ---------------------- ##
## Running config.status. ##
## ---------------------- ##

This file was extended by FULL-PACKAGE-NAME config.status VERSION, which was
generated by GNU Autoconf 2.69.  Invocation command line was

  CONFIG_FILES    = 
  CONFIG_HEADERS  = 
  CONFIG_LINKS    = 
  CONFIG_COMMANDS = 
  $ ./config.status 

on mon-blade03

config.status:867: creating buildenv
config.status:867: creating src/config.h
config.status:1096: executing depfiles commands

## ---------------- ##
## Cache variables. ##
## ---------------- ##

ac_cv_build=x86_64-unknown-linux-gnu
ac_cv_c_compiler_gnu=yes
ac_cv_c_inline=inline
ac_cv_c_int16_t=yes
ac_cv_c_int32_t=yes
ac_cv_c_int64_t=yes
ac_cv_c_int8_t=yes
ac_cv_c_uint16_t=yes
ac_cv_c_uint32_t=yes
ac_cv_c_uint64_t=yes
ac_cv_c_uint8_t=yes
ac_cv_env_CC_set=
ac_cv_env_CC_value=
ac_cv_env_CFLAGS_set=
ac_cv_env_CFLAGS_value=
ac_cv_env_CPPFLAGS_set=
ac_cv_env_CPPFLAGS_value=
ac_cv_env_CPP_set=
ac_cv_env_CPP_value=
ac_cv_env_LDFLAGS_set=
ac_cv_env_LDFLAGS_value=
ac_cv_env_LIBS_set=
ac_cv_env_LIBS_value=
ac_cv_env_build_alias_set=
ac_cv_env_build_alias_value=
ac_cv_env_host_alias_set=
ac_cv_env_host_alias_value=
ac_cv_env_target_alias_set=
ac_cv_env_target_alias_value=
ac_cv_func_malloc_0_nonnull=yes
ac_cv_func_memmove=yes
ac_cv_func_memset=yes
ac_cv_have_decl_mpz_powm=no
ac_cv_have_decl_mpz_powm_sec=no
ac_cv_header_cpuid_h=no
ac_cv_header_inttypes_h=yes
ac_cv_header_limits_h=yes
ac_cv_header_memory_h=yes
ac_cv_header_stdc=yes
ac_cv_header_stddef_h=yes
ac_cv_header_stdint_h=yes
ac_cv_header_stdlib_h=yes
ac_cv_header_string_h=yes
ac_cv_header_strings_h=yes
ac_cv_header_sys_inttypes_h=no
ac_cv_header_sys_stat_h=yes
ac_cv_header_sys_types_h=yes
ac_cv_header_unistd_h=yes
ac_cv_header_wchar_h=yes
ac_cv_header_wmmintrin_h=no
ac_cv_host=x86_64-unknown-linux-gnu
ac_cv_lib_gmp___gmpz_init=no
ac_cv_lib_mpir___gmpz_init=no
ac_cv_objext=o
ac_cv_path_EGREP='/bin/grep -E'
ac_cv_path_GREP=/bin/grep
ac_cv_path_install='/usr/bin/install -c'
ac_cv_path_mkdir=/bin/mkdir
ac_cv_prog_AWK=gawk
ac_cv_prog_CPP='gcc -std=gnu99 -E'
ac_cv_prog_ac_ct_CC=gcc
ac_cv_prog_cc_c89=
ac_cv_prog_cc_c99=-std=gnu99
ac_cv_prog_cc_g=yes
ac_cv_prog_make_make_set=yes
ac_cv_type_size_t=yes
am_cv_CC_dependencies_compiler_type=none
ax_cv_check_cflags___Wall=yes
ax_cv_check_cflags___Wextra=yes
ax_cv_check_cflags___Wno_missing_field_initializers=yes
ax_cv_check_cflags___Wno_unused_parameter=yes
ax_cv_check_cflags___maes=no

## ----------------- ##
## Output variables. ##
## ----------------- ##

ACLOCAL='${SHELL} /home/test/console/tools/pycrypto-2.7a1/build-aux/missing --run aclocal-1.12'
AMDEPBACKSLASH='\'
AMDEP_FALSE='#'
AMDEP_TRUE=''
AMTAR='$${TAR-tar}'
AUTOCONF='${SHELL} /home/test/console/tools/pycrypto-2.7a1/build-aux/missing --run autoconf'
AUTOHEADER='${SHELL} /home/test/console/tools/pycrypto-2.7a1/build-aux/missing --run autoheader'
AUTOMAKE='${SHELL} /home/test/console/tools/pycrypto-2.7a1/build-aux/missing --run automake-1.12'
AWK='gawk'
CC='gcc -std=gnu99'
CCDEPMODE='depmode=none'
CFLAGS='-g -O2 -Wall -Wextra -Wno-missing-field-initializers -Wno-unused-parameter'
CPP='gcc -std=gnu99 -E'
CPPFLAGS=''
CYGPATH_W='echo'
DEFS='-DHAVE_CONFIG_H'
DEPDIR='.deps'
ECHO_C=''
ECHO_N='-n'
ECHO_T=''
EGREP='/bin/grep -E'
EXEEXT=''
GREP='/bin/grep'
INSTALL_DATA='${INSTALL} -m 644'
INSTALL_PROGRAM='${INSTALL}'
INSTALL_SCRIPT='${INSTALL}'
INSTALL_STRIP_PROGRAM='$(install_sh) -c -s'
LDFLAGS=''
LIBOBJS=''
LIBS=''
LTLIBOBJS=''
MAKEINFO='${SHELL} /home/test/console/tools/pycrypto-2.7a1/build-aux/missing --run makeinfo'
MKDIR_P='/bin/mkdir -p'
OBJEXT='o'
PACKAGE='full-package-name'
PACKAGE_BUGREPORT='BUG-REPORT-ADDRESS'
PACKAGE_NAME='FULL-PACKAGE-NAME'
PACKAGE_STRING='FULL-PACKAGE-NAME VERSION'
PACKAGE_TARNAME='full-package-name'
PACKAGE_URL=''
PACKAGE_VERSION='VERSION'
PATH_SEPARATOR=':'
SET_MAKE=''
SHELL='/bin/sh'
STRIP=''
VERSION='VERSION'
ac_ct_CC='gcc'
am__EXEEXT_FALSE=''
am__EXEEXT_TRUE='#'
am__fastdepCC_FALSE=''
am__fastdepCC_TRUE='#'
am__include='include'
am__isrc=''
am__leading_dot='.'
am__nodep='_no'
am__quote=''
am__tar='$${TAR-tar} chof - "$$tardir"'
am__untar='$${TAR-tar} xf -'
bindir='${exec_prefix}/bin'
build='x86_64-unknown-linux-gnu'
build_alias=''
build_cpu='x86_64'
build_os='linux-gnu'
build_vendor='unknown'
datadir='${datarootdir}'
datarootdir='${prefix}/share'
docdir='${datarootdir}/doc/${PACKAGE_TARNAME}'
dvidir='${docdir}'
exec_prefix='${prefix}'
host='x86_64-unknown-linux-gnu'
host_alias=''
host_cpu='x86_64'
host_os='linux-gnu'
host_vendor='unknown'
htmldir='${docdir}'
includedir='${prefix}/include'
infodir='${datarootdir}/info'
install_sh='${SHELL} /home/test/console/tools/pycrypto-2.7a1/build-aux/install-sh'
libdir='${exec_prefix}/lib'
libexecdir='${exec_prefix}/libexec'
localedir='${datarootdir}/locale'
localstatedir='${prefix}/var'
mandir='${datarootdir}/man'
mkdir_p='$(MKDIR_P)'
oldincludedir='/usr/include'
pdfdir='${docdir}'
prefix='/usr/local'
program_transform_name='s,x,x,'
psdir='${docdir}'
sbindir='${exec_prefix}/sbin'
sharedstatedir='${prefix}/com'
sysconfdir='${prefix}/etc'
target_alias=''

## ----------- ##
## confdefs.h. ##
## ----------- ##

/* confdefs.h */
#define PACKAGE_NAME "FULL-PACKAGE-NAME"
#define PACKAGE_TARNAME "full-package-name"
#define PACKAGE_VERSION "VERSION"
#define PACKAGE_STRING "FULL-PACKAGE-NAME VERSION"
#define PACKAGE_BUGREPORT "BUG-REPORT-ADDRESS"
#define PACKAGE_URL ""
#define HAVE_DECL_MPZ_POWM 0
#define HAVE_DECL_MPZ_POWM_SEC 0
#define STDC_HEADERS 1
#define HAVE_SYS_TYPES_H 1
#define HAVE_SYS_STAT_H 1
#define HAVE_STDLIB_H 1
#define HAVE_STRING_H 1
#define HAVE_MEMORY_H 1
#define HAVE_STRINGS_H 1
#define HAVE_INTTYPES_H 1
#define HAVE_STDINT_H 1
#define HAVE_UNISTD_H 1
#define HAVE_INTTYPES_H 1
#define HAVE_LIMITS_H 1
#define HAVE_STDDEF_H 1
#define HAVE_STDINT_H 1
#define HAVE_STDLIB_H 1
#define HAVE_STRING_H 1
#define HAVE_WCHAR_H 1
#define HAVE_STDLIB_H 1
#define HAVE_MALLOC 1
#define HAVE_MEMMOVE 1
#define HAVE_MEMSET 1

configure: exit 0
