6308   ERROR  [08-31 10:00:42.676] GTA::QtAPI::QtLogin: USR/PWD Invalid! https://upmsapi.gtarsc.com:443/api/user/login?name=hello1&password=123456&mac=93-E4-1C-6E-20-91&applicationMark=12: {"status":2,"messagecode":33619980,"message":"用户名或者密码验证错误！"} [QtAPI.cpp:161] 
6308   ERROR  [08-31 10:00:42.676] GTA::QtAPI::QtLogin: Invalid usr/pwd! [QtAPI.cpp:180] 
9336   INFO   [08-31 10:02:55.239] QtAPI: Started! [QtAPI.cpp:77] 
9336   FATAL  [08-31 10:02:55.239] GTA::QtAPI::CApiCfg::LoadBrokerInfos: can't find any broker config file in ./brokers! [ApiCfg.cpp:263] 
9336   INFO   [08-31 10:02:56.279] GTA::QtAPI::UpdateAuthInfo: RtQuote authorized! [QtAuth.cpp:162] 
9336   INFO   [08-31 10:02:56.279] GTA::QtAPI::UpdateAuthInfo: ArQuote authorized! [QtAuth.cpp:173] 
9336   INFO   [08-31 10:02:56.477] OnAuthChanged Started! [QtAPI.cpp:139] 
9336   INFO   [08-31 10:02:56.477] GTA::QtAPI::QtLogin: success! [QtAPI.cpp:146] 
9336   INFO   [08-31 10:02:56.544] GTA::QtAPI::GetExchanges: success! [QuoteAPI.cpp:1249] 
9336   INFO   [08-31 10:02:56.586] GTA::QtAPI::GetExchanges: finished! [QuoteAPI.cpp:1252] 
9336   INFO   [08-31 10:02:56.683] GTA::QtAPI::GetTradeTypes: success! [QuoteAPI.cpp:1290] 
9336   INFO   [08-31 10:02:56.719] GTA::QtAPI::GetTradeTypes: finished! [QuoteAPI.cpp:1293] 
9336   INFO   [08-31 10:02:56.787] GTA::QtAPI::GetTradeCalendar: success! [QuoteAPI.cpp:1331] 
9336   INFO   [08-31 10:02:56.824] GTA::QtAPI::GetTradeCalendar: finished! [QuoteAPI.cpp:1334] 
9336   INFO   [08-31 10:02:57.387] GTA::QtAPI::GetSnapData: success! [QuoteAPI.cpp:1908] 
9336   INFO   [08-31 10:02:57.443] GTA::QtAPI::GetSnapData: finished! [QuoteAPI.cpp:1911] 
9336   INFO   [08-31 10:02:57.611] GTA::QtAPI::GetPlates: success! [QuoteAPI.cpp:1376] 
9336   INFO   [08-31 10:02:57.658] GTA::QtAPI::GetPlates: finished! [QuoteAPI.cpp:1379] 
9336   INFO   [08-31 10:02:58.411] GTA::QtAPI::GetRelatedPlates: success! [QuoteAPI.cpp:1421] 
9336   INFO   [08-31 10:02:58.473] GTA::QtAPI::GetRelatedPlates: finished! [QuoteAPI.cpp:1425] 
9336   INFO   [08-31 10:03:00.126] GTA::QtAPI::GetPlateSymbols: success! [QuoteAPI.cpp:1470] 
9336   INFO   [08-31 10:03:00.179] GTA::QtAPI::GetPlateSymbols: finished! [QuoteAPI.cpp:1473] 
9336   INFO   [08-31 10:03:00.724] GTA::QtAPI::GetSecurityInfo: success! [QuoteAPI.cpp:1520] 
9336   INFO   [08-31 10:03:00.771] GTA::QtAPI::GetSecurityInfo: finished! [QuoteAPI.cpp:1524] 
9336   INFO   [08-31 10:03:01.361] GTA::QtAPI::GetSecurityCurInfo: success! [QuoteAPI.cpp:1569] 
9336   INFO   [08-31 10:03:01.423] GTA::QtAPI::GetSecurityCurInfo: finished! [QuoteAPI.cpp:1572] 
9336   INFO   [08-31 10:03:04.160] GTA::QtAPI::GetDataByTime: success! [QuoteAPI.cpp:1622] 
9336   INFO   [08-31 10:03:04.195] GTA::QtAPI::GetDataByTime: finished! [QuoteAPI.cpp:1625] 
9336   INFO   [08-31 10:03:04.534] GTA::QtAPI::GetDataByCount: success! [QuoteAPI.cpp:1672] 
9336   INFO   [08-31 10:03:04.581] GTA::QtAPI::GetDataByCount: finished! [QuoteAPI.cpp:1675] 
9336   INFO   [08-31 10:03:06.889] GTA::QtAPI::GetFinance: success! [QuoteAPI.cpp:1958] 
9336   INFO   [08-31 10:03:06.935] GTA::QtAPI::GetFinance: finished! [QuoteAPI.cpp:1961] 
9336   INFO   [08-31 10:03:08.405] GTA::QtAPI::GetFactor: success! [QuoteAPI.cpp:2005] 
9336   INFO   [08-31 10:03:08.452] GTA::QtAPI::GetFactor: finished! [QuoteAPI.cpp:2008] 
9336   INFO   [08-31 10:03:08.916] GTA::QtAPI::GetHisMarketInfo: success! [QuoteAPI.cpp:2053] 
9336   INFO   [08-31 10:03:08.980] GTA::QtAPI::GetHisMarketInfo: finished! [QuoteAPI.cpp:2056] 
9336   INFO   [08-31 10:03:09.619] GTA::QtAPI::GetJointContracts: success! [QuoteAPI.cpp:2097] 
9336   INFO   [08-31 10:03:09.666] GTA::QtAPI::GetJointContracts: finished! [QuoteAPI.cpp:2100] 
9336   INFO   [08-31 10:03:09.682] GTA::QtAPI::RegSubQuoteCB: success! [Subscribe.cpp:176] 
9336   ERROR  [08-31 10:03:09.682] GTA::QtAPI::Subscribe:  don't have tick_auth [QuoteAPI.cpp:938] 
8040   INFO   [08-31 10:40:13.953] QtAPI: Started! [QtAPI.cpp:77] 
8040   FATAL  [08-31 10:40:13.953] GTA::QtAPI::CApiCfg::LoadBrokerInfos: can't find any broker config file in ./brokers! [ApiCfg.cpp:263] 
8040   INFO   [08-31 10:40:26.672] GTA::QtAPI::UpdateAuthInfo: RtQuote authorized! [QtAuth.cpp:162] 
8040   INFO   [08-31 10:40:26.672] GTA::QtAPI::UpdateAuthInfo: ArQuote authorized! [QtAuth.cpp:173] 
8040   INFO   [08-31 10:40:26.852] OnAuthChanged Started! [QtAPI.cpp:139] 
8040   INFO   [08-31 10:40:26.852] GTA::QtAPI::QtLogin: success! [QtAPI.cpp:146] 
8040   INFO   [08-31 10:40:26.923] GTA::QtAPI::GetExchanges: success! [QuoteAPI.cpp:1249] 
8040   INFO   [08-31 10:40:26.962] GTA::QtAPI::GetExchanges: finished! [QuoteAPI.cpp:1252] 
8040   INFO   [08-31 10:40:27.061] GTA::QtAPI::GetTradeTypes: success! [QuoteAPI.cpp:1290] 
8040   INFO   [08-31 10:40:27.111] GTA::QtAPI::GetTradeTypes: finished! [QuoteAPI.cpp:1293] 
8040   INFO   [08-31 10:40:27.170] GTA::QtAPI::GetTradeCalendar: success! [QuoteAPI.cpp:1331] 
8040   INFO   [08-31 10:40:27.231] GTA::QtAPI::GetTradeCalendar: finished! [QuoteAPI.cpp:1334] 
8040   INFO   [08-31 10:40:27.712] GTA::QtAPI::GetSnapData: success! [QuoteAPI.cpp:1908] 
8040   INFO   [08-31 10:40:27.759] GTA::QtAPI::GetSnapData: finished! [QuoteAPI.cpp:1911] 
8040   INFO   [08-31 10:40:27.889] GTA::QtAPI::GetPlates: success! [QuoteAPI.cpp:1376] 
8040   INFO   [08-31 10:40:27.936] GTA::QtAPI::GetPlates: finished! [QuoteAPI.cpp:1379] 
8040   INFO   [08-31 10:40:28.550] GTA::QtAPI::GetRelatedPlates: success! [QuoteAPI.cpp:1421] 
8040   INFO   [08-31 10:40:28.615] GTA::QtAPI::GetRelatedPlates: finished! [QuoteAPI.cpp:1425] 
8040   INFO   [08-31 10:40:29.386] GTA::QtAPI::GetPlateSymbols: success! [QuoteAPI.cpp:1470] 
8040   INFO   [08-31 10:40:29.433] GTA::QtAPI::GetPlateSymbols: finished! [QuoteAPI.cpp:1473] 
8040   INFO   [08-31 10:40:29.991] GTA::QtAPI::GetSecurityInfo: success! [QuoteAPI.cpp:1520] 
8040   INFO   [08-31 10:40:30.048] GTA::QtAPI::GetSecurityInfo: finished! [QuoteAPI.cpp:1524] 
8040   INFO   [08-31 10:40:30.712] GTA::QtAPI::GetSecurityCurInfo: success! [QuoteAPI.cpp:1569] 
8040   INFO   [08-31 10:40:30.760] GTA::QtAPI::GetSecurityCurInfo: finished! [QuoteAPI.cpp:1572] 
8040   INFO   [08-31 10:40:31.658] GTA::QtAPI::GetDataByTime: success! [QuoteAPI.cpp:1622] 
8040   INFO   [08-31 10:40:31.706] GTA::QtAPI::GetDataByTime: finished! [QuoteAPI.cpp:1625] 
8040   INFO   [08-31 10:40:32.075] GTA::QtAPI::GetDataByCount: success! [QuoteAPI.cpp:1672] 
8040   INFO   [08-31 10:40:32.123] GTA::QtAPI::GetDataByCount: finished! [QuoteAPI.cpp:1675] 
8040   INFO   [08-31 10:40:34.306] GTA::QtAPI::GetFinance: success! [QuoteAPI.cpp:1958] 
8040   INFO   [08-31 10:40:34.351] GTA::QtAPI::GetFinance: finished! [QuoteAPI.cpp:1961] 
8040   INFO   [08-31 10:40:35.084] GTA::QtAPI::GetFactor: success! [QuoteAPI.cpp:2005] 
8040   INFO   [08-31 10:40:35.128] GTA::QtAPI::GetFactor: finished! [QuoteAPI.cpp:2008] 
8040   INFO   [08-31 10:40:35.658] GTA::QtAPI::GetHisMarketInfo: success! [QuoteAPI.cpp:2053] 
8040   INFO   [08-31 10:40:35.705] GTA::QtAPI::GetHisMarketInfo: finished! [QuoteAPI.cpp:2056] 
8040   INFO   [08-31 10:40:36.327] GTA::QtAPI::GetJointContracts: success! [QuoteAPI.cpp:2097] 
8040   INFO   [08-31 10:40:36.374] GTA::QtAPI::GetJointContracts: finished! [QuoteAPI.cpp:2100] 
8040   ERROR  [08-31 10:40:36.464] GTA::QtAPI::QtLogout: success! [QtAPI.cpp:276] 
4148   INFO   [08-31 11:27:45.375] QtAPI: Started! [QtAPI.cpp:77] 
4148   FATAL  [08-31 11:27:45.375] GTA::QtAPI::CApiCfg::LoadBrokerInfos: can't find any broker config file in ./brokers! [ApiCfg.cpp:263] 
4148   INFO   [08-31 11:27:59.639] GTA::QtAPI::UpdateAuthInfo: RtQuote authorized! [QtAuth.cpp:162] 
4148   INFO   [08-31 11:27:59.639] GTA::QtAPI::UpdateAuthInfo: ArQuote authorized! [QtAuth.cpp:173] 
4148   INFO   [08-31 11:27:59.847] OnAuthChanged Started! [QtAPI.cpp:139] 
4148   INFO   [08-31 11:27:59.847] GTA::QtAPI::QtLogin: success! [QtAPI.cpp:146] 
4148   INFO   [08-31 11:27:59.899] GTA::QtAPI::GetExchanges: success! [QuoteAPI.cpp:1249] 
4148   INFO   [08-31 11:27:59.941] GTA::QtAPI::GetExchanges: finished! [QuoteAPI.cpp:1252] 
4148   ERROR  [08-31 11:28:00.022] GTA::QtAPI::QtLogout: success! [QtAPI.cpp:276] 
10520  INFO   [08-31 14:51:07.314] QtAPI: Started! [QtAPI.cpp:77] 
10520  FATAL  [08-31 14:51:07.315] GTA::QtAPI::CApiCfg::LoadBrokerInfos: can't find any broker config file in ./brokers! [ApiCfg.cpp:263] 
10520  INFO   [08-31 14:51:23.430] GTA::QtAPI::UpdateAuthInfo: RtQuote authorized! [QtAuth.cpp:162] 
10520  INFO   [08-31 14:51:23.430] GTA::QtAPI::UpdateAuthInfo: ArQuote authorized! [QtAuth.cpp:173] 
10520  INFO   [08-31 14:51:23.609] OnAuthChanged Started! [QtAPI.cpp:139] 
10520  INFO   [08-31 14:51:23.609] GTA::QtAPI::QtLogin: success! [QtAPI.cpp:146] 
10520  INFO   [08-31 14:51:23.695] GTA::QtAPI::GetTradeCalendar: success! [QuoteAPI.cpp:1331] 
10520  INFO   [08-31 14:51:23.734] GTA::QtAPI::GetTradeCalendar: finished! [QuoteAPI.cpp:1334] 
10520  ERROR  [08-31 14:51:23.849] GTA::QtAPI::QtLogout: success! [QtAPI.cpp:276] 
5472   INFO   [08-31 15:09:02.927] QtAPI: Started! [QtAPI.cpp:77] 
5472   FATAL  [08-31 15:09:02.928] GTA::QtAPI::CApiCfg::LoadBrokerInfos: can't find any broker config file in ./brokers! [ApiCfg.cpp:263] 
5472   INFO   [08-31 15:09:07.437] GTA::QtAPI::UpdateAuthInfo: RtQuote authorized! [QtAuth.cpp:162] 
5472   INFO   [08-31 15:09:07.437] GTA::QtAPI::UpdateAuthInfo: ArQuote authorized! [QtAuth.cpp:173] 
5472   INFO   [08-31 15:09:07.636] OnAuthChanged Started! [QtAPI.cpp:139] 
5472   INFO   [08-31 15:09:07.637] GTA::QtAPI::QtLogin: success! [QtAPI.cpp:146] 
5472   INFO   [08-31 15:09:07.928] GTA::QtAPI::GetPlates: success! [QuoteAPI.cpp:1376] 
5472   INFO   [08-31 15:09:07.984] GTA::QtAPI::GetPlates: finished! [QuoteAPI.cpp:1379] 
5472   ERROR  [08-31 15:09:08.088] GTA::QtAPI::QtLogout: success! [QtAPI.cpp:276] 
4588   INFO   [08-31 15:13:07.922] QtAPI: Started! [QtAPI.cpp:77] 
4588   FATAL  [08-31 15:13:07.923] GTA::QtAPI::CApiCfg::LoadBrokerInfos: can't find any broker config file in ./brokers! [ApiCfg.cpp:263] 
4588   INFO   [08-31 15:13:08.951] GTA::QtAPI::UpdateAuthInfo: RtQuote authorized! [QtAuth.cpp:162] 
4588   INFO   [08-31 15:13:08.951] GTA::QtAPI::UpdateAuthInfo: ArQuote authorized! [QtAuth.cpp:173] 
4588   INFO   [08-31 15:13:09.136] OnAuthChanged Started! [QtAPI.cpp:139] 
4588   INFO   [08-31 15:13:09.136] GTA::QtAPI::QtLogin: success! [QtAPI.cpp:146] 
4588   INFO   [08-31 15:13:09.185] GTA::QtAPI::GetExchanges: success! [QuoteAPI.cpp:1249] 
4588   INFO   [08-31 15:13:09.224] GTA::QtAPI::GetExchanges: finished! [QuoteAPI.cpp:1252] 
4588   ERROR  [08-31 15:13:09.303] GTA::QtAPI::QtLogout: success! [QtAPI.cpp:276] 
8212   INFO   [08-31 15:29:42.555] QtAPI: Started! [QtAPI.cpp:77] 
8212   FATAL  [08-31 15:29:42.556] GTA::QtAPI::CApiCfg::LoadBrokerInfos: can't find any broker config file in ./brokers! [ApiCfg.cpp:263] 
8212   INFO   [08-31 15:29:47.168] GTA::QtAPI::UpdateAuthInfo: RtQuote authorized! [QtAuth.cpp:162] 
8212   INFO   [08-31 15:29:47.168] GTA::QtAPI::UpdateAuthInfo: ArQuote authorized! [QtAuth.cpp:173] 
8212   INFO   [08-31 15:29:47.358] OnAuthChanged Started! [QtAPI.cpp:139] 
8212   INFO   [08-31 15:29:47.359] GTA::QtAPI::QtLogin: success! [QtAPI.cpp:146] 
8212   INFO   [08-31 15:29:47.417] GTA::QtAPI::GetExchanges: success! [QuoteAPI.cpp:1249] 
8212   INFO   [08-31 15:29:47.469] GTA::QtAPI::GetExchanges: finished! [QuoteAPI.cpp:1252] 
8212   ERROR  [08-31 15:29:47.545] GTA::QtAPI::QtLogout: success! [QtAPI.cpp:276] 
10472  INFO   [08-31 15:30:11.750] QtAPI: Started! [QtAPI.cpp:77] 
10472  FATAL  [08-31 15:30:11.751] GTA::QtAPI::CApiCfg::LoadBrokerInfos: can't find any broker config file in ./brokers! [ApiCfg.cpp:263] 
10472  INFO   [08-31 15:30:12.815] GTA::QtAPI::UpdateAuthInfo: RtQuote authorized! [QtAuth.cpp:162] 
10472  INFO   [08-31 15:30:12.815] GTA::QtAPI::UpdateAuthInfo: ArQuote authorized! [QtAuth.cpp:173] 
10472  INFO   [08-31 15:30:12.996] OnAuthChanged Started! [QtAPI.cpp:139] 
10472  INFO   [08-31 15:30:12.996] GTA::QtAPI::QtLogin: success! [QtAPI.cpp:146] 
10472  INFO   [08-31 15:30:13.088] GTA::QtAPI::GetPlates: success! [QuoteAPI.cpp:1376] 
10472  INFO   [08-31 15:30:13.132] GTA::QtAPI::GetPlates: finished! [QuoteAPI.cpp:1379] 
10472  ERROR  [08-31 15:30:13.227] GTA::QtAPI::QtLogout: success! [QtAPI.cpp:276] 
10704  INFO   [08-31 15:38:32.732] QtAPI: Started! [QtAPI.cpp:77] 
10704  FATAL  [08-31 15:38:32.732] GTA::QtAPI::CApiCfg::LoadBrokerInfos: can't find any broker config file in ./brokers! [ApiCfg.cpp:263] 
10704  INFO   [08-31 15:38:33.759] GTA::QtAPI::UpdateAuthInfo: RtQuote authorized! [QtAuth.cpp:162] 
10704  INFO   [08-31 15:38:33.759] GTA::QtAPI::UpdateAuthInfo: ArQuote authorized! [QtAuth.cpp:173] 
10704  INFO   [08-31 15:38:33.934] OnAuthChanged Started! [QtAPI.cpp:139] 
10704  INFO   [08-31 15:38:33.934] GTA::QtAPI::QtLogin: success! [QtAPI.cpp:146] 
10704  INFO   [08-31 15:38:35.735] GTA::QtAPI::GetPlateSymbols: success! [QuoteAPI.cpp:1470] 
10704  INFO   [08-31 15:38:35.783] GTA::QtAPI::GetPlateSymbols: finished! [QuoteAPI.cpp:1473] 
10704  ERROR  [08-31 15:38:35.887] GTA::QtAPI::QtLogout: success! [QtAPI.cpp:276] 
10408  INFO   [08-31 15:47:33.347] QtAPI: Started! [QtAPI.cpp:77] 
10408  FATAL  [08-31 15:47:33.348] GTA::QtAPI::CApiCfg::LoadBrokerInfos: can't find any broker config file in ./brokers! [ApiCfg.cpp:263] 
10408  INFO   [08-31 15:47:43.857] GTA::QtAPI::UpdateAuthInfo: RtQuote authorized! [QtAuth.cpp:162] 
10408  INFO   [08-31 15:47:43.857] GTA::QtAPI::UpdateAuthInfo: ArQuote authorized! [QtAuth.cpp:173] 
10408  INFO   [08-31 15:47:44.083] OnAuthChanged Started! [QtAPI.cpp:139] 
10408  INFO   [08-31 15:47:44.083] GTA::QtAPI::QtLogin: success! [QtAPI.cpp:146] 
10408  INFO   [08-31 15:48:35.134] GTA::QtAPI::GetDataByTime: success! [QuoteAPI.cpp:1622] 
10408  INFO   [08-31 15:48:35.178] GTA::QtAPI::GetDataByTime: finished! [QuoteAPI.cpp:1625] 
1276   INFO   [08-31 15:49:21.069] QtAPI: Started! [QtAPI.cpp:77] 
1276   FATAL  [08-31 15:49:21.070] GTA::QtAPI::CApiCfg::LoadBrokerInfos: can't find any broker config file in ./brokers! [ApiCfg.cpp:263] 
1276   INFO   [08-31 15:49:22.106] GTA::QtAPI::UpdateAuthInfo: RtQuote authorized! [QtAuth.cpp:162] 
1276   INFO   [08-31 15:49:22.106] GTA::QtAPI::UpdateAuthInfo: ArQuote authorized! [QtAuth.cpp:173] 
1276   INFO   [08-31 15:49:22.323] OnAuthChanged Started! [QtAPI.cpp:139] 
1276   INFO   [08-31 15:49:22.324] GTA::QtAPI::QtLogin: success! [QtAPI.cpp:146] 
1276   INFO   [08-31 15:49:23.158] GTA::QtAPI::GetDataByTime: success! [QuoteAPI.cpp:1622] 
1276   INFO   [08-31 15:49:23.204] GTA::QtAPI::GetDataByTime: finished! [QuoteAPI.cpp:1625] 
1276   ERROR  [08-31 15:49:23.280] GTA::QtAPI::QtLogout: success! [QtAPI.cpp:276] 
10556  INFO   [08-31 15:52:09.324] QtAPI: Started! [QtAPI.cpp:77] 
10556  FATAL  [08-31 15:52:09.325] GTA::QtAPI::CApiCfg::LoadBrokerInfos: can't find any broker config file in ./brokers! [ApiCfg.cpp:263] 
10556  INFO   [08-31 15:52:10.423] GTA::QtAPI::UpdateAuthInfo: RtQuote authorized! [QtAuth.cpp:162] 
10556  INFO   [08-31 15:52:10.424] GTA::QtAPI::UpdateAuthInfo: ArQuote authorized! [QtAuth.cpp:173] 
10556  INFO   [08-31 15:52:10.605] OnAuthChanged Started! [QtAPI.cpp:139] 
10556  INFO   [08-31 15:52:10.606] GTA::QtAPI::QtLogin: success! [QtAPI.cpp:146] 
10556  INFO   [08-31 15:52:11.088] GTA::QtAPI::GetDataByTime: success! [QuoteAPI.cpp:1622] 
10556  INFO   [08-31 15:52:11.140] GTA::QtAPI::GetDataByTime: finished! [QuoteAPI.cpp:1625] 
10556  ERROR  [08-31 15:52:11.251] GTA::QtAPI::QtLogout: success! [QtAPI.cpp:276] 
3276   INFO   [08-31 15:52:49.026] QtAPI: Started! [QtAPI.cpp:77] 
3276   FATAL  [08-31 15:52:49.026] GTA::QtAPI::CApiCfg::LoadBrokerInfos: can't find any broker config file in ./brokers! [ApiCfg.cpp:263] 
3276   INFO   [08-31 15:52:50.163] GTA::QtAPI::UpdateAuthInfo: RtQuote authorized! [QtAuth.cpp:162] 
3276   INFO   [08-31 15:52:50.163] GTA::QtAPI::UpdateAuthInfo: ArQuote authorized! [QtAuth.cpp:173] 
3276   INFO   [08-31 15:52:50.343] OnAuthChanged Started! [QtAPI.cpp:139] 
3276   INFO   [08-31 15:52:50.343] GTA::QtAPI::QtLogin: success! [QtAPI.cpp:146] 
3276   INFO   [08-31 15:52:50.809] GTA::QtAPI::GetDataByTime: success! [QuoteAPI.cpp:1622] 
3276   INFO   [08-31 15:52:50.865] GTA::QtAPI::GetDataByTime: finished! [QuoteAPI.cpp:1625] 
3276   ERROR  [08-31 15:52:50.937] GTA::QtAPI::QtLogout: success! [QtAPI.cpp:276] 
10008  INFO   [08-31 16:18:13.810] QtAPI: Started! [QtAPI.cpp:77] 
10008  FATAL  [08-31 16:18:13.810] GTA::QtAPI::CApiCfg::LoadBrokerInfos: can't find any broker config file in ./brokers! [ApiCfg.cpp:263] 
10008  INFO   [08-31 16:18:15.088] GTA::QtAPI::UpdateAuthInfo: RtQuote authorized! [QtAuth.cpp:162] 
10008  INFO   [08-31 16:18:15.088] GTA::QtAPI::UpdateAuthInfo: ArQuote authorized! [QtAuth.cpp:173] 
10008  INFO   [08-31 16:18:15.306] OnAuthChanged Started! [QtAPI.cpp:139] 
10008  INFO   [08-31 16:18:15.306] GTA::QtAPI::QtLogin: success! [QtAPI.cpp:146] 
10008  INFO   [08-31 16:18:16.250] GTA::QtAPI::GetPlateSymbols: success! [QuoteAPI.cpp:1470] 
10008  INFO   [08-31 16:18:16.293] GTA::QtAPI::GetPlateSymbols: finished! [QuoteAPI.cpp:1473] 
3296   INFO   [08-31 16:19:20.687] QtAPI: Started! [QtAPI.cpp:77] 
3296   FATAL  [08-31 16:19:20.687] GTA::QtAPI::CApiCfg::LoadBrokerInfos: can't find any broker config file in ./brokers! [ApiCfg.cpp:263] 
3296   INFO   [08-31 16:19:21.808] GTA::QtAPI::UpdateAuthInfo: RtQuote authorized! [QtAuth.cpp:162] 
3296   INFO   [08-31 16:19:21.808] GTA::QtAPI::UpdateAuthInfo: ArQuote authorized! [QtAuth.cpp:173] 
3296   INFO   [08-31 16:19:21.982] OnAuthChanged Started! [QtAPI.cpp:139] 
3296   INFO   [08-31 16:19:21.982] GTA::QtAPI::QtLogin: success! [QtAPI.cpp:146] 
3296   INFO   [08-31 16:19:22.868] GTA::QtAPI::GetPlateSymbols: success! [QuoteAPI.cpp:1470] 
3296   INFO   [08-31 16:19:22.915] GTA::QtAPI::GetPlateSymbols: finished! [QuoteAPI.cpp:1473] 
3296   ERROR  [08-31 16:19:23.004] GTA::QtAPI::QtLogout: success! [QtAPI.cpp:276] 
11392  INFO   [08-31 16:24:36.234] QtAPI: Started! [QtAPI.cpp:77] 
11392  FATAL  [08-31 16:24:36.234] GTA::QtAPI::CApiCfg::LoadBrokerInfos: can't find any broker config file in ./brokers! [ApiCfg.cpp:263] 
11392  INFO   [08-31 16:24:37.345] GTA::QtAPI::UpdateAuthInfo: RtQuote authorized! [QtAuth.cpp:162] 
11392  INFO   [08-31 16:24:37.345] GTA::QtAPI::UpdateAuthInfo: ArQuote authorized! [QtAuth.cpp:173] 
11392  INFO   [08-31 16:24:37.524] OnAuthChanged Started! [QtAPI.cpp:139] 
11392  INFO   [08-31 16:24:37.524] GTA::QtAPI::QtLogin: success! [QtAPI.cpp:146] 
11392  INFO   [08-31 16:24:38.449] GTA::QtAPI::GetPlateSymbols: success! [QuoteAPI.cpp:1470] 
11392  INFO   [08-31 16:24:38.492] GTA::QtAPI::GetPlateSymbols: finished! [QuoteAPI.cpp:1473] 
11392  ERROR  [08-31 16:24:38.573] GTA::QtAPI::QtLogout: success! [QtAPI.cpp:276] 
10872  INFO   [08-31 16:24:47.695] QtAPI: Started! [QtAPI.cpp:77] 
10872  FATAL  [08-31 16:24:47.696] GTA::QtAPI::CApiCfg::LoadBrokerInfos: can't find any broker config file in ./brokers! [ApiCfg.cpp:263] 
10872  INFO   [08-31 16:24:48.823] GTA::QtAPI::UpdateAuthInfo: RtQuote authorized! [QtAuth.cpp:162] 
10872  INFO   [08-31 16:24:48.823] GTA::QtAPI::UpdateAuthInfo: ArQuote authorized! [QtAuth.cpp:173] 
10872  INFO   [08-31 16:24:48.993] OnAuthChanged Started! [QtAPI.cpp:139] 
10872  INFO   [08-31 16:24:48.993] GTA::QtAPI::QtLogin: success! [QtAPI.cpp:146] 
10872  INFO   [08-31 16:24:51.106] GTA::QtAPI::GetPlateSymbols: success! [QuoteAPI.cpp:1470] 
10872  INFO   [08-31 16:24:51.153] GTA::QtAPI::GetPlateSymbols: finished! [QuoteAPI.cpp:1473] 
7672   INFO   [08-31 16:25:36.806] QtAPI: Started! [QtAPI.cpp:77] 
7672   FATAL  [08-31 16:25:36.807] GTA::QtAPI::CApiCfg::LoadBrokerInfos: can't find any broker config file in ./brokers! [ApiCfg.cpp:263] 
7672   INFO   [08-31 16:25:37.946] GTA::QtAPI::UpdateAuthInfo: RtQuote authorized! [QtAuth.cpp:162] 
7672   INFO   [08-31 16:25:37.946] GTA::QtAPI::UpdateAuthInfo: ArQuote authorized! [QtAuth.cpp:173] 
7672   INFO   [08-31 16:25:38.120] OnAuthChanged Started! [QtAPI.cpp:139] 
7672   INFO   [08-31 16:25:38.120] GTA::QtAPI::QtLogin: success! [QtAPI.cpp:146] 
7672   INFO   [08-31 16:25:39.038] GTA::QtAPI::GetPlateSymbols: success! [QuoteAPI.cpp:1470] 
7672   INFO   [08-31 16:25:39.094] GTA::QtAPI::GetPlateSymbols: finished! [QuoteAPI.cpp:1473] 
7528   INFO   [08-31 16:26:17.334] QtAPI: Started! [QtAPI.cpp:77] 
7528   FATAL  [08-31 16:26:17.335] GTA::QtAPI::CApiCfg::LoadBrokerInfos: can't find any broker config file in ./brokers! [ApiCfg.cpp:263] 
7528   INFO   [08-31 16:26:18.453] GTA::QtAPI::UpdateAuthInfo: RtQuote authorized! [QtAuth.cpp:162] 
7528   INFO   [08-31 16:26:18.453] GTA::QtAPI::UpdateAuthInfo: ArQuote authorized! [QtAuth.cpp:173] 
7528   INFO   [08-31 16:26:18.623] OnAuthChanged Started! [QtAPI.cpp:139] 
7528   INFO   [08-31 16:26:18.623] GTA::QtAPI::QtLogin: success! [QtAPI.cpp:146] 
7528   INFO   [08-31 16:26:19.402] GTA::QtAPI::GetPlateSymbols: success! [QuoteAPI.cpp:1470] 
7528   INFO   [08-31 16:26:19.450] GTA::QtAPI::GetPlateSymbols: finished! [QuoteAPI.cpp:1473] 
7528   ERROR  [08-31 16:26:19.529] GTA::QtAPI::QtLogout: success! [QtAPI.cpp:276] 
8868   INFO   [08-31 16:27:55.367] QtAPI: Started! [QtAPI.cpp:77] 
8868   FATAL  [08-31 16:27:55.368] GTA::QtAPI::CApiCfg::LoadBrokerInfos: can't find any broker config file in ./brokers! [ApiCfg.cpp:263] 
8868   INFO   [08-31 16:27:56.487] GTA::QtAPI::UpdateAuthInfo: RtQuote authorized! [QtAuth.cpp:162] 
8868   INFO   [08-31 16:27:56.487] GTA::QtAPI::UpdateAuthInfo: ArQuote authorized! [QtAuth.cpp:173] 
8868   INFO   [08-31 16:27:56.667] OnAuthChanged Started! [QtAPI.cpp:139] 
8868   INFO   [08-31 16:27:56.667] GTA::QtAPI::QtLogin: success! [QtAPI.cpp:146] 
8868   INFO   [08-31 16:27:57.421] GTA::QtAPI::GetPlateSymbols: success! [QuoteAPI.cpp:1470] 
8868   INFO   [08-31 16:27:57.462] GTA::QtAPI::GetPlateSymbols: finished! [QuoteAPI.cpp:1473] 
8868   ERROR  [08-31 16:27:57.543] GTA::QtAPI::QtLogout: success! [QtAPI.cpp:276] 
5504   INFO   [08-31 16:30:39.371] QtAPI: Started! [QtAPI.cpp:77] 
5504   FATAL  [08-31 16:30:39.371] GTA::QtAPI::CApiCfg::LoadBrokerInfos: can't find any broker config file in ./brokers! [ApiCfg.cpp:263] 
5504   INFO   [08-31 16:30:40.538] GTA::QtAPI::UpdateAuthInfo: RtQuote authorized! [QtAuth.cpp:162] 
5504   INFO   [08-31 16:30:40.538] GTA::QtAPI::UpdateAuthInfo: ArQuote authorized! [QtAuth.cpp:173] 
5504   INFO   [08-31 16:30:40.767] OnAuthChanged Started! [QtAPI.cpp:139] 
5504   INFO   [08-31 16:30:40.767] GTA::QtAPI::QtLogin: success! [QtAPI.cpp:146] 
5504   INFO   [08-31 16:30:41.378] GTA::QtAPI::GetPlateSymbols: success! [QuoteAPI.cpp:1470] 
5504   INFO   [08-31 16:30:41.426] GTA::QtAPI::GetPlateSymbols: finished! [QuoteAPI.cpp:1473] 
5504   ERROR  [08-31 16:30:41.508] GTA::QtAPI::QtLogout: success! [QtAPI.cpp:276] 
11944  INFO   [08-31 16:30:52.555] QtAPI: Started! [QtAPI.cpp:77] 
11944  FATAL  [08-31 16:30:52.556] GTA::QtAPI::CApiCfg::LoadBrokerInfos: can't find any broker config file in ./brokers! [ApiCfg.cpp:263] 
11944  INFO   [08-31 16:30:53.699] GTA::QtAPI::UpdateAuthInfo: RtQuote authorized! [QtAuth.cpp:162] 
11944  INFO   [08-31 16:30:53.699] GTA::QtAPI::UpdateAuthInfo: ArQuote authorized! [QtAuth.cpp:173] 
11944  INFO   [08-31 16:30:53.914] OnAuthChanged Started! [QtAPI.cpp:139] 
11944  INFO   [08-31 16:30:53.914] GTA::QtAPI::QtLogin: success! [QtAPI.cpp:146] 
11944  INFO   [08-31 16:30:54.917] GTA::QtAPI::GetPlateSymbols: success! [QuoteAPI.cpp:1470] 
11944  INFO   [08-31 16:30:54.963] GTA::QtAPI::GetPlateSymbols: finished! [QuoteAPI.cpp:1473] 
10792  INFO   [08-31 16:31:20.994] QtAPI: Started! [QtAPI.cpp:77] 
10792  FATAL  [08-31 16:31:20.995] GTA::QtAPI::CApiCfg::LoadBrokerInfos: can't find any broker config file in ./brokers! [ApiCfg.cpp:263] 
10792  INFO   [08-31 16:31:22.123] GTA::QtAPI::UpdateAuthInfo: RtQuote authorized! [QtAuth.cpp:162] 
10792  INFO   [08-31 16:31:22.124] GTA::QtAPI::UpdateAuthInfo: ArQuote authorized! [QtAuth.cpp:173] 
10792  INFO   [08-31 16:31:22.349] OnAuthChanged Started! [QtAPI.cpp:139] 
10792  INFO   [08-31 16:31:22.349] GTA::QtAPI::QtLogin: success! [QtAPI.cpp:146] 
10792  INFO   [08-31 16:31:22.988] GTA::QtAPI::GetPlateSymbols: success! [QuoteAPI.cpp:1470] 
10792  INFO   [08-31 16:31:23.036] GTA::QtAPI::GetPlateSymbols: finished! [QuoteAPI.cpp:1473] 
8000   INFO   [08-31 16:32:55.744] QtAPI: Started! [QtAPI.cpp:77] 
8000   FATAL  [08-31 16:32:55.745] GTA::QtAPI::CApiCfg::LoadBrokerInfos: can't find any broker config file in ./brokers! [ApiCfg.cpp:263] 
8000   INFO   [08-31 16:32:56.837] GTA::QtAPI::UpdateAuthInfo: RtQuote authorized! [QtAuth.cpp:162] 
8000   INFO   [08-31 16:32:56.838] GTA::QtAPI::UpdateAuthInfo: ArQuote authorized! [QtAuth.cpp:173] 
8000   INFO   [08-31 16:32:57.043] OnAuthChanged Started! [QtAPI.cpp:139] 
8000   INFO   [08-31 16:32:57.043] GTA::QtAPI::QtLogin: success! [QtAPI.cpp:146] 
8000   INFO   [08-31 16:32:57.910] GTA::QtAPI::GetPlateSymbols: success! [QuoteAPI.cpp:1470] 
8000   INFO   [08-31 16:32:57.966] GTA::QtAPI::GetPlateSymbols: finished! [QuoteAPI.cpp:1473] 
8000   INFO   [08-31 16:32:58.639] GTA::QtAPI::GetDataByTime: success! [QuoteAPI.cpp:1622] 
8000   INFO   [08-31 16:32:58.687] GTA::QtAPI::GetDataByTime: finished! [QuoteAPI.cpp:1625] 
8000   ERROR  [08-31 16:32:58.824] GTA::QtAPI::QtLogout: success! [QtAPI.cpp:276] 
7944   INFO   [08-31 16:37:04.881] QtAPI: Started! [QtAPI.cpp:77] 
7944   FATAL  [08-31 16:37:04.882] GTA::QtAPI::CApiCfg::LoadBrokerInfos: can't find any broker config file in ./brokers! [ApiCfg.cpp:263] 
7944   INFO   [08-31 16:37:06.014] GTA::QtAPI::UpdateAuthInfo: RtQuote authorized! [QtAuth.cpp:162] 
7944   INFO   [08-31 16:37:06.014] GTA::QtAPI::UpdateAuthInfo: ArQuote authorized! [QtAuth.cpp:173] 
7944   INFO   [08-31 16:37:06.204] OnAuthChanged Started! [QtAPI.cpp:139] 
7944   INFO   [08-31 16:37:06.205] GTA::QtAPI::QtLogin: success! [QtAPI.cpp:146] 
7944   INFO   [08-31 16:37:07.037] GTA::QtAPI::GetPlateSymbols: success! [QuoteAPI.cpp:1470] 
7944   INFO   [08-31 16:37:07.085] GTA::QtAPI::GetPlateSymbols: finished! [QuoteAPI.cpp:1473] 
7944   ERROR  [08-31 16:37:07.167] GTA::QtAPI::QtLogout: success! [QtAPI.cpp:276] 
11944  INFO   [08-31 16:37:59.304] QtAPI: Started! [QtAPI.cpp:77] 
11944  FATAL  [08-31 16:37:59.305] GTA::QtAPI::CApiCfg::LoadBrokerInfos: can't find any broker config file in ./brokers! [ApiCfg.cpp:263] 
11944  INFO   [08-31 16:38:00.374] GTA::QtAPI::UpdateAuthInfo: RtQuote authorized! [QtAuth.cpp:162] 
11944  INFO   [08-31 16:38:00.374] GTA::QtAPI::UpdateAuthInfo: ArQuote authorized! [QtAuth.cpp:173] 
11944  INFO   [08-31 16:38:00.599] OnAuthChanged Started! [QtAPI.cpp:139] 
11944  INFO   [08-31 16:38:00.599] GTA::QtAPI::QtLogin: success! [QtAPI.cpp:146] 
11944  INFO   [08-31 16:38:02.334] GTA::QtAPI::GetPlateSymbols: success! [QuoteAPI.cpp:1470] 
11944  INFO   [08-31 16:38:02.390] GTA::QtAPI::GetPlateSymbols: finished! [QuoteAPI.cpp:1473] 
11944  ERROR  [08-31 16:38:02.471] GTA::QtAPI::QtLogout: success! [QtAPI.cpp:276] 
8344   INFO   [08-31 16:44:23.372] QtAPI: Started! [QtAPI.cpp:77] 
8344   FATAL  [08-31 16:44:23.373] GTA::QtAPI::CApiCfg::LoadBrokerInfos: can't find any broker config file in ./brokers! [ApiCfg.cpp:263] 
8344   INFO   [08-31 16:44:24.465] GTA::QtAPI::UpdateAuthInfo: RtQuote authorized! [QtAuth.cpp:162] 
8344   INFO   [08-31 16:44:24.465] GTA::QtAPI::UpdateAuthInfo: ArQuote authorized! [QtAuth.cpp:173] 
8344   INFO   [08-31 16:44:24.689] OnAuthChanged Started! [QtAPI.cpp:139] 
8344   INFO   [08-31 16:44:24.689] GTA::QtAPI::QtLogin: success! [QtAPI.cpp:146] 
8344   INFO   [08-31 16:44:25.546] GTA::QtAPI::GetPlateSymbols: success! [QuoteAPI.cpp:1470] 
8344   INFO   [08-31 16:44:25.593] GTA::QtAPI::GetPlateSymbols: finished! [QuoteAPI.cpp:1473] 
8620   INFO   [08-31 16:45:24.834] QtAPI: Started! [QtAPI.cpp:77] 
8620   FATAL  [08-31 16:45:24.835] GTA::QtAPI::CApiCfg::LoadBrokerInfos: can't find any broker config file in ./brokers! [ApiCfg.cpp:263] 
8620   INFO   [08-31 16:45:26.079] GTA::QtAPI::UpdateAuthInfo: RtQuote authorized! [QtAuth.cpp:162] 
8620   INFO   [08-31 16:45:26.079] GTA::QtAPI::UpdateAuthInfo: ArQuote authorized! [QtAuth.cpp:173] 
8620   INFO   [08-31 16:45:26.293] OnAuthChanged Started! [QtAPI.cpp:139] 
8620   INFO   [08-31 16:45:26.293] GTA::QtAPI::QtLogin: success! [QtAPI.cpp:146] 
8620   INFO   [08-31 16:45:26.887] GTA::QtAPI::GetPlateSymbols: success! [QuoteAPI.cpp:1470] 
8620   INFO   [08-31 16:45:26.933] GTA::QtAPI::GetPlateSymbols: finished! [QuoteAPI.cpp:1473] 
8620   ERROR  [08-31 16:45:27.020] GTA::QtAPI::QtLogout: success! [QtAPI.cpp:276] 
3428   INFO   [08-31 16:48:14.391] QtAPI: Started! [QtAPI.cpp:77] 
3428   FATAL  [08-31 16:48:14.392] GTA::QtAPI::CApiCfg::LoadBrokerInfos: can't find any broker config file in ./brokers! [ApiCfg.cpp:263] 
3428   INFO   [08-31 16:48:15.487] GTA::QtAPI::UpdateAuthInfo: RtQuote authorized! [QtAuth.cpp:162] 
3428   INFO   [08-31 16:48:15.487] GTA::QtAPI::UpdateAuthInfo: ArQuote authorized! [QtAuth.cpp:173] 
3428   INFO   [08-31 16:48:15.662] OnAuthChanged Started! [QtAPI.cpp:139] 
3428   INFO   [08-31 16:48:15.662] GTA::QtAPI::QtLogin: success! [QtAPI.cpp:146] 
3428   INFO   [08-31 16:48:16.534] GTA::QtAPI::GetPlateSymbols: success! [QuoteAPI.cpp:1470] 
3428   INFO   [08-31 16:48:16.590] GTA::QtAPI::GetPlateSymbols: finished! [QuoteAPI.cpp:1473] 
3428   ERROR  [08-31 16:48:16.671] GTA::QtAPI::QtLogout: success! [QtAPI.cpp:276] 
1476   INFO   [08-31 16:49:05.419] QtAPI: Started! [QtAPI.cpp:77] 
1476   FATAL  [08-31 16:49:05.419] GTA::QtAPI::CApiCfg::LoadBrokerInfos: can't find any broker config file in ./brokers! [ApiCfg.cpp:263] 
1476   INFO   [08-31 16:49:06.552] GTA::QtAPI::UpdateAuthInfo: RtQuote authorized! [QtAuth.cpp:162] 
1476   INFO   [08-31 16:49:06.552] GTA::QtAPI::UpdateAuthInfo: ArQuote authorized! [QtAuth.cpp:173] 
1476   INFO   [08-31 16:49:06.727] OnAuthChanged Started! [QtAPI.cpp:139] 
1476   INFO   [08-31 16:49:06.727] GTA::QtAPI::QtLogin: success! [QtAPI.cpp:146] 
1476   INFO   [08-31 16:49:07.380] GTA::QtAPI::GetPlateSymbols: success! [QuoteAPI.cpp:1470] 
1476   INFO   [08-31 16:49:07.427] GTA::QtAPI::GetPlateSymbols: finished! [QuoteAPI.cpp:1473] 
1476   ERROR  [08-31 16:49:07.508] GTA::QtAPI::QtLogout: success! [QtAPI.cpp:276] 
11320  INFO   [08-31 16:49:51.503] QtAPI: Started! [QtAPI.cpp:77] 
11320  FATAL  [08-31 16:49:51.504] GTA::QtAPI::CApiCfg::LoadBrokerInfos: can't find any broker config file in ./brokers! [ApiCfg.cpp:263] 
11320  INFO   [08-31 16:49:52.612] GTA::QtAPI::UpdateAuthInfo: RtQuote authorized! [QtAuth.cpp:162] 
11320  INFO   [08-31 16:49:52.612] GTA::QtAPI::UpdateAuthInfo: ArQuote authorized! [QtAuth.cpp:173] 
11320  INFO   [08-31 16:49:52.783] OnAuthChanged Started! [QtAPI.cpp:139] 
11320  INFO   [08-31 16:49:52.783] GTA::QtAPI::QtLogin: success! [QtAPI.cpp:146] 
11320  INFO   [08-31 16:49:53.576] GTA::QtAPI::GetPlateSymbols: success! [QuoteAPI.cpp:1470] 
11320  INFO   [08-31 16:49:53.623] GTA::QtAPI::GetPlateSymbols: finished! [QuoteAPI.cpp:1473] 
11320  ERROR  [08-31 16:49:53.705] GTA::QtAPI::QtLogout: success! [QtAPI.cpp:276] 
8832   INFO   [08-31 16:50:13.883] QtAPI: Started! [QtAPI.cpp:77] 
8832   FATAL  [08-31 16:50:13.883] GTA::QtAPI::CApiCfg::LoadBrokerInfos: can't find any broker config file in ./brokers! [ApiCfg.cpp:263] 
8832   INFO   [08-31 16:50:15.017] GTA::QtAPI::UpdateAuthInfo: RtQuote authorized! [QtAuth.cpp:162] 
8832   INFO   [08-31 16:50:15.017] GTA::QtAPI::UpdateAuthInfo: ArQuote authorized! [QtAuth.cpp:173] 
8832   INFO   [08-31 16:50:15.196] OnAuthChanged Started! [QtAPI.cpp:139] 
8832   INFO   [08-31 16:50:15.196] GTA::QtAPI::QtLogin: success! [QtAPI.cpp:146] 
8832   INFO   [08-31 16:50:15.799] GTA::QtAPI::GetPlateSymbols: success! [QuoteAPI.cpp:1470] 
8832   INFO   [08-31 16:50:15.857] GTA::QtAPI::GetPlateSymbols: finished! [QuoteAPI.cpp:1473] 
8832   ERROR  [08-31 16:50:15.940] GTA::QtAPI::QtLogout: success! [QtAPI.cpp:276] 
8608   INFO   [08-31 16:51:31.535] QtAPI: Started! [QtAPI.cpp:77] 
8608   FATAL  [08-31 16:51:31.536] GTA::QtAPI::CApiCfg::LoadBrokerInfos: can't find any broker config file in ./brokers! [ApiCfg.cpp:263] 
8608   INFO   [08-31 16:51:32.651] GTA::QtAPI::UpdateAuthInfo: RtQuote authorized! [QtAuth.cpp:162] 
8608   INFO   [08-31 16:51:32.651] GTA::QtAPI::UpdateAuthInfo: ArQuote authorized! [QtAuth.cpp:173] 
8608   INFO   [08-31 16:51:34.342] OnAuthChanged Started! [QtAPI.cpp:139] 
8608   INFO   [08-31 16:51:34.342] GTA::QtAPI::QtLogin: success! [QtAPI.cpp:146] 
8608   INFO   [08-31 16:51:35.248] GTA::QtAPI::GetPlateSymbols: success! [QuoteAPI.cpp:1470] 
8608   INFO   [08-31 16:51:35.294] GTA::QtAPI::GetPlateSymbols: finished! [QuoteAPI.cpp:1473] 
8428   INFO   [08-31 17:30:03.701] QtAPI: Started! [QtAPI.cpp:77] 
8428   FATAL  [08-31 17:30:03.702] GTA::QtAPI::CApiCfg::LoadBrokerInfos: can't find any broker config file in ./brokers! [ApiCfg.cpp:263] 
8428   INFO   [08-31 17:30:06.272] GTA::QtAPI::UpdateAuthInfo: RtQuote authorized! [QtAuth.cpp:162] 
8428   INFO   [08-31 17:30:06.272] GTA::QtAPI::UpdateAuthInfo: ArQuote authorized! [QtAuth.cpp:173] 
8428   INFO   [08-31 17:30:06.453] OnAuthChanged Started! [QtAPI.cpp:139] 
8428   INFO   [08-31 17:30:06.454] GTA::QtAPI::QtLogin: success! [QtAPI.cpp:146] 
8428   INFO   [08-31 17:30:08.255] GTA::QtAPI::GetPlateSymbols: success! [QuoteAPI.cpp:1470] 
8428   INFO   [08-31 17:30:08.303] GTA::QtAPI::GetPlateSymbols: finished! [QuoteAPI.cpp:1473] 
6504   INFO   [08-31 17:32:51.789] QtAPI: Started! [QtAPI.cpp:77] 
6504   FATAL  [08-31 17:32:51.790] GTA::QtAPI::CApiCfg::LoadBrokerInfos: can't find any broker config file in ./brokers! [ApiCfg.cpp:263] 
6504   INFO   [08-31 17:32:52.931] GTA::QtAPI::UpdateAuthInfo: RtQuote authorized! [QtAuth.cpp:162] 
6504   INFO   [08-31 17:32:52.931] GTA::QtAPI::UpdateAuthInfo: ArQuote authorized! [QtAuth.cpp:173] 
6504   INFO   [08-31 17:32:53.148] OnAuthChanged Started! [QtAPI.cpp:139] 
6504   INFO   [08-31 17:32:53.148] GTA::QtAPI::QtLogin: success! [QtAPI.cpp:146] 
6504   INFO   [08-31 17:32:54.179] GTA::QtAPI::GetPlateSymbols: success! [QuoteAPI.cpp:1470] 
6504   INFO   [08-31 17:32:54.228] GTA::QtAPI::GetPlateSymbols: finished! [QuoteAPI.cpp:1473] 
4144   INFO   [08-31 17:33:49.711] QtAPI: Started! [QtAPI.cpp:77] 
4144   FATAL  [08-31 17:33:49.712] GTA::QtAPI::CApiCfg::LoadBrokerInfos: can't find any broker config file in ./brokers! [ApiCfg.cpp:263] 
4144   INFO   [08-31 17:33:50.877] GTA::QtAPI::UpdateAuthInfo: RtQuote authorized! [QtAuth.cpp:162] 
4144   INFO   [08-31 17:33:50.877] GTA::QtAPI::UpdateAuthInfo: ArQuote authorized! [QtAuth.cpp:173] 
4144   INFO   [08-31 17:33:51.104] OnAuthChanged Started! [QtAPI.cpp:139] 
4144   INFO   [08-31 17:33:51.104] GTA::QtAPI::QtLogin: success! [QtAPI.cpp:146] 
4144   INFO   [08-31 17:33:52.294] GTA::QtAPI::GetPlateSymbols: success! [QuoteAPI.cpp:1470] 
4144   INFO   [08-31 17:33:52.342] GTA::QtAPI::GetPlateSymbols: finished! [QuoteAPI.cpp:1473] 
488    INFO   [08-31 17:34:30.882] QtAPI: Started! [QtAPI.cpp:77] 
488    FATAL  [08-31 17:34:30.883] GTA::QtAPI::CApiCfg::LoadBrokerInfos: can't find any broker config file in ./brokers! [ApiCfg.cpp:263] 
488    INFO   [08-31 17:34:32.051] GTA::QtAPI::UpdateAuthInfo: RtQuote authorized! [QtAuth.cpp:162] 
488    INFO   [08-31 17:34:32.051] GTA::QtAPI::UpdateAuthInfo: ArQuote authorized! [QtAuth.cpp:173] 
488    INFO   [08-31 17:34:32.226] OnAuthChanged Started! [QtAPI.cpp:139] 
488    INFO   [08-31 17:34:32.226] GTA::QtAPI::QtLogin: success! [QtAPI.cpp:146] 
488    INFO   [08-31 17:34:33.405] GTA::QtAPI::GetPlateSymbols: success! [QuoteAPI.cpp:1470] 
488    INFO   [08-31 17:34:33.464] GTA::QtAPI::GetPlateSymbols: finished! [QuoteAPI.cpp:1473] 
12216  INFO   [08-31 17:35:19.639] QtAPI: Started! [QtAPI.cpp:77] 
12216  FATAL  [08-31 17:35:19.639] GTA::QtAPI::CApiCfg::LoadBrokerInfos: can't find any broker config file in ./brokers! [ApiCfg.cpp:263] 
12216  INFO   [08-31 17:35:20.792] GTA::QtAPI::UpdateAuthInfo: RtQuote authorized! [QtAuth.cpp:162] 
12216  INFO   [08-31 17:35:20.793] GTA::QtAPI::UpdateAuthInfo: ArQuote authorized! [QtAuth.cpp:173] 
12216  INFO   [08-31 17:35:20.965] OnAuthChanged Started! [QtAPI.cpp:139] 
12216  INFO   [08-31 17:35:20.965] GTA::QtAPI::QtLogin: success! [QtAPI.cpp:146] 
12216  INFO   [08-31 17:35:21.889] GTA::QtAPI::GetPlateSymbols: success! [QuoteAPI.cpp:1470] 
12216  INFO   [08-31 17:35:21.936] GTA::QtAPI::GetPlateSymbols: finished! [QuoteAPI.cpp:1473] 
10288  INFO   [08-31 17:35:36.040] QtAPI: Started! [QtAPI.cpp:77] 
10288  FATAL  [08-31 17:35:36.041] GTA::QtAPI::CApiCfg::LoadBrokerInfos: can't find any broker config file in ./brokers! [ApiCfg.cpp:263] 
10288  INFO   [08-31 17:35:37.228] GTA::QtAPI::UpdateAuthInfo: RtQuote authorized! [QtAuth.cpp:162] 
10288  INFO   [08-31 17:35:37.228] GTA::QtAPI::UpdateAuthInfo: ArQuote authorized! [QtAuth.cpp:173] 
10288  INFO   [08-31 17:35:37.451] OnAuthChanged Started! [QtAPI.cpp:139] 
10288  INFO   [08-31 17:35:37.451] GTA::QtAPI::QtLogin: success! [QtAPI.cpp:146] 
10288  INFO   [08-31 17:35:38.097] GTA::QtAPI::GetPlateSymbols: success! [QuoteAPI.cpp:1470] 
10288  INFO   [08-31 17:35:38.145] GTA::QtAPI::GetPlateSymbols: finished! [QuoteAPI.cpp:1473] 
6444   INFO   [08-31 17:48:37.368] QtAPI: Started! [QtAPI.cpp:77] 
6444   FATAL  [08-31 17:48:37.369] GTA::QtAPI::CApiCfg::LoadBrokerInfos: can't find any broker config file in ./brokers! [ApiCfg.cpp:263] 
6444   INFO   [08-31 17:48:38.531] GTA::QtAPI::UpdateAuthInfo: RtQuote authorized! [QtAuth.cpp:162] 
6444   INFO   [08-31 17:48:38.531] GTA::QtAPI::UpdateAuthInfo: ArQuote authorized! [QtAuth.cpp:173] 
6444   INFO   [08-31 17:48:38.721] OnAuthChanged Started! [QtAPI.cpp:139] 
6444   INFO   [08-31 17:48:38.721] GTA::QtAPI::QtLogin: success! [QtAPI.cpp:146] 
6444   INFO   [08-31 17:48:39.602] GTA::QtAPI::GetPlateSymbols: success! [QuoteAPI.cpp:1470] 
6444   INFO   [08-31 17:48:39.660] GTA::QtAPI::GetPlateSymbols: finished! [QuoteAPI.cpp:1473] 
6444   ERROR  [08-31 17:48:39.741] GTA::QtAPI::QtLogout: success! [QtAPI.cpp:276] 
5788   INFO   [08-31 17:52:28.885] QtAPI: Started! [QtAPI.cpp:77] 
5788   FATAL  [08-31 17:52:28.886] GTA::QtAPI::CApiCfg::LoadBrokerInfos: can't find any broker config file in ./brokers! [ApiCfg.cpp:263] 
5788   INFO   [08-31 17:52:30.029] GTA::QtAPI::UpdateAuthInfo: RtQuote authorized! [QtAuth.cpp:162] 
5788   INFO   [08-31 17:52:30.029] GTA::QtAPI::UpdateAuthInfo: ArQuote authorized! [QtAuth.cpp:173] 
5788   INFO   [08-31 17:52:30.201] OnAuthChanged Started! [QtAPI.cpp:139] 
5788   INFO   [08-31 17:52:30.202] GTA::QtAPI::QtLogin: success! [QtAPI.cpp:146] 
5788   INFO   [08-31 17:52:31.140] GTA::QtAPI::GetPlateSymbols: success! [QuoteAPI.cpp:1470] 
5788   INFO   [08-31 17:52:31.185] GTA::QtAPI::GetPlateSymbols: finished! [QuoteAPI.cpp:1473] 
5788   ERROR  [08-31 17:52:31.266] GTA::QtAPI::QtLogout: success! [QtAPI.cpp:276] 
3872   INFO   [08-31 17:57:05.303] QtAPI: Started! [QtAPI.cpp:77] 
3872   FATAL  [08-31 17:57:05.304] GTA::QtAPI::CApiCfg::LoadBrokerInfos: can't find any broker config file in ./brokers! [ApiCfg.cpp:263] 
3872   INFO   [08-31 17:57:06.411] GTA::QtAPI::UpdateAuthInfo: RtQuote authorized! [QtAuth.cpp:162] 
3872   INFO   [08-31 17:57:06.411] GTA::QtAPI::UpdateAuthInfo: ArQuote authorized! [QtAuth.cpp:173] 
3872   INFO   [08-31 17:57:06.581] OnAuthChanged Started! [QtAPI.cpp:139] 
3872   INFO   [08-31 17:57:06.581] GTA::QtAPI::QtLogin: success! [QtAPI.cpp:146] 
3872   INFO   [08-31 17:57:07.463] GTA::QtAPI::GetPlateSymbols: success! [QuoteAPI.cpp:1470] 
3872   INFO   [08-31 17:57:07.511] GTA::QtAPI::GetPlateSymbols: finished! [QuoteAPI.cpp:1473] 
12260  INFO   [08-31 17:59:10.059] QtAPI: Started! [QtAPI.cpp:77] 
12260  FATAL  [08-31 17:59:10.060] GTA::QtAPI::CApiCfg::LoadBrokerInfos: can't find any broker config file in ./brokers! [ApiCfg.cpp:263] 
12260  INFO   [08-31 17:59:11.206] GTA::QtAPI::UpdateAuthInfo: RtQuote authorized! [QtAuth.cpp:162] 
12260  INFO   [08-31 17:59:11.206] GTA::QtAPI::UpdateAuthInfo: ArQuote authorized! [QtAuth.cpp:173] 
12260  INFO   [08-31 17:59:11.423] OnAuthChanged Started! [QtAPI.cpp:139] 
12260  INFO   [08-31 17:59:11.424] GTA::QtAPI::QtLogin: success! [QtAPI.cpp:146] 
12260  INFO   [08-31 17:59:12.571] GTA::QtAPI::GetPlateSymbols: success! [QuoteAPI.cpp:1470] 
12260  INFO   [08-31 17:59:12.625] GTA::QtAPI::GetPlateSymbols: finished! [QuoteAPI.cpp:1473] 
12260  ERROR  [08-31 17:59:12.706] GTA::QtAPI::QtLogout: success! [QtAPI.cpp:276] 
9876   INFO   [08-31 18:00:13.300] QtAPI: Started! [QtAPI.cpp:77] 
9876   FATAL  [08-31 18:00:13.301] GTA::QtAPI::CApiCfg::LoadBrokerInfos: can't find any broker config file in ./brokers! [ApiCfg.cpp:263] 
9876   INFO   [08-31 18:00:14.391] GTA::QtAPI::UpdateAuthInfo: RtQuote authorized! [QtAuth.cpp:162] 
9876   INFO   [08-31 18:00:14.392] GTA::QtAPI::UpdateAuthInfo: ArQuote authorized! [QtAuth.cpp:173] 
9876   INFO   [08-31 18:00:14.575] OnAuthChanged Started! [QtAPI.cpp:139] 
9876   INFO   [08-31 18:00:14.576] GTA::QtAPI::QtLogin: success! [QtAPI.cpp:146] 
9876   INFO   [08-31 18:00:15.514] GTA::QtAPI::GetPlateSymbols: success! [QuoteAPI.cpp:1470] 
9876   INFO   [08-31 18:00:15.570] GTA::QtAPI::GetPlateSymbols: finished! [QuoteAPI.cpp:1473] 
9876   ERROR  [08-31 18:00:15.658] GTA::QtAPI::QtLogout: success! [QtAPI.cpp:276] 
11628  INFO   [08-31 18:01:18.103] QtAPI: Started! [QtAPI.cpp:77] 
11628  FATAL  [08-31 18:01:18.103] GTA::QtAPI::CApiCfg::LoadBrokerInfos: can't find any broker config file in ./brokers! [ApiCfg.cpp:263] 
11628  INFO   [08-31 18:01:19.234] GTA::QtAPI::UpdateAuthInfo: RtQuote authorized! [QtAuth.cpp:162] 
11628  INFO   [08-31 18:01:19.234] GTA::QtAPI::UpdateAuthInfo: ArQuote authorized! [QtAuth.cpp:173] 
11628  INFO   [08-31 18:01:19.407] OnAuthChanged Started! [QtAPI.cpp:139] 
11628  INFO   [08-31 18:01:19.407] GTA::QtAPI::QtLogin: success! [QtAPI.cpp:146] 
11628  INFO   [08-31 18:01:20.256] GTA::QtAPI::GetPlateSymbols: success! [QuoteAPI.cpp:1470] 
11628  INFO   [08-31 18:01:20.308] GTA::QtAPI::GetPlateSymbols: finished! [QuoteAPI.cpp:1473] 
1308   INFO   [08-31 18:01:41.011] QtAPI: Started! [QtAPI.cpp:77] 
1308   FATAL  [08-31 18:01:41.011] GTA::QtAPI::CApiCfg::LoadBrokerInfos: can't find any broker config file in ./brokers! [ApiCfg.cpp:263] 
1308   INFO   [08-31 18:01:42.092] GTA::QtAPI::UpdateAuthInfo: RtQuote authorized! [QtAuth.cpp:162] 
1308   INFO   [08-31 18:01:42.092] GTA::QtAPI::UpdateAuthInfo: ArQuote authorized! [QtAuth.cpp:173] 
1308   INFO   [08-31 18:01:42.307] OnAuthChanged Started! [QtAPI.cpp:139] 
1308   INFO   [08-31 18:01:42.307] GTA::QtAPI::QtLogin: success! [QtAPI.cpp:146] 
1308   INFO   [08-31 18:01:43.156] GTA::QtAPI::GetPlateSymbols: success! [QuoteAPI.cpp:1470] 
1308   INFO   [08-31 18:01:43.205] GTA::QtAPI::GetPlateSymbols: finished! [QuoteAPI.cpp:1473] 
1308   ERROR  [08-31 18:01:43.287] GTA::QtAPI::QtLogout: success! [QtAPI.cpp:276] 
9144   INFO   [08-31 18:01:57.507] QtAPI: Started! [QtAPI.cpp:77] 
9144   FATAL  [08-31 18:01:57.508] GTA::QtAPI::CApiCfg::LoadBrokerInfos: can't find any broker config file in ./brokers! [ApiCfg.cpp:263] 
9144   INFO   [08-31 18:01:58.622] GTA::QtAPI::UpdateAuthInfo: RtQuote authorized! [QtAuth.cpp:162] 
9144   INFO   [08-31 18:01:58.622] GTA::QtAPI::UpdateAuthInfo: ArQuote authorized! [QtAuth.cpp:173] 
9144   INFO   [08-31 18:01:58.851] OnAuthChanged Started! [QtAPI.cpp:139] 
9144   INFO   [08-31 18:01:58.852] GTA::QtAPI::QtLogin: success! [QtAPI.cpp:146] 
9144   INFO   [08-31 18:01:59.958] GTA::QtAPI::GetPlateSymbols: success! [QuoteAPI.cpp:1470] 
9144   INFO   [08-31 18:02:00.012] GTA::QtAPI::GetPlateSymbols: finished! [QuoteAPI.cpp:1473] 
9144   ERROR  [08-31 18:02:00.092] GTA::QtAPI::QtLogout: success! [QtAPI.cpp:276] 
10056  INFO   [08-31 18:04:15.954] QtAPI: Started! [QtAPI.cpp:77] 
10056  FATAL  [08-31 18:04:15.954] GTA::QtAPI::CApiCfg::LoadBrokerInfos: can't find any broker config file in ./brokers! [ApiCfg.cpp:263] 
10056  INFO   [08-31 18:04:17.026] GTA::QtAPI::UpdateAuthInfo: RtQuote authorized! [QtAuth.cpp:162] 
10056  INFO   [08-31 18:04:17.027] GTA::QtAPI::UpdateAuthInfo: ArQuote authorized! [QtAuth.cpp:173] 
10056  INFO   [08-31 18:04:17.198] OnAuthChanged Started! [QtAPI.cpp:139] 
10056  INFO   [08-31 18:04:17.198] GTA::QtAPI::QtLogin: success! [QtAPI.cpp:146] 
10056  INFO   [08-31 18:04:18.230] GTA::QtAPI::GetPlateSymbols: success! [QuoteAPI.cpp:1470] 
10056  INFO   [08-31 18:04:18.277] GTA::QtAPI::GetPlateSymbols: finished! [QuoteAPI.cpp:1473] 
10056  INFO   [08-31 18:04:19.417] GTA::QtAPI::GetDataByTime: success! [QuoteAPI.cpp:1622] 
10056  INFO   [08-31 18:04:19.461] GTA::QtAPI::GetDataByTime: finished! [QuoteAPI.cpp:1625] 
10056  ERROR  [08-31 18:04:19.563] GTA::QtAPI::QtLogout: success! [QtAPI.cpp:276] 
10392  INFO   [08-31 18:05:07.646] QtAPI: Started! [QtAPI.cpp:77] 
10392  FATAL  [08-31 18:05:07.646] GTA::QtAPI::CApiCfg::LoadBrokerInfos: can't find any broker config file in ./brokers! [ApiCfg.cpp:263] 
10392  INFO   [08-31 18:05:08.762] GTA::QtAPI::UpdateAuthInfo: RtQuote authorized! [QtAuth.cpp:162] 
10392  INFO   [08-31 18:05:08.762] GTA::QtAPI::UpdateAuthInfo: ArQuote authorized! [QtAuth.cpp:173] 
10392  INFO   [08-31 18:05:08.936] OnAuthChanged Started! [QtAPI.cpp:139] 
10392  INFO   [08-31 18:05:08.936] GTA::QtAPI::QtLogin: success! [QtAPI.cpp:146] 
10392  INFO   [08-31 18:05:09.980] GTA::QtAPI::GetPlateSymbols: success! [QuoteAPI.cpp:1470] 
10392  INFO   [08-31 18:05:10.037] GTA::QtAPI::GetPlateSymbols: finished! [QuoteAPI.cpp:1473] 
10392  INFO   [08-31 18:05:11.285] GTA::QtAPI::GetDataByTime: success! [QuoteAPI.cpp:1622] 
10392  INFO   [08-31 18:05:11.338] GTA::QtAPI::GetDataByTime: finished! [QuoteAPI.cpp:1625] 
10392  ERROR  [08-31 18:05:11.440] GTA::QtAPI::QtLogout: success! [QtAPI.cpp:276] 
10480  INFO   [08-31 18:23:04.388] QtAPI: Started! [QtAPI.cpp:77] 
10480  FATAL  [08-31 18:23:04.389] GTA::QtAPI::CApiCfg::LoadBrokerInfos: can't find any broker config file in ./brokers! [ApiCfg.cpp:263] 
10480  INFO   [08-31 18:23:08.910] GTA::QtAPI::UpdateAuthInfo: RtQuote authorized! [QtAuth.cpp:162] 
10480  INFO   [08-31 18:23:08.911] GTA::QtAPI::UpdateAuthInfo: ArQuote authorized! [QtAuth.cpp:173] 
10480  INFO   [08-31 18:23:09.130] OnAuthChanged Started! [QtAPI.cpp:139] 
10480  INFO   [08-31 18:23:09.131] GTA::QtAPI::QtLogin: success! [QtAPI.cpp:146] 
10480  INFO   [08-31 18:23:10.101] GTA::QtAPI::GetPlateSymbols: success! [QuoteAPI.cpp:1470] 
10480  INFO   [08-31 18:23:10.147] GTA::QtAPI::GetPlateSymbols: finished! [QuoteAPI.cpp:1473] 
10480  INFO   [08-31 18:23:11.298] GTA::QtAPI::GetDataByTime: success! [QuoteAPI.cpp:1622] 
10480  INFO   [08-31 18:23:11.342] GTA::QtAPI::GetDataByTime: finished! [QuoteAPI.cpp:1625] 
10480  ERROR  [08-31 18:23:11.422] GTA::QtAPI::QtLogout: success! [QtAPI.cpp:276] 
11228  INFO   [08-31 18:35:20.356] QtAPI: Started! [QtAPI.cpp:77] 
11228  FATAL  [08-31 18:35:20.357] GTA::QtAPI::CApiCfg::LoadBrokerInfos: can't find any broker config file in ./brokers! [ApiCfg.cpp:263] 
11228  INFO   [08-31 18:35:21.419] GTA::QtAPI::UpdateAuthInfo: RtQuote authorized! [QtAuth.cpp:162] 
11228  INFO   [08-31 18:35:21.420] GTA::QtAPI::UpdateAuthInfo: ArQuote authorized! [QtAuth.cpp:173] 
11228  INFO   [08-31 18:35:21.604] OnAuthChanged Started! [QtAPI.cpp:139] 
11228  INFO   [08-31 18:35:21.604] GTA::QtAPI::QtLogin: success! [QtAPI.cpp:146] 
11228  INFO   [08-31 18:35:22.565] GTA::QtAPI::GetPlateSymbols: success! [QuoteAPI.cpp:1470] 
11228  INFO   [08-31 18:35:22.622] GTA::QtAPI::GetPlateSymbols: finished! [QuoteAPI.cpp:1473] 
10616  INFO   [08-31 18:36:33.105] QtAPI: Started! [QtAPI.cpp:77] 
10616  FATAL  [08-31 18:36:33.106] GTA::QtAPI::CApiCfg::LoadBrokerInfos: can't find any broker config file in ./brokers! [ApiCfg.cpp:263] 
10616  INFO   [08-31 18:36:34.225] GTA::QtAPI::UpdateAuthInfo: RtQuote authorized! [QtAuth.cpp:162] 
10616  INFO   [08-31 18:36:34.225] GTA::QtAPI::UpdateAuthInfo: ArQuote authorized! [QtAuth.cpp:173] 
10616  INFO   [08-31 18:36:34.396] OnAuthChanged Started! [QtAPI.cpp:139] 
10616  INFO   [08-31 18:36:34.396] GTA::QtAPI::QtLogin: success! [QtAPI.cpp:146] 
10616  INFO   [08-31 18:36:35.517] GTA::QtAPI::GetPlateSymbols: success! [QuoteAPI.cpp:1470] 
10616  INFO   [08-31 18:36:35.561] GTA::QtAPI::GetPlateSymbols: finished! [QuoteAPI.cpp:1473] 
10616  INFO   [08-31 18:36:36.099] GTA::QtAPI::GetDataByTime: success! [QuoteAPI.cpp:1622] 
10616  INFO   [08-31 18:36:36.157] GTA::QtAPI::GetDataByTime: finished! [QuoteAPI.cpp:1625] 
10616  INFO   [08-31 18:36:36.638] GTA::QtAPI::GetDataByTime: success! [QuoteAPI.cpp:1622] 
10616  INFO   [08-31 18:36:36.681] GTA::QtAPI::GetDataByTime: finished! [QuoteAPI.cpp:1625] 
10616  INFO   [08-31 18:36:37.138] GTA::QtAPI::GetDataByTime: success! [QuoteAPI.cpp:1622] 
10616  INFO   [08-31 18:36:37.185] GTA::QtAPI::GetDataByTime: finished! [QuoteAPI.cpp:1625] 
10616  INFO   [08-31 18:36:37.654] GTA::QtAPI::GetDataByTime: success! [QuoteAPI.cpp:1622] 
10616  INFO   [08-31 18:36:37.707] GTA::QtAPI::GetDataByTime: finished! [QuoteAPI.cpp:1625] 
10616  INFO   [08-31 18:36:38.128] GTA::QtAPI::GetDataByTime: success! [QuoteAPI.cpp:1622] 
10616  INFO   [08-31 18:36:38.183] GTA::QtAPI::GetDataByTime: finished! [QuoteAPI.cpp:1625] 
10616  INFO   [08-31 18:36:38.752] GTA::QtAPI::GetDataByTime: success! [QuoteAPI.cpp:1622] 
10616  INFO   [08-31 18:36:38.795] GTA::QtAPI::GetDataByTime: finished! [QuoteAPI.cpp:1625] 
10616  INFO   [08-31 18:36:39.243] GTA::QtAPI::GetDataByTime: success! [QuoteAPI.cpp:1622] 
10616  INFO   [08-31 18:36:39.297] GTA::QtAPI::GetDataByTime: finished! [QuoteAPI.cpp:1625] 
10616  INFO   [08-31 18:36:39.795] GTA::QtAPI::GetDataByTime: success! [QuoteAPI.cpp:1622] 
10616  INFO   [08-31 18:36:39.838] GTA::QtAPI::GetDataByTime: finished! [QuoteAPI.cpp:1625] 
10616  INFO   [08-31 18:36:40.305] GTA::QtAPI::GetDataByTime: success! [QuoteAPI.cpp:1622] 
10616  INFO   [08-31 18:36:40.351] GTA::QtAPI::GetDataByTime: finished! [QuoteAPI.cpp:1625] 
10616  INFO   [08-31 18:36:40.723] GTA::QtAPI::GetDataByTime: success! [QuoteAPI.cpp:1622] 
10616  INFO   [08-31 18:36:41.074] GTA::QtAPI::GetDataByTime: finished! [QuoteAPI.cpp:1625] 
10616  ERROR  [08-31 18:36:41.146] GTA::QtAPI::QtLogout: success! [QtAPI.cpp:276] 
8544   INFO   [08-31 18:37:00.124] QtAPI: Started! [QtAPI.cpp:77] 
8544   FATAL  [08-31 18:37:00.124] GTA::QtAPI::CApiCfg::LoadBrokerInfos: can't find any broker config file in ./brokers! [ApiCfg.cpp:263] 
8544   INFO   [08-31 18:37:01.222] GTA::QtAPI::UpdateAuthInfo: RtQuote authorized! [QtAuth.cpp:162] 
8544   INFO   [08-31 18:37:01.222] GTA::QtAPI::UpdateAuthInfo: ArQuote authorized! [QtAuth.cpp:173] 
8544   INFO   [08-31 18:37:01.404] OnAuthChanged Started! [QtAPI.cpp:139] 
8544   INFO   [08-31 18:37:01.404] GTA::QtAPI::QtLogin: success! [QtAPI.cpp:146] 
8544   INFO   [08-31 18:37:02.292] GTA::QtAPI::GetPlateSymbols: success! [QuoteAPI.cpp:1470] 
8544   INFO   [08-31 18:37:02.339] GTA::QtAPI::GetPlateSymbols: finished! [QuoteAPI.cpp:1473] 
8544   INFO   [08-31 18:37:03.572] GTA::QtAPI::GetDataByTime: success! [QuoteAPI.cpp:1622] 
8544   INFO   [08-31 18:37:03.616] GTA::QtAPI::GetDataByTime: finished! [QuoteAPI.cpp:1625] 
8544   INFO   [08-31 18:37:04.225] GTA::QtAPI::GetDataByTime: success! [QuoteAPI.cpp:1622] 
8544   INFO   [08-31 18:37:04.275] GTA::QtAPI::GetDataByTime: finished! [QuoteAPI.cpp:1625] 
8544   INFO   [08-31 18:37:04.759] GTA::QtAPI::GetDataByTime: success! [QuoteAPI.cpp:1622] 
8544   INFO   [08-31 18:37:04.803] GTA::QtAPI::GetDataByTime: finished! [QuoteAPI.cpp:1625] 
8544   INFO   [08-31 18:37:05.368] GTA::QtAPI::GetDataByTime: success! [QuoteAPI.cpp:1622] 
8544   INFO   [08-31 18:37:05.412] GTA::QtAPI::GetDataByTime: finished! [QuoteAPI.cpp:1625] 
8544   INFO   [08-31 18:37:05.896] GTA::QtAPI::GetDataByTime: success! [QuoteAPI.cpp:1622] 
8544   INFO   [08-31 18:37:05.938] GTA::QtAPI::GetDataByTime: finished! [QuoteAPI.cpp:1625] 
8544   INFO   [08-31 18:37:06.424] GTA::QtAPI::GetDataByTime: success! [QuoteAPI.cpp:1622] 
8544   INFO   [08-31 18:37:06.468] GTA::QtAPI::GetDataByTime: finished! [QuoteAPI.cpp:1625] 
8544   INFO   [08-31 18:37:07.063] GTA::QtAPI::GetDataByTime: success! [QuoteAPI.cpp:1622] 
8544   INFO   [08-31 18:37:07.117] GTA::QtAPI::GetDataByTime: finished! [QuoteAPI.cpp:1625] 
8544   INFO   [08-31 18:37:07.600] GTA::QtAPI::GetDataByTime: success! [QuoteAPI.cpp:1622] 
8544   INFO   [08-31 18:37:07.645] GTA::QtAPI::GetDataByTime: finished! [QuoteAPI.cpp:1625] 
8544   INFO   [08-31 18:37:08.201] GTA::QtAPI::GetDataByTime: success! [QuoteAPI.cpp:1622] 
8544   INFO   [08-31 18:37:08.242] GTA::QtAPI::GetDataByTime: finished! [QuoteAPI.cpp:1625] 
8544   INFO   [08-31 18:37:08.821] GTA::QtAPI::GetDataByTime: success! [QuoteAPI.cpp:1622] 
8544   INFO   [08-31 18:37:08.873] GTA::QtAPI::GetDataByTime: finished! [QuoteAPI.cpp:1625] 
8544   ERROR  [08-31 18:37:08.952] GTA::QtAPI::QtLogout: success! [QtAPI.cpp:276] 
9412   INFO   [08-31 18:39:00.557] QtAPI: Started! [QtAPI.cpp:77] 
9412   FATAL  [08-31 18:39:00.558] GTA::QtAPI::CApiCfg::LoadBrokerInfos: can't find any broker config file in ./brokers! [ApiCfg.cpp:263] 
9412   INFO   [08-31 18:39:01.677] GTA::QtAPI::UpdateAuthInfo: RtQuote authorized! [QtAuth.cpp:162] 
9412   INFO   [08-31 18:39:01.677] GTA::QtAPI::UpdateAuthInfo: ArQuote authorized! [QtAuth.cpp:173] 
9412   INFO   [08-31 18:39:01.882] OnAuthChanged Started! [QtAPI.cpp:139] 
9412   INFO   [08-31 18:39:01.882] GTA::QtAPI::QtLogin: success! [QtAPI.cpp:146] 
9412   INFO   [08-31 18:39:02.388] GTA::QtAPI::GetDataByTime: success! [QuoteAPI.cpp:1622] 
9412   INFO   [08-31 18:39:02.439] GTA::QtAPI::GetDataByTime: finished! [QuoteAPI.cpp:1625] 
9412   ERROR  [08-31 18:39:02.512] GTA::QtAPI::QtLogout: success! [QtAPI.cpp:276] 
11868  INFO   [09-01 10:03:36.088] QtAPI: Started! [QtAPI.cpp:77] 
11868  FATAL  [09-01 10:03:36.089] GTA::QtAPI::CApiCfg::LoadBrokerInfos: can't find any broker config file in ./brokers! [ApiCfg.cpp:263] 
11868  INFO   [09-01 10:03:37.447] OnAuthChanged Started! [QtAPI.cpp:139] 
11868  INFO   [09-01 10:03:37.447] GTA::QtAPI::QtLogin: success! [QtAPI.cpp:146] 
11868  ERROR  [09-01 10:03:37.448] GTA::QtAPI::GetPlateSymbols: authority error! [QuoteAPI.cpp:1451] 
10516  INFO   [09-01 10:04:39.094] QtAPI: Started! [QtAPI.cpp:77] 
10516  FATAL  [09-01 10:04:39.100] GTA::QtAPI::CApiCfg::LoadBrokerInfos: can't find any broker config file in ./brokers! [ApiCfg.cpp:263] 
10516  INFO   [09-01 10:04:40.364] OnAuthChanged Started! [QtAPI.cpp:139] 
10516  INFO   [09-01 10:04:40.364] GTA::QtAPI::QtLogin: success! [QtAPI.cpp:146] 
10516  ERROR  [09-01 10:04:40.365] GTA::QtAPI::GetPlateSymbols: authority error! [QuoteAPI.cpp:1451] 
11628  INFO   [09-01 10:05:16.411] QtAPI: Started! [QtAPI.cpp:77] 
11628  FATAL  [09-01 10:05:16.412] GTA::QtAPI::CApiCfg::LoadBrokerInfos: can't find any broker config file in ./brokers! [ApiCfg.cpp:263] 
11628  INFO   [09-01 10:05:17.639] OnAuthChanged Started! [QtAPI.cpp:139] 
11628  INFO   [09-01 10:05:17.640] GTA::QtAPI::QtLogin: success! [QtAPI.cpp:146] 
11628  ERROR  [09-01 10:05:17.641] GTA::QtAPI::GetPlateSymbols: authority error! [QuoteAPI.cpp:1451] 
11628  ERROR  [09-01 10:05:17.707] GTA::QtAPI::QtLogout: success! [QtAPI.cpp:276] 
10108  INFO   [09-01 10:06:11.961] QtAPI: Started! [QtAPI.cpp:77] 
10108  FATAL  [09-01 10:06:11.962] GTA::QtAPI::CApiCfg::LoadBrokerInfos: can't find any broker config file in ./brokers! [ApiCfg.cpp:263] 
10108  INFO   [09-01 10:06:13.185] OnAuthChanged Started! [QtAPI.cpp:139] 
10108  INFO   [09-01 10:06:13.185] GTA::QtAPI::QtLogin: success! [QtAPI.cpp:146] 
10108  INFO   [09-01 10:06:13.252] GTA::QtAPI::GetExchanges: success! [QuoteAPI.cpp:1249] 
10108  INFO   [09-01 10:06:13.299] GTA::QtAPI::GetExchanges: finished! [QuoteAPI.cpp:1252] 
10108  ERROR  [09-01 10:06:13.371] GTA::QtAPI::QtLogout: success! [QtAPI.cpp:276] 
9360   INFO   [09-01 10:07:23.686] QtAPI: Started! [QtAPI.cpp:77] 
9360   FATAL  [09-01 10:07:23.686] GTA::QtAPI::CApiCfg::LoadBrokerInfos: can't find any broker config file in ./brokers! [ApiCfg.cpp:263] 
9360   INFO   [09-01 10:07:24.886] OnAuthChanged Started! [QtAPI.cpp:139] 
9360   INFO   [09-01 10:07:24.886] GTA::QtAPI::QtLogin: success! [QtAPI.cpp:146] 
9360   ERROR  [09-01 10:07:24.886] GTA::QtAPI::GetPlateSymbols: authority error! [QuoteAPI.cpp:1451] 
9360   ERROR  [09-01 10:07:24.953] GTA::QtAPI::QtLogout: success! [QtAPI.cpp:276] 
11072  INFO   [09-01 10:13:54.168] QtAPI: Started! [QtAPI.cpp:77] 
11072  FATAL  [09-01 10:13:54.168] GTA::QtAPI::CApiCfg::LoadBrokerInfos: can't find any broker config file in ./brokers! [ApiCfg.cpp:263] 
11072  INFO   [09-01 10:13:55.472] OnAuthChanged Started! [QtAPI.cpp:139] 
11072  INFO   [09-01 10:13:55.472] GTA::QtAPI::QtLogin: success! [QtAPI.cpp:146] 
11072  ERROR  [09-01 10:13:55.473] GTA::QtAPI::GetDataByTime: authority error! [QuoteAPI.cpp:1599] 
11072  ERROR  [09-01 10:13:55.540] GTA::QtAPI::QtLogout: success! [QtAPI.cpp:276] 
3828   INFO   [09-01 10:15:51.134] QtAPI: Started! [QtAPI.cpp:77] 
3828   FATAL  [09-01 10:15:51.135] GTA::QtAPI::CApiCfg::LoadBrokerInfos: can't find any broker config file in ./brokers! [ApiCfg.cpp:263] 
3828   INFO   [09-01 10:15:52.456] OnAuthChanged Started! [QtAPI.cpp:139] 
3828   INFO   [09-01 10:15:52.456] GTA::QtAPI::QtLogin: success! [QtAPI.cpp:146] 
3828   INFO   [09-01 10:15:52.506] GTA::QtAPI::GetTradeCalendar: success! [QuoteAPI.cpp:1331] 
3828   INFO   [09-01 10:15:52.539] GTA::QtAPI::GetTradeCalendar: finished! [QuoteAPI.cpp:1334] 
3828   ERROR  [09-01 10:15:52.612] GTA::QtAPI::QtLogout: success! [QtAPI.cpp:276] 
9340   INFO   [09-01 10:16:15.102] QtAPI: Started! [QtAPI.cpp:77] 
9340   FATAL  [09-01 10:16:15.103] GTA::QtAPI::CApiCfg::LoadBrokerInfos: can't find any broker config file in ./brokers! [ApiCfg.cpp:263] 
9340   INFO   [09-01 10:16:16.354] OnAuthChanged Started! [QtAPI.cpp:139] 
9340   INFO   [09-01 10:16:16.354] GTA::QtAPI::QtLogin: success! [QtAPI.cpp:146] 
9340   ERROR  [09-01 10:16:16.355] GTA::QtAPI::GetPlates: authority error! [QuoteAPI.cpp:1360] 
9340   ERROR  [09-01 10:16:16.424] GTA::QtAPI::QtLogout: success! [QtAPI.cpp:276] 
9016   INFO   [09-01 10:16:47.080] QtAPI: Started! [QtAPI.cpp:77] 
9016   FATAL  [09-01 10:16:47.081] GTA::QtAPI::CApiCfg::LoadBrokerInfos: can't find any broker config file in ./brokers! [ApiCfg.cpp:263] 
9016   INFO   [09-01 10:16:48.387] OnAuthChanged Started! [QtAPI.cpp:139] 
9016   INFO   [09-01 10:16:48.388] GTA::QtAPI::QtLogin: success! [QtAPI.cpp:146] 
9016   INFO   [09-01 10:16:48.436] GTA::QtAPI::GetExchanges: success! [QuoteAPI.cpp:1249] 
9016   INFO   [09-01 10:16:48.485] GTA::QtAPI::GetExchanges: finished! [QuoteAPI.cpp:1252] 
9016   ERROR  [09-01 10:16:48.554] GTA::QtAPI::QtLogout: success! [QtAPI.cpp:276] 
9020   INFO   [09-04 10:53:58.924] QtAPI: Started! [QtAPI.cpp:77] 
9020   FATAL  [09-04 10:53:58.924] GTA::QtAPI::CApiCfg::LoadBrokerInfos: can't find any broker config file in ./brokers! [ApiCfg.cpp:263] 
9020   INFO   [09-04 10:54:04.558] OnAuthChanged Started! [QtAPI.cpp:139] 
9020   INFO   [09-04 10:54:04.558] GTA::QtAPI::QtLogin: success! [QtAPI.cpp:146] 
11004  INFO   [09-04 10:54:25.977] QtAPI: Started! [QtAPI.cpp:77] 
11004  FATAL  [09-04 10:54:25.977] GTA::QtAPI::CApiCfg::LoadBrokerInfos: can't find any broker config file in ./brokers! [ApiCfg.cpp:263] 
11004  INFO   [09-04 10:54:30.062] OnAuthChanged Started! [QtAPI.cpp:139] 
11004  INFO   [09-04 10:54:30.062] GTA::QtAPI::QtLogin: success! [QtAPI.cpp:146] 
2868   INFO   [09-04 10:55:39.226] QtAPI: Started! [QtAPI.cpp:77] 
2868   FATAL  [09-04 10:55:39.226] GTA::QtAPI::CApiCfg::LoadBrokerInfos: can't find any broker config file in ./brokers! [ApiCfg.cpp:263] 
2868   INFO   [09-04 10:55:43.328] OnAuthChanged Started! [QtAPI.cpp:139] 
2868   INFO   [09-04 10:55:43.328] GTA::QtAPI::QtLogin: success! [QtAPI.cpp:146] 
2868   ERROR  [09-04 10:55:46.413] GTA::QtAPI::QtLogout: success! [QtAPI.cpp:276] 
10584  INFO   [09-04 10:57:26.771] QtAPI: Started! [QtAPI.cpp:77] 
10584  FATAL  [09-04 10:57:26.771] GTA::QtAPI::CApiCfg::LoadBrokerInfos: can't find any broker config file in ./brokers! [ApiCfg.cpp:263] 
10584  INFO   [09-04 10:57:30.872] OnAuthChanged Started! [QtAPI.cpp:139] 
10584  INFO   [09-04 10:57:30.872] GTA::QtAPI::QtLogin: success! [QtAPI.cpp:146] 
10584  ERROR  [09-04 10:57:33.956] GTA::QtAPI::QtLogout: success! [QtAPI.cpp:276] 
6308   INFO   [09-04 10:58:26.752] QtAPI: Started! [QtAPI.cpp:77] 
6308   FATAL  [09-04 10:58:26.753] GTA::QtAPI::CApiCfg::LoadBrokerInfos: can't find any broker config file in ./brokers! [ApiCfg.cpp:263] 
6308   INFO   [09-04 10:58:30.914] OnAuthChanged Started! [QtAPI.cpp:139] 
6308   INFO   [09-04 10:58:30.914] GTA::QtAPI::QtLogin: success! [QtAPI.cpp:146] 
6308   ERROR  [09-04 10:58:34.000] GTA::QtAPI::QtLogout: success! [QtAPI.cpp:276] 
9476   INFO   [09-04 12:46:09.496] QtAPI: Started! [QtAPI.cpp:77] 
9476   FATAL  [09-04 12:46:09.496] GTA::QtAPI::CApiCfg::LoadBrokerInfos: can't find any broker config file in ./brokers! [ApiCfg.cpp:263] 
9476   INFO   [09-04 12:46:13.585] OnAuthChanged Started! [QtAPI.cpp:139] 
9476   INFO   [09-04 12:46:13.585] GTA::QtAPI::QtLogin: success! [QtAPI.cpp:146] 
9476   ERROR  [09-04 12:46:16.669] GTA::QtAPI::QtLogout: success! [QtAPI.cpp:276] 
8896   INFO   [09-04 13:01:34.731] QtAPI: Started! [QtAPI.cpp:77] 
8896   FATAL  [09-04 13:01:34.731] GTA::QtAPI::CApiCfg::LoadBrokerInfos: can't find any broker config file in ./brokers! [ApiCfg.cpp:263] 
8896   INFO   [09-04 13:01:38.855] OnAuthChanged Started! [QtAPI.cpp:139] 
8896   INFO   [09-04 13:01:38.855] GTA::QtAPI::QtLogin: success! [QtAPI.cpp:146] 
8896   ERROR  [09-04 13:01:41.910] GTA::QtAPI::QtLogout: success! [QtAPI.cpp:276] 
11704  INFO   [09-04 13:02:46.014] QtAPI: Started! [QtAPI.cpp:77] 
11704  FATAL  [09-04 13:02:46.014] GTA::QtAPI::CApiCfg::LoadBrokerInfos: can't find any broker config file in ./brokers! [ApiCfg.cpp:263] 
11704  INFO   [09-04 13:02:50.134] OnAuthChanged Started! [QtAPI.cpp:139] 
11704  INFO   [09-04 13:02:50.134] GTA::QtAPI::QtLogin: success! [QtAPI.cpp:146] 
11704  ERROR  [09-04 13:02:53.218] GTA::QtAPI::QtLogout: success! [QtAPI.cpp:276] 
7660   INFO   [09-04 13:03:43.482] QtAPI: Started! [QtAPI.cpp:77] 
7660   FATAL  [09-04 13:03:43.482] GTA::QtAPI::CApiCfg::LoadBrokerInfos: can't find any broker config file in ./brokers! [ApiCfg.cpp:263] 
7660   INFO   [09-04 13:03:47.620] OnAuthChanged Started! [QtAPI.cpp:139] 
7660   INFO   [09-04 13:03:47.620] GTA::QtAPI::QtLogin: success! [QtAPI.cpp:146] 
7660   ERROR  [09-04 13:03:50.686] GTA::QtAPI::QtLogout: success! [QtAPI.cpp:276] 
8572   INFO   [09-04 15:31:01.834] QtAPI: Started! [QtAPI.cpp:77] 
8572   FATAL  [09-04 15:31:01.834] GTA::QtAPI::CApiCfg::LoadBrokerInfos: can't find any broker config file in ./brokers! [ApiCfg.cpp:263] 
8572   INFO   [09-04 15:31:07.501] OnAuthChanged Started! [QtAPI.cpp:139] 
8572   INFO   [09-04 15:31:07.501] GTA::QtAPI::QtLogin: success! [QtAPI.cpp:146] 
8572   ERROR  [09-04 15:31:10.553] GTA::QtAPI::QtLogout: success! [QtAPI.cpp:276] 
900    INFO   [09-05 14:15:40.883] QtAPI: Started! [QtAPI.cpp:77] 
900    FATAL  [09-05 14:15:40.891] GTA::QtAPI::CApiCfg::LoadBrokerInfos: can't find any broker config file in ./brokers! [ApiCfg.cpp:263] 
900    INFO   [09-05 14:15:45.420] OnAuthChanged Started! [QtAPI.cpp:139] 
900    INFO   [09-05 14:15:45.421] GTA::QtAPI::QtLogin: success! [QtAPI.cpp:146] 
900    ERROR  [09-05 14:15:48.428] GTA::QtAPI::QtLogout: success! [QtAPI.cpp:276] 
3532   INFO   [09-05 14:16:13.200] QtAPI: Started! [QtAPI.cpp:77] 
3532   FATAL  [09-05 14:16:13.200] GTA::QtAPI::CApiCfg::LoadBrokerInfos: can't find any broker config file in ./brokers! [ApiCfg.cpp:263] 
3532   INFO   [09-05 14:16:17.261] OnAuthChanged Started! [QtAPI.cpp:139] 
3532   INFO   [09-05 14:16:17.262] GTA::QtAPI::QtLogin: success! [QtAPI.cpp:146] 
9100   INFO   [09-05 14:16:17.262] QtAPI: Started! [QtAPI.cpp:77] 
9100   INFO   [09-05 14:16:20.266] GTA::QtAPI::QtLogin: success! [QtAPI.cpp:146] 
5068   INFO   [09-05 14:16:20.266] QtAPI: Started! [QtAPI.cpp:77] 
5068   INFO   [09-05 14:16:20.410] GTA::QtAPI::QtLogin: success! [QtAPI.cpp:146] 
10160  INFO   [09-05 14:16:20.410] QtAPI: Started! [QtAPI.cpp:77] 
10160  INFO   [09-05 14:16:24.269] GTA::QtAPI::QtLogin: success! [QtAPI.cpp:146] 
3532   ERROR  [09-05 14:16:24.304] GTA::QtAPI::QtLogout: success! [QtAPI.cpp:276] 
11992  WARN   [09-05 14:16:25.266] GTA::QtAPI::OnAuthChanged: authority changed! [QtAuth.cpp:203] 
9100   ERROR  [09-05 14:16:25.269] GTA::QtAPI::QtLogout: Not the login user! [QtAPI.cpp:245] 
5068   ERROR  [09-05 14:16:26.269] GTA::QtAPI::QtLogout: Not the login user! [QtAPI.cpp:245] 
10160  ERROR  [09-05 14:16:27.269] GTA::QtAPI::QtLogout: Not the login user! [QtAPI.cpp:245] 
8480   INFO   [09-05 14:29:13.963] QtAPI: Started! [QtAPI.cpp:77] 
8480   FATAL  [09-05 14:29:13.963] GTA::QtAPI::CApiCfg::LoadBrokerInfos: can't find any broker config file in ./brokers! [ApiCfg.cpp:263] 
8480   INFO   [09-05 14:29:17.993] OnAuthChanged Started! [QtAPI.cpp:139] 
8480   INFO   [09-05 14:29:17.994] GTA::QtAPI::QtLogin: success! [QtAPI.cpp:146] 
8480   ERROR  [09-05 14:29:21.002] GTA::QtAPI::QtLogout: success! [QtAPI.cpp:276] 
10624  ERROR  [09-05 14:29:21.005] GTA::QtAPI::GetExchanges: QtAPI not initialized or authority error! [QuoteAPI.cpp:1230] 
10212  ERROR  [09-05 14:29:21.006] GTA::QtAPI::GetExchanges: QtAPI not initialized or authority error! [QuoteAPI.cpp:1230] 
10628  ERROR  [09-05 14:29:21.007] GTA::QtAPI::GetExchanges: QtAPI not initialized or authority error! [QuoteAPI.cpp:1230] 
7300   ERROR  [09-05 14:29:21.010] GTA::QtAPI::GetExchanges: QtAPI not initialized or authority error! [QuoteAPI.cpp:1230] 
